2025-01-27 09:29:38,109 - [INFO] - mailing_loop - Mailing set to 06:00 and 18:00
2025-01-27 09:29:38,110 - [INFO] - mailing_loop - Checking time...
2025-01-27 09:29:38,111 - [INFO] - start_polling - Start polling.
2025-01-27 09:29:45,364 - [INFO] - update_stats - User 640091837 commited 'start' action (1 in total)
2025-01-27 09:29:45,364 - [INFO] - update_stats - ['640091837']
2025-01-27 09:29:45,364 - [INFO] - update_stats - User 640091837 commited his first action in this session (1 in total)
2025-01-27 09:29:52,132 - [INFO] - update - Schedule updating started...
2025-01-27 09:29:52,581 - [INFO] - find_lines_with_urld_fitr - 



2025-01-27 09:29:52,581 - [INFO] - find_lines_with_urld_fitr - ['<p style="font-size: medium; font-weight: 400; text-align: left;"><a href="https://static.bntu.by/bntu/new/files/file_159ae318c7d98e26c3317b29fbb52719.xlsx"><span style="font-weight: 400;">Расписание учебных занятий студентов 3-го курса специальности <strong>1-40 01 01</strong> дневной формы получения образования с 27 января по 17 мая 2024-2025 учебного года</span></a></p>', '<p style="font-size: medium; font-weight: 400; text-align: left;"><a href="https://static.bntu.by/bntu/new/files/file_398ecbfb78e1ce2468ed18cea590abe9.xlsx"><span style="font-weight: 400;">Расписание учебных занятий студентов 3-го курса специальности <strong>1-40 05 01</strong> дневной формы получения образования с 27 января по 17 мая 2024-2025 учебного года</span></a></p>']
2025-01-27 09:29:52,581 - [INFO] - find_lines_with_urld_fitr - 



2025-01-27 09:29:53,402 - [INFO] - download_and_parse - Books are downloaded.
2025-01-27 09:29:53,402 - [INFO] - main - 


------------------------------------------------

2025-01-27 09:29:53,402 - [INFO] - main - parsing/sheets/ef_345_1.xls
2025-01-27 09:29:53,505 - [INFO] - parce_workbook_excel - 
----------------------------------
Book /Users/mivanoffka/Documents/Разработка/Python/BNTU_Timetable/parsing/sheets/ef_345_1.xls
2025-01-27 09:29:53,560 - [INFO] - reformat - 
Y: from 9-10 to 106; X: 0, 2; 
2025-01-27 09:29:53,561 - [INFO] - reformat - {'10601122': 2, '10601222': 2, '10602122': 2, '10602222': 2, '10603122': 2, '10603222': 2, '10603322': 2, '10609122': 2}
2025-01-27 09:29:53,561 - [INFO] - reformat - {0: {'8.00 - 9.35': 4, '9.55 - 11.30': 4, '11.40 - 13.15': 4, '13.55 - 15.30': 4}, 1: {'8.00 - 9.35': 4, '9.55 - 11.30': 4, '11.40 - 13.15': 4, '13.55 - 15.30': 4}, 2: {'8.00 - 9.35': 4, '9.55 - 11.30': 4, '11.40 - 13.15': 4, '13.55 - 15.30': 4}, 3: {'8.00 - 9.35': 4, '9.55 - 11.30': 4, '11.40 - 13.15': 4, '13.55 - 15.30': 4}, 4: {'8.00 - 9.35': 4, '9.55 - 11.30': 4, '11.40 - 13.15': 4, '13.55 - 15.30': 4}, 5: {'8.00 - 9.35': 4, '9.55 - 11.30': 4, '11.40 - 13.15': 4, '13.55 - 15.30': 4}}
2025-01-27 09:29:53,739 - [INFO] - parce_worksheet_excel - Sheet #1 was successfully parsed
2025-01-27 09:29:53,778 - [INFO] - reformat - 
Y: from 9-10 to 106; X: 0, 2; 
2025-01-27 09:29:53,779 - [INFO] - reformat - {'10601121': 2, '10601221': 2, '10602121': 2, '10602221': 2, '10603121': 2, '10603221': 2}
2025-01-27 09:29:53,779 - [INFO] - reformat - {0: {'8.00 - 9.35': 4, '9.55 - 11.30': 4, '11.40 - 13.15': 4, '13.55 - 15.30': 4}, 1: {'8.00 - 9.35': 4, '9.55 - 11.30': 4, '11.40 - 13.15': 4, '13.55 - 15.30': 4}, 2: {'8.00 - 9.35': 4, '9.55 - 11.30': 4, '11.40 - 13.15': 4, '13.55 - 15.30': 4}, 3: {'8.00 - 9.35': 4, '9.55 - 11.30': 4, '11.40 - 13.15': 4, '13.55 - 15.30': 4}, 4: {'8.00 - 9.35': 4, '9.55 - 11.30': 4, '11.40 - 13.15': 4, '13.55 - 15.30': 4}, 5: {'8.00 - 9.35': 4, '9.55 - 11.30': 4, '11.40 - 13.15': 4, '13.55 - 15.30': 4}}
2025-01-27 09:29:53,878 - [INFO] - parce_worksheet_excel - Sheet #2 was successfully parsed
2025-01-27 09:29:53,935 - [INFO] - reformat - 
Y: from 7-8 to 104; X: 0, 2; 
2025-01-27 09:29:53,935 - [INFO] - reformat - {'10601120': 2, '10601220': 2, '10602120': 2, '10602220': 2}
2025-01-27 09:29:53,935 - [INFO] - reformat - {0: {'8.00 - 9.35': 4, '9.55 - 11.30': 4, '11.40 - 13.15': 4, '13.55 - 15.30': 4}, 1: {'8.00 - 9.35': 4, '9.55 - 11.30': 4, '11.40 - 13.15': 4, '13.55 - 15.30': 4}, 2: {'8.00 - 9.35': 4, '9.55 - 11.30': 4, '11.40 - 13.15': 4, '13.55 - 15.30': 4}, 3: {'8.00 - 9.35': 4, '9.55 - 11.30': 4, '11.40 - 13.15': 4, '13.55 - 15.30': 4}, 4: {'8.00 - 9.35': 4, '9.55 - 11.30': 4, '11.40 - 13.15': 4, '13.55 - 15.30': 4}, 5: {'8.00 - 9.35': 4, '9.55 - 11.30': 4, '11.40 - 13.15': 4, '13.55 - 15.30': 4}}
2025-01-27 09:29:53,976 - [INFO] - parce_worksheet_excel - Sheet #3 was successfully parsed
2025-01-27 09:29:53,976 - [INFO] - main - 


------------------------------------------------

2025-01-27 09:29:53,977 - [INFO] - main - parsing/sheets/ef_345_2.xls
2025-01-27 09:29:54,046 - [INFO] - parce_workbook_excel - 
----------------------------------
Book /Users/mivanoffka/Documents/Разработка/Python/BNTU_Timetable/parsing/sheets/ef_345_2.xls
2025-01-27 09:29:54,115 - [INFO] - reformat - 
Y: from 10-11 to 107; X: 0, 4; 
2025-01-27 09:29:54,115 - [INFO] - reformat - {'10604122': 2, '10604222': 2, '10608122': 2, '10605122': 2, '10605222': 2, '10606122': 2, '10607122': 2}
2025-01-27 09:29:54,115 - [INFO] - reformat - {0: {'8.00-9.35': 4, '9.55-11.30': 4, '11.40-13.15': 4, '13.55-15.30': 4}, 1: {'8.00-9.35': 4, '9.55-11.30': 4, '11.40-13.15': 4, '13.55-15.30': 4}, 2: {'8.00-9.35': 4, '9.55-11.30': 4, '11.40-13.15': 4, '13.55-15.30': 4}, 3: {'8.00-9.35': 4, '9.55-11.30': 4, '11.40-13.15': 4, '13.55-15.30': 4}, 4: {'8.00-9.35': 4, '9.55-11.30': 4, '11.40-13.15': 4, '13.55-15.30': 4}, 5: {'8.00-9.35': 4, '9.55-11.30': 4, '11.40-13.15': 4, '13.55-15.30': 4}}
2025-01-27 09:29:54,230 - [INFO] - parce_worksheet_excel - Sheet #1 was successfully parsed
2025-01-27 09:29:54,316 - [INFO] - reformat - 
Y: from 10-11 to 107; X: 0, 4; 
2025-01-27 09:29:54,317 - [INFO] - reformat - {'10604121': 2, '10604221': 2, '10608121': 2, '10605121': 2, '10605221': 2, '10606121': 2, '10607121': 2}
2025-01-27 09:29:54,317 - [INFO] - reformat - {0: {'8.00-9.35': 4, '9.55-11.30': 4, '11.40-13.15': 4, '13.55-15.30': 4}, 1: {'8.00-9.35': 4, '9.55-11.30': 4, '11.40-13.15': 4, '13.55-15.30': 4}, 2: {'8.00-9.35': 4, '9.55-11.30': 4, '11.40-13.15': 4, '13.55-15.30': 4}, 3: {'8.00-9.35': 4, '9.55-11.30': 4, '11.40-13.15': 4, '13.55-15.30': 4}, 4: {'8.00-9.35': 4, '9.55-11.30': 4, '11.40-13.15': 4, '13.55-15.30': 4}, 5: {'8.00-9.35': 4, '9.55-11.30': 4, '11.40-13.15': 4, '13.55-15.30': 4}}
2025-01-27 09:29:54,417 - [INFO] - parce_worksheet_excel - Sheet #2 was successfully parsed
2025-01-27 09:29:54,468 - [INFO] - reformat - 
Y: from 10-11 to 107; X: 0, 4; 
2025-01-27 09:29:54,469 - [INFO] - reformat - {'10604120': 2, '10604220': 2, '10605120': 2, '10605220': 2, '10608120': 2}
2025-01-27 09:29:54,469 - [INFO] - reformat - {0: {'8.00-9.35': 4, '9.55-11.30': 4, '11.40-13.15': 4, '13.55-15.30': 4}, 1: {'8.00-9.35': 4, '9.55-11.30': 4, '11.40-13.15': 4, '13.55-15.30': 4}, 2: {'8.00-9.35': 4, '9.55-11.30': 4, '11.40-13.15': 4, '13.55-15.30': 4}, 3: {'8.00-9.35': 4, '9.55-11.30': 4, '11.40-13.15': 4, '13.55-15.30': 4}, 4: {'8.00-9.35': 4, '9.55-11.30': 4, '11.40-13.15': 4, '13.55-15.30': 4}, 5: {'8.00-9.35': 4, '9.55-11.30': 4, '11.40-13.15': 4, '13.55-15.30': 4}}
2025-01-27 09:29:54,533 - [INFO] - parce_worksheet_excel - Sheet #3 was successfully parsed
2025-01-27 09:29:54,533 - [INFO] - main - 


------------------------------------------------

2025-01-27 09:29:54,533 - [INFO] - main - parsing/sheets/1kurs.xls
2025-01-27 09:29:54,975 - [INFO] - parce_workbook_excel - 
----------------------------------
Book /Users/mivanoffka/Documents/Разработка/Python/BNTU_Timetable/parsing/sheets/1kurs.xls
2025-01-27 09:29:55,024 - [INFO] - reformat - 
Y: from 9-14 to 134; X: 0, 2; 
2025-01-27 09:29:55,024 - [INFO] - reformat - {'10111124': 4, '10111224': 4, '10114124': 4, '10115124': 4, '10117124': 4, '10104124': 4, '10104224': 4, '10104324': 4}
2025-01-27 09:29:55,025 - [INFO] - reformat - {0: {'8.00- 9.35': 4, '9.55-11.30': 4, '11.40-13.15': 4, '13.55-15.30': 4, '15.40-17.15': 4}, 1: {'8.00- 9.35': 4, '9.55-11.30': 4, '11.40-13.15': 4, '13.55-15.30': 4, '15.40-17.15': 4}, 2: {'8.00- 9.35': 4, '9.55-11.30': 4, '11.40-13.15': 4, '13.55-15.30': 4, '15.40-17.15': 4}, 3: {'8.00- 9.35': 4, '9.55-11.30': 4, '11.40-13.15': 4, '13.55-15.30': 4, '15.40-17.15': 4}, 4: {'8.00- 9.35': 4, '9.55-11.30': 4, '11.40-13.15': 4, '13.55-15.30': 4, '15.40-17.15': 4}, 5: {'8.00- 9.35': 4, '9.55-11.30': 4, '11.40-13.15': 4, '13.55-15.30': 4, '15.40-17.15': 4}}
2025-01-27 09:29:55,335 - [INFO] - parce_worksheet_excel - Sheet #1 was successfully parsed
2025-01-27 09:29:55,400 - [INFO] - reformat - 
Y: from 9-14 to 134; X: 0, 2; 
2025-01-27 09:29:55,400 - [INFO] - reformat - {'10105124': 4, '10105224': 4, '10106124': 4, '10107124': 4, '10107224': 4, '10107324': 4, '10108124': 4, '10109124': 4, '10110124': 4, '10116124': 4}
2025-01-27 09:29:55,400 - [INFO] - reformat - {0: {'8.00- 9.35': 4, '9.55-11.30': 4, '11.40-13.15': 4, '13.55-15.30': 4, '15.40-17.15': 4}, 1: {'8.00- 9.35': 4, '9.55-11.30': 4, '11.40-13.15': 4, '13.55-15.30': 4, '15.40-17.15': 4}, 2: {'8.00- 9.35': 4, '9.55-11.30': 4, '11.40-13.15': 4, '13.55-15.30': 4, '15.40-17.15': 4}, 3: {'8.00- 9.35': 4, '9.55-11.30': 4, '11.40-13.15': 4, '13.55-15.30': 4, '15.40-17.15': 4}, 4: {'8.00- 9.35': 4, '9.55-11.30': 4, '11.40-13.15': 4, '13.55-15.30': 4, '15.40-17.15': 4}, 5: {'8.00- 9.35': 4, '9.55-11.30': 4, '11.40-13.15': 4, '13.55-15.30': 4, '15.40-17.15': 4}}
2025-01-27 09:29:55,845 - [INFO] - parce_worksheet_excel - Sheet #2 was successfully parsed
2025-01-27 09:29:55,880 - [INFO] - reformat - 
Y: from 9-14 to 130; X: 0, 2; 
2025-01-27 09:29:55,880 - [INFO] - reformat - {'10208124': 4, '10205124': 4, '10205224': 4, '10205524': 4}
2025-01-27 09:29:55,880 - [INFO] - reformat - {0: {'12.00-13.35': 4, '13.55-15.30': 4, '15.40-17.15': 4, '17.45-19.20': 4, '19.30-21.05': 4}, 1: {'12.00-13.35': 4, '13.55-15.30': 4, '15.40-17.15': 4, '17.45-19.20': 4, '19.30-21.05': 4}, 2: {'12.00-13.35': 4, '13.55-15.30': 4, '15.40-17.15': 4, '17.45-19.20': 4, '19.30-21.05': 4}, 3: {'12.00-13.35': 4, '13.55-15.30': 4, '15.40-17.15': 4, '17.45-19.20': 4, '19.30-21.05': 4}, 4: {'12.00-13.35': 4, '13.55-15.30': 4, '15.40-17.15': 4, '17.45-19.20': 4, '19.30-21.05': 4}, 5: {'12.00-13.35': 4, '13.55-15.30': 4, '15.40-17.15': 4, '17.45-19.20': 4}}
2025-01-27 09:29:55,953 - [INFO] - parce_worksheet_excel - Sheet #3 was successfully parsed
2025-01-27 09:29:56,000 - [INFO] - reformat - 
Y: from 9-14 to 130; X: 0, 2; 
2025-01-27 09:29:56,000 - [INFO] - reformat - {'10301124': 4, '10301224': 4, '10301324': 4, '10301424': 4, '10303124': 4, '10305124': 4, '10305224': 4, '10307124': 4, '10309124': 4, '10302124': 4, '10302224': 4, '10302324': 4}
2025-01-27 09:29:56,000 - [INFO] - reformat - {0: {'12.00-13.35': 4, '13.55-15.30': 4, '15.40-17.15': 4, '17.45-19.20': 4, '19.30-21.05': 4}, 1: {'12.00-13.35': 4, '13.55-15.30': 4, '15.40-17.15': 4, '17.45-19.20': 4, '19.30-21.05': 4}, 2: {'12.00-13.35': 4, '13.55-15.30': 4, '15.40-17.15': 4, '17.45-19.20': 4, '19.30-21.05': 4}, 3: {'12.00-13.35': 4, '13.55-15.30': 4, '15.40-17.15': 4, '17.45-19.20': 4, '19.30-21.05': 4}, 4: {'12.00-13.35': 4, '13.55-15.30': 4, '15.40-17.15': 4, '17.45-19.20': 4, '19.30-21.05': 4}, 5: {'12.00-13.35': 4, '13.55-15.30': 4, '15.40-17.15': 4, '17.45-19.20': 4}}
2025-01-27 09:29:56,605 - [INFO] - parce_worksheet_excel - Sheet #4 was successfully parsed
2025-01-27 09:29:56,658 - [INFO] - reformat - 
Y: from 9-14 to 130; X: 0, 2; 
2025-01-27 09:29:56,658 - [INFO] - reformat - {'10402524': 4, '10402224': 4, '10402424': 4, '10402124': 4, '10402324': 4, '10401224': 4, '10401324': 4, '10401124': 4}
2025-01-27 09:29:56,659 - [INFO] - reformat - {0: {'12.00-13.35': 4, '13.55-15.30': 4, '15.40-17.15': 4, '17.45-19.20': 4, '19.30-21.05': 4}, 1: {'12.00-13.35': 4, '13.55-15.30': 4, '15.40-17.15': 4, '17.45-19.20': 4, '19.30-21.05': 4}, 2: {'12.00-13.35': 4, '13.55-15.30': 4, '15.40-17.15': 4, '17.45-19.20': 4, '19.30-21.05': 4}, 3: {'12.00-13.35': 4, '13.55-15.30': 4, '15.40-17.15': 4, '17.45-19.20': 4, '19.30-21.05': 4}, 4: {'12.00-13.35': 4, '13.55-15.30': 4, '15.40-17.15': 4, '17.45-19.20': 4, '19.30-21.05': 4}, 5: {'12.00-13.35': 4, '13.55-15.30': 4, '15.40-17.15': 4, '17.45-19.20': 4}}
2025-01-27 09:29:56,927 - [INFO] - parce_worksheet_excel - Sheet #5 was successfully parsed
2025-01-27 09:29:56,977 - [INFO] - reformat - 
Y: from 9-14 to 130; X: 0, 2; 
2025-01-27 09:29:56,977 - [INFO] - reformat - {'10503124': 4, '10503224': 4, '10503324': 4, '10504124': 4, '10504224': 4, '10504324': 4, '10506124': 4, '10506224': 4, '10506324': 4, '10501124': 4, '10502124': 4, '10505124': 4}
2025-01-27 09:29:56,977 - [INFO] - reformat - {0: {'8.00- 9.35': 4, '9.55-11.30': 4, '11.40-13.15': 4, '13.55-15.30': 4, '15.40-17.15': 4}, 1: {'8.00- 9.35': 4, '9.55-11.30': 4, '11.40-13.15': 4, '13.55-15.30': 4, '15.40-17.15': 4}, 2: {'8.00- 9.35': 4, '9.55-11.30': 4, '11.40-13.15': 4, '13.55-15.30': 4, '15.40-17.15': 4}, 3: {'8.00- 9.35': 4, '9.55-11.30': 4, '11.40-13.15': 4, '13.55-15.30': 4, '15.40-17.15': 4}, 4: {'8.00- 9.35': 4, '9.55-11.30': 4, '11.40-13.15': 4, '13.55-15.30': 4, '15.40-17.15': 4}, 5: {'8.00- 9.35': 4, '9.55-11.30': 4, '11.40-13.15': 4, '13.55-15.30': 4}}
2025-01-27 09:29:57,579 - [INFO] - parce_worksheet_excel - Sheet #6 was successfully parsed
2025-01-27 09:29:57,617 - [INFO] - reformat - 
Y: from 9-14 to 130; X: 0, 2; 
2025-01-27 09:29:57,617 - [INFO] - reformat - {'10601124': 4, '10601224': 4, '10609124': 4, '10602124': 4, '10602224': 4, '10603124': 4, '10603224': 4, '10603324': 4}
2025-01-27 09:29:57,617 - [INFO] - reformat - {0: {'8.00- 9.35': 4, '9.55-11.30': 4, '11.40-13.15': 4, '13.55-15.30': 4, '15.40-17.15': 4}, 1: {'8.00- 9.35': 4, '9.55-11.30': 4, '11.40-13.15': 4, '13.55-15.30': 4, '15.40-17.15': 4}, 2: {'8.00- 9.35': 4, '9.55-11.30': 4, '11.40-13.15': 4, '13.55-15.30': 4, '15.40-17.15': 4}, 3: {'8.00- 9.35': 4, '9.55-11.30': 4, '11.40-13.15': 4, '13.55-15.30': 4, '15.40-17.15': 4}, 4: {'8.00- 9.35': 4, '9.55-11.30': 4, '11.40-13.15': 4, '13.55-15.30': 4, '15.40-17.15': 4}, 5: {'8.00- 9.35': 4, '9.55-11.30': 4, '11.40-13.15': 4, '13.55-15.30': 4}}
2025-01-27 09:29:57,875 - [INFO] - parce_worksheet_excel - Sheet #7 was successfully parsed
2025-01-27 09:29:57,933 - [INFO] - reformat - 
Y: from 9-14 to 130; X: 0, 2; 
2025-01-27 09:29:57,933 - [INFO] - reformat - {'10604124': 4, '10604224': 4, '10608124': 4, '10605124': 4, '10605224': 4, '10606124': 4, '10607124': 4}
2025-01-27 09:29:57,934 - [INFO] - reformat - {0: {'8.00- 9.35': 4, '9.55-11.30': 4, '11.40-13.15': 4, '13.55-15.30': 4, '15.40-17.15': 4}, 1: {'8.00- 9.35': 4, '9.55-11.30': 4, '11.40-13.15': 4, '13.55-15.30': 4, '15.40-17.15': 4}, 2: {'8.00- 9.35': 4, '9.55-11.30': 4, '11.40-13.15': 4, '13.55-15.30': 4, '15.40-17.15': 4}, 3: {'8.00- 9.35': 4, '9.55-11.30': 4, '11.40-13.15': 4, '13.55-15.30': 4, '15.40-17.15': 4}, 4: {'8.00- 9.35': 4, '9.55-11.30': 4, '11.40-13.15': 4, '13.55-15.30': 4, '15.40-17.15': 4}, 5: {'8.00- 9.35': 4, '9.55-11.30': 4, '11.40-13.15': 4, '13.55-15.30': 4}}
2025-01-27 09:29:58,314 - [INFO] - parce_worksheet_excel - Sheet #8 was successfully parsed
2025-01-27 09:29:58,428 - [INFO] - reformat - 
Y: from 10-15 to 131; X: 0, 2; 
2025-01-27 09:29:58,429 - [INFO] - reformat - {'10701124': 4, '10701224': 4, '10701324': 4, '10701424': 4, '10706124': 4, '10706224': 4, '10703124': 4, '10703224': 4, '10703324': 4, '10702324': 4, '10702424': 4, '10702524': 4, '10705124': 4, '10705224': 4}
2025-01-27 09:29:58,429 - [INFO] - reformat - {0: {'12.00-13.35': 4, '13.55-15.30': 4, '15.40-17.15': 4, '17.45-19.20': 4, '19.30-21.05': 4}, 1: {'12.00-13.35': 4, '13.55-15.30': 4, '15.40-17.15': 4, '17.45-19.20': 4, '19.30-21.05': 4}, 2: {'12.00-13.35': 4, '13.55-15.30': 4, '15.40-17.15': 4, '17.45-19.20': 4, '19.30-21.05': 4}, 3: {'12.00-13.35': 4, '13.55-15.30': 4, '15.40-17.15': 4, '17.45-19.20': 4, '19.30-21.05': 4}, 4: {'12.00-13.35': 4, '13.55-15.30': 4, '15.40-17.15': 4, '17.45-19.20': 4, '19.30-21.05': 4}, 5: {'12.00-13.35': 4, '13.55-15.30': 4, '15.40-17.15': 4, '17.45-19.20': 4}}
2025-01-27 09:29:59,243 - [INFO] - parce_worksheet_excel - Sheet #9 was successfully parsed
2025-01-27 09:29:59,326 - [INFO] - reformat - 
Y: from 9-14 to 134; X: 0, 2; 
2025-01-27 09:29:59,326 - [INFO] - reformat - {'10801124': 4, '10801224': 4, '10801324': 4, '10802124': 4, '10803124': 4, '10804124': 4, '10806124': 4, '10806224': 4, '10806324': 4, '10807124': 4, '10809124': 4, '10809224': 4, '10808124': 4, '10808224': 4}
2025-01-27 09:29:59,327 - [INFO] - reformat - {0: {'8.00- 9.35': 4, '9.55-11.30': 4, '11.40-13.15': 4, '13.55-15.30': 4, '15.40-17.15': 4}, 1: {'8.00- 9.35': 4, '9.55-11.30': 4, '11.40-13.15': 4, '13.55-15.30': 4, '15.40-17.15': 4}, 2: {'8.00- 9.35': 4, '9.55-11.30': 4, '11.40-13.15': 4, '13.55-15.30': 4, '15.40-17.15': 4}, 3: {'8.00- 9.35': 4, '9.55-11.30': 4, '11.40-13.15': 4, '13.55-15.30': 4, '15.40-17.15': 4}, 4: {'8.00- 9.35': 4, '9.55-11.30': 4, '11.40-13.15': 4, '13.55-15.30': 4, '15.40-17.15': 4}, 5: {'8.00- 9.35': 4, '9.55-11.30': 4, '11.40-13.15': 4, '13.55-15.30': 4, '19.30-21.05': 4}}
2025-01-27 09:30:00,369 - [INFO] - parce_worksheet_excel - Sheet #10 was successfully parsed
2025-01-27 09:30:00,403 - [INFO] - reformat - 
Y: from 9-14 to 130; X: 0, 2; 
2025-01-27 09:30:00,403 - [INFO] - reformat - {'10903124': 4, '10903324': 4, '10903524': 4, '10904124': 4, '10903724': 4}
2025-01-27 09:30:00,403 - [INFO] - reformat - {0: {'8.00- 9.35': 4, '9.55-11.30': 4, '11.40-13.15': 4, '13.55-15.30': 4, '15.40-17.15': 4}, 1: {'8.00- 9.35': 4, '9.55-11.30': 4, '11.40-13.15': 4, '13.55-15.30': 4, '15.40-17.15': 4}, 2: {'8.00- 9.35': 4, '9.55-11.30': 4, '11.40-13.15': 4, '13.55-15.30': 4, '15.40-17.15': 4}, 3: {'8.00- 9.35': 4, '9.55-11.30': 4, '11.40-13.15': 4, '13.55-15.30': 4, '15.40-17.15': 4}, 4: {'8.00- 9.35': 4, '9.55-11.30': 4, '11.40-13.15': 4, '13.55-15.30': 4, '15.40-17.15': 4}, 5: {'8.00- 9.35': 4, '9.55-11.30': 4, '11.40-13.15': 4, '13.55-15.30': 4}}
2025-01-27 09:30:00,556 - [INFO] - parce_worksheet_excel - Sheet #11 was successfully parsed
2025-01-27 09:30:00,624 - [INFO] - reformat - 
Y: from 10-15 to 131; X: 0, 2; 
2025-01-27 09:30:00,626 - [INFO] - reformat - {'11001124': 4, '11001224': 4, '11002124': 4, '11002224': 4, '11004124': 4, '11004224': 4, '11004324': 4, '11003124': 4, '11003224': 4, '11005124': 4, '11006124': 4}
2025-01-27 09:30:00,626 - [INFO] - reformat - {0: {'8.00- 9.35': 4, '9.55-11.30': 4, '11.40-13.15': 4, '13.55-15.30': 4, '15.40-17.15': 4}, 1: {'8.00- 9.35': 4, '9.55-11.30': 4, '11.40-13.15': 4, '13.55-15.30': 4, '15.40-17.15': 4}, 2: {'8.00- 9.35': 4, '9.55-11.30': 4, '11.40-13.15': 4, '13.55-15.30': 4, '15.40-17.15': 4}, 3: {'8.00- 9.35': 4, '9.55-11.30': 4, '11.40-13.15': 4, '13.55-15.30': 4, '15.40-17.15': 4}, 4: {'8.00- 9.35': 4, '9.55-11.30': 4, '11.40-13.15': 4, '13.55-15.30': 4, '15.40-17.15': 4}, 5: {'8.00- 9.35': 4, '9.55-11.30': 4, '11.40-13.15': 4, '13.55-15.30': 4}}
2025-01-27 09:30:01,682 - [INFO] - parce_worksheet_excel - Sheet #12 was successfully parsed
2025-01-27 09:30:01,791 - [INFO] - reformat - 
Y: from 10-15 to 131; X: 0, 2; 
2025-01-27 09:30:01,791 - [INFO] - reformat - {'11201124': 4, '11201224': 4, '11201324': 4, '11201424': 4, '11201524': 4, '11202124': 4, '11205124': 4, '11203124': 4}
2025-01-27 09:30:01,791 - [INFO] - reformat - {0: {'8.00- 9.35': 4, '9.55-11.30': 4, '11.40-13.15': 4, '13.55-15.30': 4, '15.40-17.15': 4}, 1: {'8.00- 9.35': 4, '9.55-11.30': 4, '11.40-13.15': 4, '13.55-15.30': 4, '15.40-17.15': 4}, 2: {'8.00- 9.35': 4, '9.55-11.30': 4, '11.40-13.15': 4, '13.55-15.30': 4, '15.40-17.15': 4}, 3: {'8.00- 9.35': 4, '9.55-11.30': 4, '11.40-13.15': 4, '13.55-15.30': 4, '15.40-17.15': 4}, 4: {'8.00- 9.35': 4, '9.55-11.30': 4, '11.40-13.15': 4, '13.55-15.30': 4, '15.40-17.15': 4}, 5: {'8.00- 9.35': 4, '9.55-11.30': 4, '11.40-13.15': 4, '13.55-15.30': 4}}
2025-01-27 09:30:02,073 - [INFO] - parce_worksheet_excel - Sheet #13 was successfully parsed
2025-01-27 09:30:02,172 - [INFO] - reformat - 
Y: from 9-14 to 130; X: 0, 2; 
2025-01-27 09:30:02,172 - [INFO] - reformat - {'11301124': 4, '11303124': 4, '11312124': 4, '11310124': 4, '11304124': 4, '11305124': 4, '11311124': 4, '11302124': 4, '11307124': 4, '11309124': 4}
2025-01-27 09:30:02,172 - [INFO] - reformat - {0: {'8.00- 9.35': 4, '9.55-11.30': 4, '11.40-13.15': 4, '13.55-15.30': 4, '15.40-17.15': 4}, 1: {'8.00- 9.35': 4, '9.55-11.30': 4, '11.40-13.15': 4, '13.55-15.30': 4, '15.40-17.15': 4}, 2: {'8.00- 9.35': 4, '9.55-11.30': 4, '11.40-13.15': 4, '13.55-15.30': 4, '15.40-17.15': 4}, 3: {'8.00- 9.35': 4, '9.55-11.30': 4, '11.40-13.15': 4, '13.55-15.30': 4, '15.40-17.15': 4}, 4: {'8.00- 9.35': 4, '9.55-11.30': 4, '11.40-13.15': 4, '13.55-15.30': 4, '15.40-17.15': 4}, 5: {'8.00- 9.35': 4, '9.55-11.30': 4, '11.40-13.15': 4, '13.55-15.30': 4}}
2025-01-27 09:30:02,552 - [INFO] - parce_worksheet_excel - Sheet #14 was successfully parsed
2025-01-27 09:30:02,607 - [INFO] - reformat - 
Y: from 10-15 to 131; X: 0, 2; 
2025-01-27 09:30:02,608 - [INFO] - reformat - {'11402124': 4, '11402224': 4, '11403124': 4, '11403224': 4, '11403324': 4, '11403424': 4, '11404124': 4, '11404224': 4, '11401124': 4}
2025-01-27 09:30:02,608 - [INFO] - reformat - {0: {'8.00- 9.35': 4, '9.55-11.30': 4, '11.40-13.15': 4, '13.55-15.30': 4, '15.40-17.15': 4}, 1: {'8.00- 9.35': 4, '9.55-11.30': 4, '11.40-13.15': 4, '13.55-15.30': 4, '15.40-17.15': 4}, 2: {'8.00- 9.35': 4, '9.55-11.30': 4, '11.40-13.15': 4, '13.55-15.30': 4, '15.40-17.15': 4}, 3: {'8.00- 9.35': 4, '9.55-11.30': 4, '11.40-13.15': 4, '13.55-15.30': 4, '15.40-17.15': 4}, 4: {'8.00- 9.35': 4, '9.55-11.30': 4, '11.40-13.15': 4, '13.55-15.30': 4, '15.40-17.15': 4}, 5: {'8.00- 9.35': 4, '9.55-11.30': 4, '11.40-13.15': 4, '13.55-15.30': 4}}
2025-01-27 09:30:02,959 - [INFO] - parce_worksheet_excel - Sheet #15 was successfully parsed
2025-01-27 09:30:03,010 - [INFO] - reformat - 
Y: from 9-13 to 129; X: 0, 2; 
2025-01-27 09:30:03,010 - [INFO] - reformat - {'11501124': 4, '11501224': 4, '11502124': 4, '11502224': 4, '11503124': 4, '11505124': 4, '11504124': 4}
2025-01-27 09:30:03,010 - [INFO] - reformat - {0: {'8.00- 9.35': 4, '9.55-11.30': 4, '11.40-13.15': 4, '13.55-15.30': 4, '15.40-17.15': 4}, 1: {'8.00- 9.35': 4, '9.55-11.30': 4, '11.40-13.15': 4, '13.55-15.30': 4, '15.40-17.15': 4}, 2: {'8.00- 9.35': 4, '9.55-11.30': 4, '11.40-13.15': 4, '13.55-15.30': 4, '15.40-17.15': 4}, 3: {'8.00- 9.35': 4, '9.55-11.30': 4, '11.40-13.15': 4, '13.55-15.30': 4, '15.40-17.15': 4}, 4: {'8.00- 9.35': 4, '9.55-11.30': 4, '11.40-13.15': 4, '13.55-15.30': 4, '15.40-17.15': 4}, 5: {'8.00- 9.35': 4, '9.55-11.30': 4, '11.40-13.15': 4, '13.55-15.30': 4}}
2025-01-27 09:30:03,246 - [INFO] - parce_worksheet_excel - Sheet #16 was successfully parsed
2025-01-27 09:30:03,276 - [INFO] - reformat - 
Y: from 9-14 to 130; X: 0, 2; 
2025-01-27 09:30:03,276 - [INFO] - reformat - {'11902124': 4, '11902224': 4, '11904124': 4, '11904224': 4}
2025-01-27 09:30:03,277 - [INFO] - reformat - {0: {'12.00-13.35': 4, '13.55-15.30': 4, '15.40-17.15': 4, '17.45-19.20': 4, '19.30-21.05': 4}, 1: {'12.00-13.35': 4, '13.55-15.30': 4, '15.40-17.15': 4, '17.45-19.20': 4, '19.30-21.05': 4}, 2: {'12.00-13.35': 4, '13.55-15.30': 4, '15.40-17.15': 4, '17.45-19.20': 4, '19.30-21.05': 4}, 3: {'12.00-13.35': 4, '13.55-15.30': 4, '15.40-17.15': 4, '17.45-19.20': 4, '19.30-21.05': 4}, 4: {'12.00-13.35': 4, '13.55-15.30': 4, '15.40-17.15': 4, '17.45-19.20': 4, '19.30-21.05': 4}, 5: {'12.00-13.35': 4, '13.55-15.30': 4, '15.40-17.15': 4, '17.45-19.20': 4}}
2025-01-27 09:30:03,372 - [INFO] - parce_worksheet_excel - Sheet #17 was successfully parsed
2025-01-27 09:30:03,372 - [INFO] - main - 


------------------------------------------------

2025-01-27 09:30:03,372 - [INFO] - main - parsing/sheets/2kurs.xls
2025-01-27 09:30:03,847 - [INFO] - parce_workbook_excel - 
----------------------------------
Book /Users/mivanoffka/Documents/Разработка/Python/BNTU_Timetable/parsing/sheets/2kurs.xls
2025-01-27 09:30:03,921 - [INFO] - reformat - 
Y: from 9-14 to 130; X: 0, 2; 
2025-01-27 09:30:03,921 - [INFO] - reformat - {'10111123': 4, '10111223': 4, '10114123': 4, '10115123': 4, '10117123': 4, '10116123': 4, '10103123': 4, '10104123': 4, '10104223': 4}
2025-01-27 09:30:03,922 - [INFO] - reformat - {0: {'8.00- 9.35': 4, '9.55-11.30': 4, '11.40-13.15': 4, '13.55-15.30': 4, '15.40-17.15': 4}, 1: {'8.00- 9.35': 4, '9.55-11.30': 4, '11.40-13.15': 4, '13.55-15.30': 4, '15.40-17.15': 4}, 2: {'8.00- 9.35': 4, '9.55-11.30': 4, '11.40-13.15': 4, '13.55-15.30': 4, '15.40-17.15': 4}, 3: {'8.00- 9.35': 4, '9.55-11.30': 4, '11.40-13.15': 4, '13.55-15.30': 4, '15.40-17.15': 4}, 4: {'8.00- 9.35': 4, '9.55-11.30': 4, '11.40-13.15': 4, '13.55-15.30': 4, '15.40-17.15': 4}, 5: {'8.00- 9.35': 4, '9.55-11.30': 4, '11.40-13.15': 4, '13.55-15.30': 4}}
2025-01-27 09:30:04,314 - [INFO] - stop_polling - Stop polling...
2025-01-27 09:30:04,318 - [WARNING] - start_polling - Goodbye!
2025-01-27 09:30:04,447 - [ERROR] - default_exception_handler - Task exception was never retrieved
future: <Task finished name='Task-37' coro=<update() done, defined at /Users/mivanoffka/Documents/Разработка/Python/BNTU_Timetable/bot/commands/admin.py:133> exception=KeyboardInterrupt()>
Traceback (most recent call last):
  File "/Users/mivanoffka/Documents/Разработка/Python/BNTU_Timetable/.venv/lib/python3.10/site-packages/aiogram/utils/executor.py", line 323, in start_polling
    loop.run_forever()
  File "/usr/local/Cellar/python@3.10/3.10.14_1/Frameworks/Python.framework/Versions/3.10/lib/python3.10/asyncio/base_events.py", line 603, in run_forever
    self._run_once()
  File "/usr/local/Cellar/python@3.10/3.10.14_1/Frameworks/Python.framework/Versions/3.10/lib/python3.10/asyncio/base_events.py", line 1909, in _run_once
    handle._run()
  File "/usr/local/Cellar/python@3.10/3.10.14_1/Frameworks/Python.framework/Versions/3.10/lib/python3.10/asyncio/events.py", line 80, in _run
    self._context.run(self._callback, *self._args)
  File "/Users/mivanoffka/Documents/Разработка/Python/BNTU_Timetable/bot/commands/admin.py", line 136, in update
    autoparser.download_and_parse()
  File "/Users/mivanoffka/Documents/Разработка/Python/BNTU_Timetable/parsing/autoparser.py", line 289, in download_and_parse
    p.main()
  File "/Users/mivanoffka/Documents/Разработка/Python/BNTU_Timetable/parsing/parser.py", line 209, in main
    parce_workbook_excel(schedule, Path(BASE_DIR / path))
  File "/Users/mivanoffka/Documents/Разработка/Python/BNTU_Timetable/parsing/parser.py", line 42, in parce_workbook_excel
    parce_worksheet_excel(workbook, s, schedule, sector_type=sector_type)
  File "/Users/mivanoffka/Documents/Разработка/Python/BNTU_Timetable/parsing/parser.py", line 56, in parce_worksheet_excel
    local_schedule = mp.parse()
  File "/Users/mivanoffka/Documents/Разработка/Python/BNTU_Timetable/parsing/sheetmap.py", line 292, in parse
    timetables[group_name] = self.get_group_table(pos_x, dx)
  File "/Users/mivanoffka/Documents/Разработка/Python/BNTU_Timetable/parsing/sheetmap.py", line 313, in get_group_table
    value = fix_str(fix_sheet_value(self.get(i, j, self.raw_sheet)))
  File "/Users/mivanoffka/Documents/Разработка/Python/BNTU_Timetable/parsing/sheetmap.py", line 76, in get_excel_value
    return unmerged_value(y, x, self.raw_sheet)
  File "/Users/mivanoffka/Documents/Разработка/Python/BNTU_Timetable/parsing/sheetmap.py", line 14, in unmerged_value
    if rowx in range(rlo, rhi):
KeyboardInterrupt
