2025-01-27 09:33:24,647 - [INFO] - mailing_loop - Mailing set to 06:00 and 18:00
2025-01-27 09:33:24,648 - [INFO] - mailing_loop - Checking time...
2025-01-27 09:33:24,650 - [INFO] - start_polling - Start polling.
2025-01-27 09:33:29,133 - [INFO] - update - Schedule updating started...
2025-01-27 09:33:29,331 - [INFO] - find_lines_with_urld_fitr - 



2025-01-27 09:33:29,331 - [INFO] - find_lines_with_urld_fitr - ['<p style="font-size: medium; font-weight: 400; text-align: left;"><a href="https://static.bntu.by/bntu/new/files/file_159ae318c7d98e26c3317b29fbb52719.xlsx"><span style="font-weight: 400;">Расписание учебных занятий студентов 3-го курса специальности <strong>1-40 01 01</strong> дневной формы получения образования с 27 января по 17 мая 2024-2025 учебного года</span></a></p>', '<p style="font-size: medium; font-weight: 400; text-align: left;"><a href="https://static.bntu.by/bntu/new/files/file_398ecbfb78e1ce2468ed18cea590abe9.xlsx"><span style="font-weight: 400;">Расписание учебных занятий студентов 3-го курса специальности <strong>1-40 05 01</strong> дневной формы получения образования с 27 января по 17 мая 2024-2025 учебного года</span></a></p>']
2025-01-27 09:33:29,332 - [INFO] - find_lines_with_urld_fitr - 



2025-01-27 09:33:30,640 - [INFO] - download_and_parse - Books are downloaded.
2025-01-27 09:33:30,640 - [INFO] - main - 


------------------------------------------------

2025-01-27 09:33:30,641 - [INFO] - main - parsing/sheets/34kurs_fitr_1.xlsx
2025-01-27 09:33:30,680 - [INFO] - parce_workbook_excel - 
----------------------------------
Book /Users/mivanoffka/Documents/Разработка/Python/BNTU_Timetable/parsing/sheets/34kurs_fitr_1.xlsx
2025-01-27 09:33:30,710 - [INFO] - reformat - 
Y: from 17-19 to 139; X: 9, 2; 
2025-01-27 09:33:30,710 - [INFO] - reformat - {'10701122': 2, '10701222': 2, '10701322': 2}
2025-01-27 09:33:30,710 - [INFO] - reformat - {0: {'12.00-13.35': 4, '13.55-15.30': 4, '15.40-17.15': 4, '17.45-19.20': 4, '19.30-21.05': 4}, 1: {'12.00-13.35': 4, '13.55-15.30': 4, '15.40-17.15': 4, '17.45-19.20': 4, '19.30-21.05': 4}, 2: {'12.00-13.35': 4, '13.55-15.30': 4, '15.40-17.15': 4, '17.45-19.20': 4, '19.30-21.05': 4}, 3: {'12.00-13.35': 4, '13.55-15.30': 4, '15.40-17.15': 4, '17.45-19.20': 4, '19.30-21.05': 4}, 4: {'12.00-13.35': 4, '13.55-15.30': 4, '15.40-17.15': 4, '17.45-19.20': 4, '19.30-21.05': 4}, 5: {'12.00-13.35': 4, '13.55-15.30': 4, '15.40-17.15': 4, '17.45-19.20': 4, '19.30-21.05': 4}}
2025-01-27 09:33:30,754 - [INFO] - parce_worksheet_excel - Sheet #1 was successfully parsed
2025-01-27 09:33:30,755 - [INFO] - main - 


------------------------------------------------

2025-01-27 09:33:30,755 - [INFO] - main - parsing/sheets/34kurs_fitr_2.xlsx
2025-01-27 09:33:30,802 - [INFO] - parce_workbook_excel - 
----------------------------------
Book /Users/mivanoffka/Documents/Разработка/Python/BNTU_Timetable/parsing/sheets/34kurs_fitr_2.xlsx
2025-01-27 09:33:30,832 - [INFO] - reformat - 
Y: from 17-19 to 139; X: 0, 2; 
2025-01-27 09:33:30,832 - [INFO] - reformat - {'10702122': 2, '10702222': 2, '10702322': 2, '10702422': 2}
2025-01-27 09:33:30,832 - [INFO] - reformat - {0: {'12.00-\n13.35': 4, '13.55-\n15.30': 4, '15.40-\n17.15': 4, '17.45-\n19.20': 4, '19.30-\n21.05': 4}, 1: {'12.00-\n13.35': 4, '13.55-\n15.30': 4, '15.40-\n17.15': 4, '17.45-\n19.20': 4, '19.30-\n21.05': 4}, 2: {'12.00-\n13.35': 4, '13.55-\n15.30': 4, '15.40-\n17.15': 4, '17.45-\n19.20': 4, '19.30-\n21.05': 4}, 3: {'12.00-\n13.35': 4, '13.55-\n15.30': 4, '15.40-\n17.15': 4, '17.45-\n19.20': 4, '19.30-\n21.05': 4}, 4: {'12.00-\n13.35': 4, '13.55-\n15.30': 4, '15.40-\n17.15': 4, '17.45-\n19.20': 4, '19.30-\n21.05': 4}, 5: {'12.00-\n13.35': 4, '13.55-\n15.30': 4, '15.40-\n17.15': 4, '17.45-\n19.20': 4, '19.30-\n21.05': 4}}
2025-01-27 09:33:30,893 - [INFO] - parce_worksheet_excel - Sheet #1 was successfully parsed
2025-01-27 09:33:30,895 - [INFO] - parce_worksheet_excel - An error occured while parsing sheet #2: 

list index out of range
2025-01-27 09:33:30,896 - [INFO] - parce_worksheet_excel - An error occured while parsing sheet #3: 

list index out of range
2025-01-27 09:33:31,052 - [INFO] - update - Schedule succesfully updated!
2025-01-27 09:33:33,763 - [INFO] - update_stats - User 640091837 commited 'today' action (1 in total)
2025-01-27 09:33:33,763 - [INFO] - update_stats - ['640091837']
2025-01-27 09:33:33,763 - [INFO] - update_stats - User 640091837 commited his first action in this session (1 in total)
2025-01-27 09:33:37,845 - [INFO] - update_stats - User 640091837 commited 'options' action (1 in total)
2025-01-27 09:33:38,578 - [INFO] - update_stats - User 640091837 commited 'donate' action (1 in total)
2025-01-27 09:33:41,481 - [INFO] - update_stats - User 640091837 commited 'options' action (2 in total)
2025-01-27 09:33:51,196 - [INFO] - update_stats - User 640091837 commited 'today' action (2 in total)
2025-01-27 09:33:56,502 - [INFO] - update_stats - User 640091837 commited 'tomorrow' action (1 in total)
2025-01-27 09:34:01,666 - [INFO] - update_stats - User 640091837 commited 'weekday' action (1 in total)
2025-01-27 09:34:03,206 - [INFO] - update_stats - User 640091837 commited 'weekday' action (2 in total)
2025-01-27 09:34:04,557 - [INFO] - update_stats - User 640091837 commited 'weekday' action (3 in total)
2025-01-27 09:34:05,568 - [INFO] - update_stats - User 640091837 commited 'weekday' action (4 in total)
2025-01-27 09:34:06,290 - [INFO] - update_stats - User 640091837 commited 'weekday' action (5 in total)
2025-01-27 09:34:07,249 - [INFO] - update_stats - User 640091837 commited 'weekday' action (6 in total)
2025-01-27 09:34:08,096 - [INFO] - update_stats - User 640091837 commited 'weekday' action (7 in total)
2025-01-27 09:34:24,655 - [INFO] - mailing_loop - Checking time...
