2024-10-30 12:18:48,968 - [INFO] - mailing_loop - Mailing set to 06:00 and 18:00
2024-10-30 12:18:48,968 - [INFO] - mailing_loop - Checking time...
2024-10-30 12:18:48,969 - [INFO] - start_polling - Start polling.
2024-10-30 12:19:05,135 - [INFO] - update - Schedule updating started...
2024-10-30 12:19:05,359 - [INFO] - download_and_parse - https://files.bntu.by/s/lmmoFmaWCeuDm4A
2024-10-30 12:19:05,360 - [INFO] - download_and_parse - https://files.bntu.by/s/wB69DoxBXklziVB
2024-10-30 12:19:05,848 - [INFO] - get_link_for_cource - [['https://files.bntu.by/s/H934pnB4ZU5NrJQ/download']]
2024-10-30 12:19:05,969 - [INFO] - get_link_for_cource - [['https://files.bntu.by/s/Yj0P44qUIisprJx/download']]
2024-10-30 12:19:05,970 - [INFO] - download_and_parse - https://files.bntu.by/s/H934pnB4ZU5NrJQ/download
2024-10-30 12:19:05,970 - [INFO] - download_and_parse - https://files.bntu.by/s/Yj0P44qUIisprJx/download
2024-10-30 12:19:06,931 - [INFO] - find_lines_with_urld_fitr - 



2024-10-30 12:19:06,932 - [INFO] - find_lines_with_urld_fitr - ['<p style="font-size: medium; font-weight: 400; text-align: left;"><a href="https://static.bntu.by/bntu/new/files/file_bdda0fb6ade10c489e39f3d8a9e10b2f.xls"><span style="font-weight: 400;">Расписание учебных занятий студентов 3 и 4-го курсов специальности <strong>1-40 01 01</strong> дневной формы получения образования&nbsp;</span></a></p>', '<p style="font-size: medium; font-weight: 400; text-align: left;"><a href="https://static.bntu.by/bntu/new/files/file_ba476f7a0fbba8d7db2d095c068e7709.xls"><span style="font-weight: 400;">Расписание учебных занятий студентов 3 и 4-го курсов специальности <strong>1-40 05 01</strong> дневной формы получения образования&nbsp;</span></a></p>', '<p style="font-size: medium; font-weight: 400; text-align: left;"><a href="https://static.bntu.by/bntu/new/files/file_c47846c9cfa24d795e735b0ebb0bed11.xls"><span style="font-weight: 400;">Расписание учебных занятий студентов 3 и 4-го курсов специальности <strong>1-53 01 01 и 1-53 01 06</strong> дневной формы получения образования&nbsp;</span></a></p>', '<p style="font-size: medium; font-weight: 400; text-align: left;"><a href="https://static.bntu.by/bntu/new/files/file_eaf995ee50c555ac37f21387bbd97d5b.xls"><span style="font-weight: 400;">Расписание учебных занятий студентов 3 и 4-го курсов специальности <strong>1-53 01 05</strong> дневной формы получения образования&nbsp;</span></a></p>']
2024-10-30 12:19:06,932 - [INFO] - find_lines_with_urld_fitr - 



2024-10-30 12:19:30,728 - [INFO] - download_and_parse - Books are downloaded.
2024-10-30 12:19:30,730 - [INFO] - main - 


------------------------------------------------

2024-10-30 12:19:30,731 - [INFO] - main - parsing/sheets/1kurs.xls
2024-10-30 12:19:31,136 - [INFO] - parce_workbook_excel - 
----------------------------------
Book /Users/mivanoffka/Documents/Разработка/Python/BNTU_Timetable/parsing/sheets/1kurs.xls
2024-10-30 12:19:31,187 - [INFO] - reformat - 
Y: from 9-14 to 134; X: 0, 2; 
2024-10-30 12:19:31,187 - [INFO] - reformat - {'10111124': 4, '10111224': 4, '10114124': 4, '10115124': 4, '10117124': 4, '10104124': 4, '10104224': 4, '10104324': 4}
2024-10-30 12:19:31,187 - [INFO] - reformat - {0: {'8.00- 9.35': 4, '9.55-11.30': 4, '11.40-13.15': 4, '13.55-15.30': 4, '15.40-17.15': 4}, 1: {'8.00- 9.35': 4, '9.55-11.30': 4, '11.40-13.15': 4, '13.55-15.30': 4, '15.40-17.15': 4}, 2: {'8.00- 9.35': 4, '9.55-11.30': 4, '11.40-13.15': 4, '13.55-15.30': 4, '15.40-17.15': 4}, 3: {'8.00- 9.35': 4, '9.55-11.30': 4, '11.40-13.15': 4, '13.55-15.30': 4, '15.40-17.15': 4}, 4: {'8.00- 9.35': 4, '9.55-11.30': 4, '11.40-13.15': 4, '13.55-15.30': 4, '15.40-17.15': 4}, 5: {'8.00- 9.35': 4, '9.55-11.30': 4, '11.40-13.15': 4, '13.55-15.30': 4, '15.40-17.15': 4}}
2024-10-30 12:19:31,527 - [INFO] - parce_worksheet_excel - Sheet #1 was successfully parsed
2024-10-30 12:19:31,597 - [INFO] - reformat - 
Y: from 9-14 to 134; X: 0, 2; 
2024-10-30 12:19:31,597 - [INFO] - reformat - {'10105124': 4, '10105224': 4, '10106124': 4, '10107124': 4, '10107224': 4, '10107324': 4, '10108124': 4, '10109124': 4, '10110124': 4, '10116124': 4}
2024-10-30 12:19:31,598 - [INFO] - reformat - {0: {'8.00- 9.35': 4, '9.55-11.30': 4, '11.40-13.15': 4, '13.55-15.30': 4, '15.40-17.15': 4}, 1: {'8.00- 9.35': 4, '9.55-11.30': 4, '11.40-13.15': 4, '13.55-15.30': 4, '15.40-17.15': 4}, 2: {'8.00- 9.35': 4, '9.55-11.30': 4, '11.40-13.15': 4, '13.55-15.30': 4, '15.40-17.15': 4}, 3: {'8.00- 9.35': 4, '9.55-11.30': 4, '11.40-13.15': 4, '13.55-15.30': 4, '15.40-17.15': 4}, 4: {'8.00- 9.35': 4, '9.55-11.30': 4, '11.40-13.15': 4, '13.55-15.30': 4, '15.40-17.15': 4}, 5: {'8.00- 9.35': 4, '9.55-11.30': 4, '11.40-13.15': 4, '13.55-15.30': 4, '15.40-17.15': 4}}
2024-10-30 12:19:32,028 - [INFO] - parce_worksheet_excel - Sheet #2 was successfully parsed
2024-10-30 12:19:32,061 - [INFO] - reformat - 
Y: from 9-14 to 130; X: 0, 2; 
2024-10-30 12:19:32,061 - [INFO] - reformat - {'10208124': 4, '10205124': 4, '10205224': 4, '10205524': 4}
2024-10-30 12:19:32,061 - [INFO] - reformat - {0: {'12.00-13.35': 4, '13.55-15.30': 4, '15.40-17.15': 4, '17.45-19.20': 4, '19.30-21.05': 4}, 1: {'12.00-13.35': 4, '13.55-15.30': 4, '15.40-17.15': 4, '17.45-19.20': 4, '19.30-21.05': 4}, 2: {'12.00-13.35': 4, '13.55-15.30': 4, '15.40-17.15': 4, '17.45-19.20': 4, '19.30-21.05': 4}, 3: {'12.00-13.35': 4, '13.55-15.30': 4, '15.40-17.15': 4, '17.45-19.20': 4, '19.30-21.05': 4}, 4: {'12.00-13.35': 4, '13.55-15.30': 4, '15.40-17.15': 4, '17.45-19.20': 4, '19.30-21.05': 4}, 5: {'12.00-13.35': 4, '13.55-15.30': 4, '15.40-17.15': 4, '17.45-19.20': 4}}
2024-10-30 12:19:32,129 - [INFO] - parce_worksheet_excel - Sheet #3 was successfully parsed
2024-10-30 12:19:32,172 - [INFO] - reformat - 
Y: from 9-14 to 130; X: 0, 2; 
2024-10-30 12:19:32,173 - [INFO] - reformat - {'10301124': 4, '10301224': 4, '10301324': 4, '10301424': 4, '10303124': 4, '10305124': 4, '10305224': 4, '10307124': 4, '10309124': 4, '10302124': 4, '10302224': 4, '10302324': 4}
2024-10-30 12:19:32,173 - [INFO] - reformat - {0: {'12.00-13.35': 4, '13.55-15.30': 4, '15.40-17.15': 4, '17.45-19.20': 4, '19.30-21.05': 4}, 1: {'12.00-13.35': 4, '13.55-15.30': 4, '15.40-17.15': 4, '17.45-19.20': 4, '19.30-21.05': 4}, 2: {'12.00-13.35': 4, '13.55-15.30': 4, '15.40-17.15': 4, '17.45-19.20': 4, '19.30-21.05': 4}, 3: {'12.00-13.35': 4, '13.55-15.30': 4, '15.40-17.15': 4, '17.45-19.20': 4, '19.30-21.05': 4}, 4: {'12.00-13.35': 4, '13.55-15.30': 4, '15.40-17.15': 4, '17.45-19.20': 4, '19.30-21.05': 4}, 5: {'12.00-13.35': 4, '13.55-15.30': 4, '15.40-17.15': 4, '17.45-19.20': 4}}
2024-10-30 12:19:32,774 - [INFO] - parce_worksheet_excel - Sheet #4 was successfully parsed
2024-10-30 12:19:32,823 - [INFO] - reformat - 
Y: from 9-14 to 130; X: 0, 2; 
2024-10-30 12:19:32,824 - [INFO] - reformat - {'10402524': 4, '10402224': 4, '10402424': 4, '10402124': 4, '10402324': 4, '10401224': 4, '10401324': 4, '10401124': 4}
2024-10-30 12:19:32,824 - [INFO] - reformat - {0: {'12.00-13.35': 4, '13.55-15.30': 4, '15.40-17.15': 4, '17.45-19.20': 4, '19.30-21.05': 4}, 1: {'12.00-13.35': 4, '13.55-15.30': 4, '15.40-17.15': 4, '17.45-19.20': 4, '19.30-21.05': 4}, 2: {'12.00-13.35': 4, '13.55-15.30': 4, '15.40-17.15': 4, '17.45-19.20': 4, '19.30-21.05': 4}, 3: {'12.00-13.35': 4, '13.55-15.30': 4, '15.40-17.15': 4, '17.45-19.20': 4, '19.30-21.05': 4}, 4: {'12.00-13.35': 4, '13.55-15.30': 4, '15.40-17.15': 4, '17.45-19.20': 4, '19.30-21.05': 4}, 5: {'12.00-13.35': 4, '13.55-15.30': 4, '15.40-17.15': 4, '17.45-19.20': 4}}
2024-10-30 12:19:33,088 - [INFO] - parce_worksheet_excel - Sheet #5 was successfully parsed
2024-10-30 12:19:33,135 - [INFO] - reformat - 
Y: from 9-14 to 130; X: 0, 2; 
2024-10-30 12:19:33,135 - [INFO] - reformat - {'10503124': 4, '10503224': 4, '10503324': 4, '10504124': 4, '10504224': 4, '10504324': 4, '10506124': 4, '10506224': 4, '10506324': 4, '10501124': 4, '10502124': 4, '10505124': 4}
2024-10-30 12:19:33,135 - [INFO] - reformat - {0: {'8.00- 9.35': 4, '9.55-11.30': 4, '11.40-13.15': 4, '13.55-15.30': 4, '15.40-17.15': 4}, 1: {'8.00- 9.35': 4, '9.55-11.30': 4, '11.40-13.15': 4, '13.55-15.30': 4, '15.40-17.15': 4}, 2: {'8.00- 9.35': 4, '9.55-11.30': 4, '11.40-13.15': 4, '13.55-15.30': 4, '15.40-17.15': 4}, 3: {'8.00- 9.35': 4, '9.55-11.30': 4, '11.40-13.15': 4, '13.55-15.30': 4, '15.40-17.15': 4}, 4: {'8.00- 9.35': 4, '9.55-11.30': 4, '11.40-13.15': 4, '13.55-15.30': 4, '15.40-17.15': 4}, 5: {'8.00- 9.35': 4, '9.55-11.30': 4, '11.40-13.15': 4, '13.55-15.30': 4}}
2024-10-30 12:19:33,692 - [INFO] - parce_worksheet_excel - Sheet #6 was successfully parsed
2024-10-30 12:19:33,729 - [INFO] - reformat - 
Y: from 9-14 to 130; X: 0, 2; 
2024-10-30 12:19:33,729 - [INFO] - reformat - {'10601124': 4, '10601224': 4, '10609124': 4, '10602124': 4, '10602224': 4, '10603124': 4, '10603224': 4, '10603324': 4}
2024-10-30 12:19:33,730 - [INFO] - reformat - {0: {'8.00- 9.35': 4, '9.55-11.30': 4, '11.40-13.15': 4, '13.55-15.30': 4, '15.40-17.15': 4}, 1: {'8.00- 9.35': 4, '9.55-11.30': 4, '11.40-13.15': 4, '13.55-15.30': 4, '15.40-17.15': 4}, 2: {'8.00- 9.35': 4, '9.55-11.30': 4, '11.40-13.15': 4, '13.55-15.30': 4, '15.40-17.15': 4}, 3: {'8.00- 9.35': 4, '9.55-11.30': 4, '11.40-13.15': 4, '13.55-15.30': 4, '15.40-17.15': 4}, 4: {'8.00- 9.35': 4, '9.55-11.30': 4, '11.40-13.15': 4, '13.55-15.30': 4, '15.40-17.15': 4}, 5: {'8.00- 9.35': 4, '9.55-11.30': 4, '11.40-13.15': 4, '13.55-15.30': 4}}
2024-10-30 12:19:33,973 - [INFO] - parce_worksheet_excel - Sheet #7 was successfully parsed
2024-10-30 12:19:34,033 - [INFO] - reformat - 
Y: from 9-14 to 130; X: 0, 2; 
2024-10-30 12:19:34,034 - [INFO] - reformat - {'10604124': 4, '10604224': 4, '10608124': 4, '10605124': 4, '10605224': 4, '10606124': 4, '10607124': 4}
2024-10-30 12:19:34,035 - [INFO] - reformat - {0: {'8.00- 9.35': 4, '9.55-11.30': 4, '11.40-13.15': 4, '13.55-15.30': 4, '15.40-17.15': 4}, 1: {'8.00- 9.35': 4, '9.55-11.30': 4, '11.40-13.15': 4, '13.55-15.30': 4, '15.40-17.15': 4}, 2: {'8.00- 9.35': 4, '9.55-11.30': 4, '11.40-13.15': 4, '13.55-15.30': 4, '15.40-17.15': 4}, 3: {'8.00- 9.35': 4, '9.55-11.30': 4, '11.40-13.15': 4, '13.55-15.30': 4, '15.40-17.15': 4}, 4: {'8.00- 9.35': 4, '9.55-11.30': 4, '11.40-13.15': 4, '13.55-15.30': 4, '15.40-17.15': 4}, 5: {'8.00- 9.35': 4, '9.55-11.30': 4, '11.40-13.15': 4, '13.55-15.30': 4}}
2024-10-30 12:19:34,349 - [INFO] - parce_worksheet_excel - Sheet #8 was successfully parsed
2024-10-30 12:19:34,442 - [INFO] - reformat - 
Y: from 10-15 to 131; X: 0, 2; 
2024-10-30 12:19:34,442 - [INFO] - reformat - {'10701124': 4, '10701224': 4, '10701324': 4, '10701424': 4, '10706124': 4, '10706224': 4, '10703124': 4, '10703224': 4, '10703324': 4, '10702324': 4, '10702424': 4, '10702524': 4, '10705124': 4, '10705224': 4}
2024-10-30 12:19:34,442 - [INFO] - reformat - {0: {'12.00-13.35': 4, '13.55-15.30': 4, '15.40-17.15': 4, '17.45-19.20': 4, '19.30-21.05': 4}, 1: {'12.00-13.35': 4, '13.55-15.30': 4, '15.40-17.15': 4, '17.45-19.20': 4, '19.30-21.05': 4}, 2: {'12.00-13.35': 4, '13.55-15.30': 4, '15.40-17.15': 4, '17.45-19.20': 4, '19.30-21.05': 4}, 3: {'12.00-13.35': 4, '13.55-15.30': 4, '15.40-17.15': 4, '17.45-19.20': 4, '19.30-21.05': 4}, 4: {'12.00-13.35': 4, '13.55-15.30': 4, '15.40-17.15': 4, '17.45-19.20': 4, '19.30-21.05': 4}, 5: {'12.00-13.35': 4, '13.55-15.30': 4, '15.40-17.15': 4, '17.45-19.20': 4}}
2024-10-30 12:19:35,197 - [INFO] - parce_worksheet_excel - Sheet #9 was successfully parsed
2024-10-30 12:19:35,283 - [INFO] - reformat - 
Y: from 9-14 to 134; X: 0, 2; 
2024-10-30 12:19:35,283 - [INFO] - reformat - {'10801124': 4, '10801224': 4, '10801324': 4, '10802124': 4, '10803124': 4, '10804124': 4, '10806124': 4, '10806224': 4, '10806324': 4, '10807124': 4, '10809124': 4, '10809224': 4, '10808124': 4, '10808224': 4}
2024-10-30 12:19:35,284 - [INFO] - reformat - {0: {'8.00- 9.35': 4, '9.55-11.30': 4, '11.40-13.15': 4, '13.55-15.30': 4, '15.40-17.15': 4}, 1: {'8.00- 9.35': 4, '9.55-11.30': 4, '11.40-13.15': 4, '13.55-15.30': 4, '15.40-17.15': 4}, 2: {'8.00- 9.35': 4, '9.55-11.30': 4, '11.40-13.15': 4, '13.55-15.30': 4, '15.40-17.15': 4}, 3: {'8.00- 9.35': 4, '9.55-11.30': 4, '11.40-13.15': 4, '13.55-15.30': 4, '15.40-17.15': 4}, 4: {'8.00- 9.35': 4, '9.55-11.30': 4, '11.40-13.15': 4, '13.55-15.30': 4, '15.40-17.15': 4}, 5: {'8.00- 9.35': 4, '9.55-11.30': 4, '11.40-13.15': 4, '13.55-15.30': 4, '19.30-21.05': 4}}
2024-10-30 12:19:36,095 - [INFO] - parce_worksheet_excel - Sheet #10 was successfully parsed
2024-10-30 12:19:36,124 - [INFO] - reformat - 
Y: from 9-14 to 130; X: 0, 2; 
2024-10-30 12:19:36,125 - [INFO] - reformat - {'10903124': 4, '10903324': 4, '10903524': 4, '10904124': 4, '10903724': 4}
2024-10-30 12:19:36,125 - [INFO] - reformat - {0: {'8.00- 9.35': 4, '9.55-11.30': 4, '11.40-13.15': 4, '13.55-15.30': 4, '15.40-17.15': 4}, 1: {'8.00- 9.35': 4, '9.55-11.30': 4, '11.40-13.15': 4, '13.55-15.30': 4, '15.40-17.15': 4}, 2: {'8.00- 9.35': 4, '9.55-11.30': 4, '11.40-13.15': 4, '13.55-15.30': 4, '15.40-17.15': 4}, 3: {'8.00- 9.35': 4, '9.55-11.30': 4, '11.40-13.15': 4, '13.55-15.30': 4, '15.40-17.15': 4}, 4: {'8.00- 9.35': 4, '9.55-11.30': 4, '11.40-13.15': 4, '13.55-15.30': 4, '15.40-17.15': 4}, 5: {'8.00- 9.35': 4, '9.55-11.30': 4, '11.40-13.15': 4, '13.55-15.30': 4}}
2024-10-30 12:19:36,272 - [INFO] - parce_worksheet_excel - Sheet #11 was successfully parsed
2024-10-30 12:19:36,335 - [INFO] - reformat - 
Y: from 10-15 to 131; X: 0, 2; 
2024-10-30 12:19:36,336 - [INFO] - reformat - {'11001124': 4, '11001224': 4, '11002124': 4, '11002224': 4, '11004124': 4, '11004224': 4, '11004324': 4, '11003124': 4, '11003224': 4, '11005124': 4, '11006124': 4}
2024-10-30 12:19:36,336 - [INFO] - reformat - {0: {'8.00- 9.35': 4, '9.55-11.30': 4, '11.40-13.15': 4, '13.55-15.30': 4, '15.40-17.15': 4}, 1: {'8.00- 9.35': 4, '9.55-11.30': 4, '11.40-13.15': 4, '13.55-15.30': 4, '15.40-17.15': 4}, 2: {'8.00- 9.35': 4, '9.55-11.30': 4, '11.40-13.15': 4, '13.55-15.30': 4, '15.40-17.15': 4}, 3: {'8.00- 9.35': 4, '9.55-11.30': 4, '11.40-13.15': 4, '13.55-15.30': 4, '15.40-17.15': 4}, 4: {'8.00- 9.35': 4, '9.55-11.30': 4, '11.40-13.15': 4, '13.55-15.30': 4, '15.40-17.15': 4}, 5: {'8.00- 9.35': 4, '9.55-11.30': 4, '11.40-13.15': 4, '13.55-15.30': 4}}
2024-10-30 12:19:36,846 - [INFO] - parce_worksheet_excel - Sheet #12 was successfully parsed
2024-10-30 12:19:36,893 - [INFO] - reformat - 
Y: from 10-15 to 131; X: 0, 2; 
2024-10-30 12:19:36,893 - [INFO] - reformat - {'11201124': 4, '11201224': 4, '11201324': 4, '11201424': 4, '11201524': 4, '11202124': 4, '11205124': 4, '11203124': 4}
2024-10-30 12:19:36,893 - [INFO] - reformat - {0: {'8.00- 9.35': 4, '9.55-11.30': 4, '11.40-13.15': 4, '13.55-15.30': 4, '15.40-17.15': 4}, 1: {'8.00- 9.35': 4, '9.55-11.30': 4, '11.40-13.15': 4, '13.55-15.30': 4, '15.40-17.15': 4}, 2: {'8.00- 9.35': 4, '9.55-11.30': 4, '11.40-13.15': 4, '13.55-15.30': 4, '15.40-17.15': 4}, 3: {'8.00- 9.35': 4, '9.55-11.30': 4, '11.40-13.15': 4, '13.55-15.30': 4, '15.40-17.15': 4}, 4: {'8.00- 9.35': 4, '9.55-11.30': 4, '11.40-13.15': 4, '13.55-15.30': 4, '15.40-17.15': 4}, 5: {'8.00- 9.35': 4, '9.55-11.30': 4, '11.40-13.15': 4, '13.55-15.30': 4}}
2024-10-30 12:19:37,142 - [INFO] - parce_worksheet_excel - Sheet #13 was successfully parsed
2024-10-30 12:19:37,213 - [INFO] - reformat - 
Y: from 9-14 to 130; X: 0, 2; 
2024-10-30 12:19:37,213 - [INFO] - reformat - {'11301124': 4, '11303124': 4, '11312124': 4, '11310124': 4, '11304124': 4, '11305124': 4, '11311124': 4, '11302124': 4, '11307124': 4, '11309124': 4}
2024-10-30 12:19:37,213 - [INFO] - reformat - {0: {'8.00- 9.35': 4, '9.55-11.30': 4, '11.40-13.15': 4, '13.55-15.30': 4, '15.40-17.15': 4}, 1: {'8.00- 9.35': 4, '9.55-11.30': 4, '11.40-13.15': 4, '13.55-15.30': 4, '15.40-17.15': 4}, 2: {'8.00- 9.35': 4, '9.55-11.30': 4, '11.40-13.15': 4, '13.55-15.30': 4, '15.40-17.15': 4}, 3: {'8.00- 9.35': 4, '9.55-11.30': 4, '11.40-13.15': 4, '13.55-15.30': 4, '15.40-17.15': 4}, 4: {'8.00- 9.35': 4, '9.55-11.30': 4, '11.40-13.15': 4, '13.55-15.30': 4, '15.40-17.15': 4}, 5: {'8.00- 9.35': 4, '9.55-11.30': 4, '11.40-13.15': 4, '13.55-15.30': 4}}
2024-10-30 12:19:37,594 - [INFO] - parce_worksheet_excel - Sheet #14 was successfully parsed
2024-10-30 12:19:37,640 - [INFO] - reformat - 
Y: from 10-15 to 131; X: 0, 2; 
2024-10-30 12:19:37,640 - [INFO] - reformat - {'11402124': 4, '11402224': 4, '11403124': 4, '11403224': 4, '11403324': 4, '11403424': 4, '11404124': 4, '11404224': 4, '11401124': 4}
2024-10-30 12:19:37,640 - [INFO] - reformat - {0: {'8.00- 9.35': 4, '9.55-11.30': 4, '11.40-13.15': 4, '13.55-15.30': 4, '15.40-17.15': 4}, 1: {'8.00- 9.35': 4, '9.55-11.30': 4, '11.40-13.15': 4, '13.55-15.30': 4, '15.40-17.15': 4}, 2: {'8.00- 9.35': 4, '9.55-11.30': 4, '11.40-13.15': 4, '13.55-15.30': 4, '15.40-17.15': 4}, 3: {'8.00- 9.35': 4, '9.55-11.30': 4, '11.40-13.15': 4, '13.55-15.30': 4, '15.40-17.15': 4}, 4: {'8.00- 9.35': 4, '9.55-11.30': 4, '11.40-13.15': 4, '13.55-15.30': 4, '15.40-17.15': 4}, 5: {'8.00- 9.35': 4, '9.55-11.30': 4, '11.40-13.15': 4, '13.55-15.30': 4}}
2024-10-30 12:19:37,964 - [INFO] - parce_worksheet_excel - Sheet #15 was successfully parsed
2024-10-30 12:19:38,011 - [INFO] - reformat - 
Y: from 9-13 to 129; X: 0, 2; 
2024-10-30 12:19:38,011 - [INFO] - reformat - {'11501124': 4, '11501224': 4, '11502124': 4, '11502224': 4, '11503124': 4, '11505124': 4, '11504124': 4}
2024-10-30 12:19:38,011 - [INFO] - reformat - {0: {'8.00- 9.35': 4, '9.55-11.30': 4, '11.40-13.15': 4, '13.55-15.30': 4, '15.40-17.15': 4}, 1: {'8.00- 9.35': 4, '9.55-11.30': 4, '11.40-13.15': 4, '13.55-15.30': 4, '15.40-17.15': 4}, 2: {'8.00- 9.35': 4, '9.55-11.30': 4, '11.40-13.15': 4, '13.55-15.30': 4, '15.40-17.15': 4}, 3: {'8.00- 9.35': 4, '9.55-11.30': 4, '11.40-13.15': 4, '13.55-15.30': 4, '15.40-17.15': 4}, 4: {'8.00- 9.35': 4, '9.55-11.30': 4, '11.40-13.15': 4, '13.55-15.30': 4, '15.40-17.15': 4}, 5: {'8.00- 9.35': 4, '9.55-11.30': 4, '11.40-13.15': 4, '13.55-15.30': 4}}
2024-10-30 12:19:38,216 - [INFO] - parce_worksheet_excel - Sheet #16 was successfully parsed
2024-10-30 12:19:38,236 - [INFO] - reformat - 
Y: from 9-14 to 130; X: 0, 2; 
2024-10-30 12:19:38,236 - [INFO] - reformat - {'11902124': 4, '11902224': 4, '11904124': 4, '11904224': 4}
2024-10-30 12:19:38,236 - [INFO] - reformat - {0: {'12.00-13.35': 4, '13.55-15.30': 4, '15.40-17.15': 4, '17.45-19.20': 4, '19.30-21.05': 4}, 1: {'12.00-13.35': 4, '13.55-15.30': 4, '15.40-17.15': 4, '17.45-19.20': 4, '19.30-21.05': 4}, 2: {'12.00-13.35': 4, '13.55-15.30': 4, '15.40-17.15': 4, '17.45-19.20': 4, '19.30-21.05': 4}, 3: {'12.00-13.35': 4, '13.55-15.30': 4, '15.40-17.15': 4, '17.45-19.20': 4, '19.30-21.05': 4}, 4: {'12.00-13.35': 4, '13.55-15.30': 4, '15.40-17.15': 4, '17.45-19.20': 4, '19.30-21.05': 4}, 5: {'12.00-13.35': 4, '13.55-15.30': 4, '15.40-17.15': 4, '17.45-19.20': 4}}
2024-10-30 12:19:38,311 - [INFO] - parce_worksheet_excel - Sheet #17 was successfully parsed
2024-10-30 12:19:38,312 - [INFO] - main - 


------------------------------------------------

2024-10-30 12:19:38,312 - [INFO] - main - parsing/sheets/2kurs.xls
2024-10-30 12:19:38,751 - [INFO] - parce_workbook_excel - 
----------------------------------
Book /Users/mivanoffka/Documents/Разработка/Python/BNTU_Timetable/parsing/sheets/2kurs.xls
2024-10-30 12:19:38,812 - [INFO] - reformat - 
Y: from 9-14 to 130; X: 0, 2; 
2024-10-30 12:19:38,813 - [INFO] - reformat - {'10111123': 4, '10111223': 4, '10114123': 4, '10115123': 4, '10117123': 4, '10116123': 4, '10103123': 4, '10104123': 4, '10104223': 4}
2024-10-30 12:19:38,813 - [INFO] - reformat - {0: {'8.00- 9.35': 4, '9.55-11.30': 4, '11.40-13.15': 4, '13.55-15.30': 4, '15.40-17.15': 4}, 1: {'8.00- 9.35': 4, '9.55-11.30': 4, '11.40-13.15': 4, '13.55-15.30': 4, '15.40-17.15': 4}, 2: {'8.00- 9.35': 4, '9.55-11.30': 4, '11.40-13.15': 4, '13.55-15.30': 4, '15.40-17.15': 4}, 3: {'8.00- 9.35': 4, '9.55-11.30': 4, '11.40-13.15': 4, '13.55-15.30': 4, '15.40-17.15': 4}, 4: {'8.00- 9.35': 4, '9.55-11.30': 4, '11.40-13.15': 4, '13.55-15.30': 4, '15.40-17.15': 4}, 5: {'8.00- 9.35': 4, '9.55-11.30': 4, '11.40-13.15': 4, '13.55-15.30': 4}}
2024-10-30 12:19:39,176 - [INFO] - parce_worksheet_excel - Sheet #1 was successfully parsed
2024-10-30 12:19:39,226 - [INFO] - reformat - 
Y: from 9-14 to 130; X: 0, 2; 
2024-10-30 12:19:39,226 - [INFO] - reformat - {'10105123': 4, '10105223': 4, '10107123': 4, '10107223': 4, '10107323': 4, '10106123': 4, '10106223': 4, '10108123': 4, '10110123': 4, '10109123': 4}
2024-10-30 12:19:39,226 - [INFO] - reformat - {0: {'8.00- 9.35': 4, '9.55-11.30': 4, '11.40-13.15': 4, '13.55-15.30': 4, '15.40-17.15': 4}, 1: {'8.00- 9.35': 4, '9.55-11.30': 4, '11.40-13.15': 4, '13.55-15.30': 4, '15.40-17.15': 4}, 2: {'8.00- 9.35': 4, '9.55-11.30': 4, '11.40-13.15': 4, '13.55-15.30': 4, '15.40-17.15': 4}, 3: {'8.00- 9.35': 4, '9.55-11.30': 4, '11.40-13.15': 4, '13.55-15.30': 4, '15.40-17.15': 4}, 4: {'8.00- 9.35': 4, '9.55-11.30': 4, '11.40-13.15': 4, '13.55-15.30': 4, '15.40-17.15': 4}, 5: {'8.00- 9.35': 4, '9.55-11.30': 4, '11.40-13.15': 4, '13.55-15.30': 4}}
2024-10-30 12:19:39,590 - [INFO] - parce_worksheet_excel - Sheet #2 was successfully parsed
2024-10-30 12:19:39,610 - [INFO] - reformat - 
Y: from 10-15 to 131; X: 0, 2; 
2024-10-30 12:19:39,610 - [INFO] - reformat - {'10208123': 4, '10205123': 4, '10205223': 4}
2024-10-30 12:19:39,610 - [INFO] - reformat - {0: {'12.00-13.35': 4, '13.55-15.30': 4, '15.40-17.15': 4, '17.45-19.20': 4, '19.30-21.05': 4}, 1: {'12.00-13.35': 4, '13.55-15.30': 4, '15.40-17.15': 4, '17.45-19.20': 4, '19.30-21.05': 4}, 2: {'12.00-13.35': 4, '13.55-15.30': 4, '15.40-17.15': 4, '17.45-19.20': 4, '19.30-21.05': 4}, 3: {'12.00-13.35': 4, '13.55-15.30': 4, '15.40-17.15': 4, '17.45-19.20': 4, '19.30-21.05': 4}, 4: {'12.00-13.35': 4, '13.55-15.30': 4, '15.40-17.15': 4, '17.45-19.20': 4, '19.30-21.05': 4}, 5: {'12.00-13.35': 4, '13.55-15.30': 4, '15.40-17.15': 4, '17.45-19.20': 4}}
2024-10-30 12:19:39,654 - [INFO] - parce_worksheet_excel - Sheet #3 was successfully parsed
2024-10-30 12:19:39,739 - [INFO] - reformat - 
Y: from 9-14 to 130; X: 0, 2; 
2024-10-30 12:19:39,739 - [INFO] - reformat - {'10301123': 4, '10301223': 4, '10301323': 4, '10301423': 4, '10303123': 4, '10305123': 4, '10305223': 4, '10306123': 4, '10309123': 4, '10302123': 4, '10302223': 4}
2024-10-30 12:19:39,739 - [INFO] - reformat - {0: {'12.00-13.35': 4, '13.55-15.30': 4, '15.40-17.15': 4, '17.45-19.20': 4, '19.30-21.05': 4}, 1: {'12.00-13.35': 4, '13.55-15.30': 4, '15.40-17.15': 4, '17.45-19.20': 4, '19.30-21.05': 4}, 2: {'12.00-13.35': 4, '13.55-15.30': 4, '15.40-17.15': 4, '17.45-19.20': 4, '19.30-21.05': 4}, 3: {'12.00-13.35': 4, '13.55-15.30': 4, '15.40-17.15': 4, '17.45-19.20': 4, '19.30-21.05': 4}, 4: {'12.00-13.35': 4, '13.55-15.30': 4, '15.40-17.15': 4, '17.45-19.20': 4, '19.30-21.05': 4}, 5: {'12.00-13.35': 4, '13.55-15.30': 4, '15.40-17.15': 4, '17.45-19.20': 4}}
2024-10-30 12:19:40,278 - [INFO] - parce_worksheet_excel - Sheet #4 was successfully parsed
2024-10-30 12:19:40,334 - [INFO] - reformat - 
Y: from 9-14 to 130; X: 0, 2; 
2024-10-30 12:19:40,334 - [INFO] - reformat - {'10401123': 4, '10402223': 4, '10403123': 4, '10404123': 4, '10404223': 4, '10405223': 4, '10405523': 4, '10405623': 4}
2024-10-30 12:19:40,334 - [INFO] - reformat - {0: {'12.00-13.35': 4, '13.55-15.30': 4, '15.40-17.15': 4, '17.45-19.20': 4, '19.30-21.05': 4}, 1: {'12.00-13.35': 4, '13.55-15.30': 4, '15.40-17.15': 4, '17.45-19.20': 4, '19.30-21.05': 4}, 2: {'12.00-13.35': 4, '13.55-15.30': 4, '15.40-17.15': 4, '17.45-19.20': 4, '19.30-21.05': 4}, 3: {'12.00-13.35': 4, '13.55-15.30': 4, '15.40-17.15': 4, '17.45-19.20': 4, '19.30-21.05': 4}, 4: {'12.00-13.35': 4, '13.55-15.30': 4, '15.40-17.15': 4, '17.45-19.20': 4, '19.30-21.05': 4}, 5: {'12.00-13.35': 4, '13.55-15.30': 4, '15.40-17.15': 4, '17.45-19.20': 4}}
2024-10-30 12:19:40,691 - [INFO] - parce_worksheet_excel - Sheet #5 was successfully parsed
2024-10-30 12:19:40,741 - [INFO] - reformat - 
Y: from 9-14 to 130; X: 0, 2; 
2024-10-30 12:19:40,741 - [INFO] - reformat - {'10503123': 4, '10503223': 4, '10503323': 4, '10504123': 4, '10504223': 4, '10504323': 4, '10506123': 4, '10506223': 4, '10506323': 4, '10505123': 4, '10502123': 4, '10501123': 4}
2024-10-30 12:19:40,742 - [INFO] - reformat - {0: {'8.00- 9.35': 4, '9.55-11.30': 4, '11.40-13.15': 4, '13.55-15.30': 4, '15.40-17.15': 4}, 1: {'8.00- 9.35': 4, '9.55-11.30': 4, '11.40-13.15': 4, '13.55-15.30': 4, '15.40-17.15': 4}, 2: {'8.00- 9.35': 4, '9.55-11.30': 4, '11.40-13.15': 4, '13.55-15.30': 4, '15.40-17.15': 4}, 3: {'8.00- 9.35': 4, '9.55-11.30': 4, '11.40-13.15': 4, '13.55-15.30': 4, '15.40-17.15': 4}, 4: {'8.00- 9.35': 4, '9.55-11.30': 4, '11.40-13.15': 4, '13.55-15.30': 4, '15.40-17.15': 4}, 5: {'8.00- 9.35': 4, '9.55-11.30': 4, '11.40-13.15': 4, '13.55-15.30': 4}}
2024-10-30 12:19:41,278 - [INFO] - parce_worksheet_excel - Sheet #6 was successfully parsed
2024-10-30 12:19:41,313 - [INFO] - reformat - 
Y: from 9-14 to 130; X: 0, 2; 
2024-10-30 12:19:41,313 - [INFO] - reformat - {'10604123': 4, '10604223': 4, '10608123': 4, '10605123': 4, '10605223': 4, '10606123': 4, '10607123': 4}
2024-10-30 12:19:41,313 - [INFO] - reformat - {0: {'8.00- 9.35': 4, '9.55-11.30': 4, '11.40-13.15': 4, '13.55-15.30': 4, '15.40-17.15': 4}, 1: {'8.00- 9.35': 4, '9.55-11.30': 4, '11.40-13.15': 4, '13.55-15.30': 4, '15.40-17.15': 4}, 2: {'8.00- 9.35': 4, '9.55-11.30': 4, '11.40-13.15': 4, '13.55-15.30': 4, '15.40-17.15': 4}, 3: {'8.00- 9.35': 4, '9.55-11.30': 4, '11.40-13.15': 4, '13.55-15.30': 4, '15.40-17.15': 4}, 4: {'8.00- 9.35': 4, '9.55-11.30': 4, '11.40-13.15': 4, '13.55-15.30': 4, '15.40-17.15': 4}, 5: {'8.00- 9.35': 4, '9.55-11.30': 4, '11.40-13.15': 4, '13.55-15.30': 4}}
2024-10-30 12:19:41,581 - [INFO] - parce_worksheet_excel - Sheet #7 was successfully parsed
2024-10-30 12:19:41,617 - [INFO] - reformat - 
Y: from 9-14 to 130; X: 0, 2; 
2024-10-30 12:19:41,617 - [INFO] - reformat - {'10601123': 4, '10601223': 4, '10609123': 4, '10602123': 4, '10602223': 4, '10603123': 4, '10603223': 4, '10603323': 4}
2024-10-30 12:19:41,617 - [INFO] - reformat - {0: {'8.00- 9.35': 4, '9.55-11.30': 4, '11.40-13.15': 4, '13.55-15.30': 4, '15.40-17.15': 4}, 1: {'8.00- 9.35': 4, '9.55-11.30': 4, '11.40-13.15': 4, '13.55-15.30': 4, '15.40-17.15': 4}, 2: {'8.00- 9.35': 4, '9.55-11.30': 4, '11.40-13.15': 4, '13.55-15.30': 4, '15.40-17.15': 4}, 3: {'8.00- 9.35': 4, '9.55-11.30': 4, '11.40-13.15': 4, '13.55-15.30': 4, '15.40-17.15': 4}, 4: {'8.00- 9.35': 4, '9.55-11.30': 4, '11.40-13.15': 4, '13.55-15.30': 4, '15.40-17.15': 4}, 5: {'8.00- 9.35': 4, '9.55-11.30': 4, '11.40-13.15': 4, '13.55-15.30': 4}}
2024-10-30 12:19:41,884 - [INFO] - parce_worksheet_excel - Sheet #8 was successfully parsed
2024-10-30 12:19:41,983 - [INFO] - reformat - 
Y: from 11-16 to 132; X: 0, 2; 
2024-10-30 12:19:41,984 - [INFO] - reformat - {'10701123': 4, '10701223': 4, '10701323': 4, '10706123': 4, '10703123': 4, '10703223': 4, '10702323': 4, '10702423': 4, '10702523': 4, '10705123': 4, '10705223': 4, '10701423': 4}
2024-10-30 12:19:41,984 - [INFO] - reformat - {0: {'12.00-13.35': 4, '13.55-15.30': 4, '15.40-17.15': 4, '17.45-19.20': 4, '19.30-21.05': 4}, 1: {'12.00-13.35': 4, '13.55-15.30': 4, '15.40-17.15': 4, '17.45-19.20': 4, '19.30-21.05': 4}, 2: {'12.00-13.35': 4, '13.55-15.30': 4, '15.40-17.15': 4, '17.45-19.20': 4, '19.30-21.05': 4}, 3: {'12.00-13.35': 4, '13.55-15.30': 4, '15.40-17.15': 4, '17.45-19.20': 4, '19.30-21.05': 4}, 4: {'12.00-13.35': 4, '13.55-15.30': 4, '15.40-17.15': 4, '17.45-19.20': 4, '19.30-21.05': 4}, 5: {'12.00-13.35': 4, '13.55-15.30': 4, '15.40-17.15': 4, '17.45-19.20': 4}}
2024-10-30 12:19:42,567 - [INFO] - parce_worksheet_excel - Sheet #9 was successfully parsed
2024-10-30 12:19:42,649 - [INFO] - reformat - 
Y: from 9-14 to 130; X: 0, 2; 
2024-10-30 12:19:42,649 - [INFO] - reformat - {'10801123': 4, '10801223': 4, '10801323': 4, '10802123': 4, '10803123': 4, '10804123': 4, '10804223': 4, '10806123': 4, '10806223': 4, '10806323': 4, '10807123': 4, '10809123': 4, '10808123': 4, '10808223': 4}
2024-10-30 12:19:42,650 - [INFO] - reformat - {0: {'8.00- 9.35': 4, '9.55-11.30': 4, '11.40-13.15': 4, '13.55-15.30': 4, '15.40-17.15': 4}, 1: {'8.00- 9.35': 4, '9.55-11.30': 4, '11.40-13.15': 4, '13.55-15.30': 4, '15.40-17.15': 4}, 2: {'8.00- 9.35': 4, '9.55-11.30': 4, '11.40-13.15': 4, '13.55-15.30': 4, '15.40-17.15': 4}, 3: {'8.00- 9.35': 4, '9.55-11.30': 4, '11.40-13.15': 4, '13.55-15.30': 4, '15.40-17.15': 4}, 4: {'8.00- 9.35': 4, '9.55-11.30': 4, '11.40-13.15': 4, '13.55-15.30': 4, '15.40-17.15': 4}, 5: {'8.00- 9.35': 4, '9.55-11.30': 4, '11.40-13.15': 4, '13.55-15.30': 4}}
2024-10-30 12:19:43,442 - [INFO] - parce_worksheet_excel - Sheet #10 was successfully parsed
2024-10-30 12:19:43,461 - [INFO] - reformat - 
Y: from 9-14 to 130; X: 0, 2; 
2024-10-30 12:19:43,461 - [INFO] - reformat - {'10903123': 4, '10903423': 4, '10903523': 4, '10904123': 4, '10903723': 4}
2024-10-30 12:19:43,461 - [INFO] - reformat - {0: {'8.00- 9.35': 4, '9.55-11.30': 4, '11.40-13.15': 4, '13.55-15.30': 4, '15.40-17.15': 4}, 1: {'8.00- 9.35': 4, '9.55-11.30': 4, '11.40-13.15': 4, '13.55-15.30': 4, '15.40-17.15': 4}, 2: {'8.00- 9.35': 4, '9.55-11.30': 4, '11.40-13.15': 4, '13.55-15.30': 4, '15.40-17.15': 4}, 3: {'8.00- 9.35': 4, '9.55-11.30': 4, '11.40-13.15': 4, '13.55-15.30': 4, '15.40-17.15': 4}, 4: {'8.00- 9.35': 4, '9.55-11.30': 4, '11.40-13.15': 4, '13.55-15.30': 4, '15.40-17.15': 4}, 5: {'8.00- 9.35': 4, '9.55-11.30': 4, '11.40-13.15': 4, '13.55-15.30': 4}}
2024-10-30 12:19:43,580 - [INFO] - parce_worksheet_excel - Sheet #11 was successfully parsed
2024-10-30 12:19:43,631 - [INFO] - reformat - 
Y: from 10-15 to 131; X: 0, 2; 
2024-10-30 12:19:43,632 - [INFO] - reformat - {'11001123': 4, '11001223': 4, '11002123': 4, '11002223': 4, '11004123': 4, '11004223': 4, '11004323': 4, '11003123': 4, '11005123': 4, '11006123': 4}
2024-10-30 12:19:43,632 - [INFO] - reformat - {0: {'8.00- 9.35': 4, '9.55-11.30': 4, '11.40-13.15': 4, '13.55-15.30': 4, '15.40-17.15': 4}, 1: {'8.00- 9.35': 4, '9.55-11.30': 4, '11.40-13.15': 4, '13.55-15.30': 4, '15.40-17.15': 4}, 2: {'8.00- 9.35': 4, '9.55-11.30': 4, '11.40-13.15': 4, '13.55-15.30': 4, '15.40-17.15': 4}, 3: {'8.00- 9.35': 4, '9.55-11.30': 4, '11.40-13.15': 4, '13.55-15.30': 4, '15.40-17.15': 4}, 4: {'8.00- 9.35': 4, '9.55-11.30': 4, '11.40-13.15': 4, '13.55-15.30': 4, '15.40-17.15': 4}, 5: {'8.00- 9.35': 4, '9.55-11.30': 4, '11.40-13.15': 4, '13.55-15.30': 4}}
2024-10-30 12:19:44,076 - [INFO] - parce_worksheet_excel - Sheet #12 was successfully parsed
2024-10-30 12:19:44,125 - [INFO] - reformat - 
Y: from 9-14 to 130; X: 0, 2; 
2024-10-30 12:19:44,125 - [INFO] - reformat - {'11201123': 4, '11201223': 4, '11201323': 4, '11201423': 4, '11202123': 4, '11203123': 4, '11204123': 4, '11205123': 4}
2024-10-30 12:19:44,125 - [INFO] - reformat - {0: {'8.00- 9.35': 4, '9.55-11.30': 4, '11.40-13.15': 4, '13.55-15.30': 4, '15.40-17.15': 4}, 1: {'8.00- 9.35': 4, '9.55-11.30': 4, '11.40-13.15': 4, '13.55-15.30': 4, '15.40-17.15': 4}, 2: {'8.00- 9.35': 4, '9.55-11.30': 4, '11.40-13.15': 4, '13.55-15.30': 4, '15.40-17.15': 4}, 3: {'8.00- 9.35': 4, '9.55-11.30': 4, '11.40-13.15': 4, '13.55-15.30': 4, '15.40-17.15': 4}, 4: {'8.00- 9.35': 4, '9.55-11.30': 4, '11.40-13.15': 4, '13.55-15.30': 4, '15.40-17.15': 4}, 5: {'8.00- 9.35': 4, '9.55-11.30': 4, '11.40-13.15': 4, '13.55-15.30': 4}}
2024-10-30 12:19:44,416 - [INFO] - parce_worksheet_excel - Sheet #13 was successfully parsed
2024-10-30 12:19:44,487 - [INFO] - reformat - 
Y: from 9-14 to 134; X: 0, 2; 
2024-10-30 12:19:44,487 - [INFO] - reformat - {'11301123': 4, '11303123': 4, '11312123': 4, '11310123': 4, '11310223': 4, '11310323': 4, '11305123': 4, '11311123': 4, '11302123': 4, '11307123': 4, '11309123': 4}
2024-10-30 12:19:44,487 - [INFO] - reformat - {0: {'8.00- 9.35': 4, '9.55-11.30': 4, '11.40-13.15': 4, '13.55-15.30': 4, '15.40-17.15': 4}, 1: {'8.00- 9.35': 4, '9.55-11.30': 4, '11.40-13.15': 4, '13.55-15.30': 4, '15.40-17.15': 4}, 2: {'8.00- 9.35': 4, '9.55-11.30': 4, '11.40-13.15': 4, '13.55-15.30': 4, '15.40-17.15': 4}, 3: {'8.00- 9.35': 4, '9.55-11.30': 4, '11.40-13.15': 4, '13.55-15.30': 4, '15.40-17.15': 4}, 4: {'8.00- 9.35': 4, '9.55-11.30': 4, '11.40-13.15': 4, '13.55-15.30': 4, '15.40-17.15': 4}, 5: {'8.00- 9.35': 4, '9.55-11.30': 4, '11.40-13.15': 4, '13.55-15.30': 4, '15.40-17.15': 4}}
2024-10-30 12:19:44,943 - [INFO] - parce_worksheet_excel - Sheet #14 was successfully parsed
2024-10-30 12:19:44,995 - [INFO] - reformat - 
Y: from 9-14 to 134; X: 0, 2; 
2024-10-30 12:19:44,995 - [INFO] - reformat - {'11402123': 4, '11403123': 4, '11403223': 4, '11403323': 4, '11403423': 4, '11404123': 4, '11404223': 4, '11401123': 4}
2024-10-30 12:19:44,995 - [INFO] - reformat - {0: {'8.00- 9.35': 4, '9.55-11.30': 4, '11.40-13.15': 4, '13.55-15.30': 4, '15.40-17.15': 4}, 1: {'8.00- 9.35': 4, '9.55-11.30': 4, '11.40-13.15': 4, '13.55-15.30': 4, '15.40-17.15': 4}, 2: {'8.00- 9.35': 4, '9.55-11.30': 4, '11.40-13.15': 4, '13.55-15.30': 4, '15.40-17.15': 4}, 3: {'8.00- 9.35': 4, '9.55-11.30': 4, '11.40-13.15': 4, '13.55-15.30': 4, '15.40-17.15': 4}, 4: {'8.00- 9.35': 4, '9.55-11.30': 4, '11.40-13.15': 4, '13.55-15.30': 4, '15.40-17.15': 4}, 5: {'8.00- 9.35': 4, '9.55-11.30': 4, '11.40-13.15': 4, '13.55-15.30': 4, '15.40-17.15': 4}}
2024-10-30 12:19:45,311 - [INFO] - parce_worksheet_excel - Sheet #15 was successfully parsed
2024-10-30 12:19:45,349 - [INFO] - reformat - 
Y: from 9-13 to 133; X: 0, 2; 
2024-10-30 12:19:45,350 - [INFO] - reformat - {'11501123': 4, '11501223': 4, '11502123': 4, '11502223': 4, '11503123': 4, '11505123': 4, '11504123': 4}
2024-10-30 12:19:45,350 - [INFO] - reformat - {0: {'8.00- 9.35': 4, '9.55-11.30': 4, '11.40-13.15': 4, '13.55-15.30': 4, '15.40-17.15': 4}, 1: {'8.00- 9.35': 4, '9.55-11.30': 4, '11.40-13.15': 4, '13.55-15.30': 4, '15.40-17.15': 4}, 2: {'8.00- 9.35': 4, '9.55-11.30': 4, '11.40-13.15': 4, '13.55-15.30': 4, '15.40-17.15': 4}, 3: {'8.00- 9.35': 4, '9.55-11.30': 4, '11.40-13.15': 4, '13.55-15.30': 4, '15.40-17.15': 4}, 4: {'8.00- 9.35': 4, '9.55-11.30': 4, '11.40-13.15': 4, '13.55-15.30': 4, '15.40-17.15': 4}, 5: {'8.00- 9.35': 4, '9.55-11.30': 4, '11.40-13.15': 4, '13.55-15.30': 4, '15.40-17.15': 4}}
2024-10-30 12:19:45,554 - [INFO] - parce_worksheet_excel - Sheet #16 was successfully parsed
2024-10-30 12:19:45,579 - [INFO] - reformat - 
Y: from 8-13 to 129; X: 0, 2; 
2024-10-30 12:19:45,579 - [INFO] - reformat - {'11902123': 4, '11904123': 4}
2024-10-30 12:19:45,579 - [INFO] - reformat - {0: {'12.00-13.35': 4, '13.55-15.30': 4, '15.40-17.15': 4, '17.45-19.20': 4, '19.30-21.05': 4}, 1: {'12.00-13.35': 4, '13.55-15.30': 4, '15.40-17.15': 4, '17.45-19.20': 4, '19.30-21.05': 4}, 2: {'12.00-13.35': 4, '13.55-15.30': 4, '15.40-17.15': 4, '17.45-19.20': 4, '19.30-21.05': 4}, 3: {'12.00-13.35': 4, '13.55-15.30': 4, '15.40-17.15': 4, '17.45-19.20': 4, '19.30-21.05': 4}, 4: {'12.00-13.35': 4, '13.55-15.30': 4, '15.40-17.15': 4, '17.45-19.20': 4, '19.30-21.05': 4}, 5: {'12.00-13.35': 4, '13.55-15.30': 4, '15.40-17.15': 4, '17.45-19.20': 4}}
2024-10-30 12:19:45,612 - [INFO] - parce_worksheet_excel - Sheet #17 was successfully parsed
2024-10-30 12:19:45,612 - [INFO] - main - 


------------------------------------------------

2024-10-30 12:19:45,612 - [INFO] - main - parsing/sheets/34kurs_fitr_1.xls
2024-10-30 12:19:45,655 - [INFO] - parce_workbook_excel - 
----------------------------------
Book /Users/mivanoffka/Documents/Разработка/Python/BNTU_Timetable/parsing/sheets/34kurs_fitr_1.xls
2024-10-30 12:19:45,674 - [INFO] - reformat - 
Y: from 8-10 to 130; X: 9, 2; 
2024-10-30 12:19:45,675 - [INFO] - reformat - {'10701122': 2, '10701222': 2, '10701322': 2}
2024-10-30 12:19:45,675 - [INFO] - reformat - {0: {'12.00-13.15': 4, '13.55-15.30': 4, '15.40-17.15': 4, '17.45-19.20': 4, '19.30-21.05': 4}, 1: {'12.00-13.15': 4, '13.55-15.30': 4, '15.40-17.15': 4, '17.45-19.20': 4, '19.30-21.05': 4}, 2: {'12.00-13.15': 4, '13.55-15.30': 4, '15.40-17.15': 4, '17.45-19.20': 4, '19.30-21.05': 4}, 3: {'12.00-13.15': 4, '13.55-15.30': 4, '15.40-17.15': 4, '17.45-19.20': 4, '19.30-21.05': 4}, 4: {'12.00-13.15': 4, '13.55-15.30': 4, '15.40-17.15': 4, '17.45-19.20': 4, '19.30-21.05': 4}, 5: {'12.00-13.15': 4, '13.55-15.30': 4, '15.40-17.15': 4, '17.45-19.20': 4, '19.30-21.05': 4}}
2024-10-30 12:19:45,705 - [INFO] - parce_worksheet_excel - Sheet #1 was successfully parsed
2024-10-30 12:19:45,727 - [INFO] - reformat - 
Y: from 9-11 to 131; X: 0, 2; 
2024-10-30 12:19:45,728 - [INFO] - reformat - {'10701121': 2, '10701221': 2, '10701321': 2, '10701421': 2}
2024-10-30 12:19:45,728 - [INFO] - reformat - {0: {'12.00-13.15': 4, '13.55-15.30': 4, '15.40-17.15': 4, '17.45-19.20': 4, '19.30-21.05': 4}, 1: {'12.00-13.15': 4, '13.55-15.30': 4, '15.40-17.15': 4, '17.45-19.20': 4, '19.30-21.05': 4}, 2: {'12.00-13.15': 4, '13.55-15.30': 4, '15.40-17.15': 4, '17.45-19.20': 4, '19.30-21.05': 4}, 3: {'12.00-13.15': 4, '13.55-15.30': 4, '15.40-17.15': 4, '17.45-19.20': 4, '19.30-21.05': 4}, 4: {'12.00-13.15': 4, '13.55-15.30': 4, '15.40-17.15': 4, '17.45-19.20': 4, '19.30-21.05': 4}, 5: {'12.00-13.15': 4, '13.55-15.30': 4, '15.40-17.15': 4, '17.45-19.20': 4, '19.30-21.05': 4}}
2024-10-30 12:19:45,781 - [INFO] - parce_worksheet_excel - Sheet #2 was successfully parsed
2024-10-30 12:19:45,781 - [INFO] - main - 


------------------------------------------------

2024-10-30 12:19:45,781 - [INFO] - main - parsing/sheets/34kurs_fitr_2.xls
2024-10-30 12:19:45,829 - [INFO] - parce_workbook_excel - 
----------------------------------
Book /Users/mivanoffka/Documents/Разработка/Python/BNTU_Timetable/parsing/sheets/34kurs_fitr_2.xls
2024-10-30 12:19:45,856 - [INFO] - reformat - 
Y: from 8-10 to 122; X: 0, 2; 
2024-10-30 12:19:45,857 - [INFO] - reformat - {'10702122': 2, '10702222': 2, '10702322': 2, '10702422': 1}
2024-10-30 12:19:45,857 - [INFO] - reformat - {0: {'12.00-13.15': 4, '13.55-15.30': 4, '15.40-17.15': 4, '17.45-19.20': 4, '19.30-21.05': 4}, 1: {'12.00-13.15': 4, '13.55-15.30': 4, '15.40-17.15': 4, '17.45-19.20': 4, '19.30-21.05': 4}, 2: {'12.00-13.15': 4, '13.55-15.30': 4, '15.40-17.15': 4, '17.45-19.20': 4, '19.30-21.05': 4}, 3: {'12.00-13.15': 4, '13.55-15.30': 4, '15.40-17.15': 4, '17.45-19.20': 4, '19.30-21.05': 4}, 4: {'12.00-13.15': 4, '13.55-15.30': 4, '15.40-17.15': 4, '17.45-19.20': 4, '19.30-21.05': 4}, 5: {'12.00-13.15': 4, '13.55-15.30': 4, '15.40-17.15': 4}}
2024-10-30 12:19:45,895 - [INFO] - parce_worksheet_excel - Sheet #1 was successfully parsed
2024-10-30 12:19:45,920 - [INFO] - reformat - 
Y: from 8-10 to 122; X: 0, 2; 
2024-10-30 12:19:45,920 - [INFO] - reformat - {'10702121': 2, '10702221': 2, '10702321': 2, '10702421': 2}
2024-10-30 12:19:45,920 - [INFO] - reformat - {0: {'12.00-13.35': 4, '13.55-15.30': 4, '15.40-17.15': 4, '17.45-19.20': 4, '19.30-21.05': 4}, 1: {'12.00-13.15': 4, '13.55-15.30': 4, '15.40-17.15': 4, '17.45-19.20': 4, '19.30-21.05': 4}, 2: {'12.00-13.35': 4, '13.55-15.30': 4, '15.40-17.15': 4, '17.45-19.20': 4, '19.30-21.05': 4}, 3: {'12.00-13.35': 4, '13.55-15.30': 4, '15.40-17.15': 4, '17.45-19.20': 4, '19.30-21.05': 4}, 4: {'12.00-13.35': 4, '13.55-15.30': 4, '15.40-17.15': 4, '17.45-19.20': 4, '19.30-21.05': 4}, 5: {'9.55-11.30': 4, '12.00-13.35': 4, '13.55-15.30': 4}}
2024-10-30 12:19:45,960 - [INFO] - parce_worksheet_excel - Sheet #2 was successfully parsed
2024-10-30 12:19:45,961 - [INFO] - main - 


------------------------------------------------

2024-10-30 12:19:45,961 - [INFO] - main - parsing/sheets/34kurs_fitr_3.xls
2024-10-30 12:19:46,003 - [INFO] - parce_workbook_excel - 
----------------------------------
Book /Users/mivanoffka/Documents/Разработка/Python/BNTU_Timetable/parsing/sheets/34kurs_fitr_3.xls
2024-10-30 12:19:46,068 - [INFO] - reformat - 
Y: from 6-9 to 149; X: 0, 2; 
2024-10-30 12:19:46,068 - [INFO] - reformat - {'10703122': 4, '10703222': 4, '10706122': 4}
2024-10-30 12:19:46,069 - [INFO] - reformat - {0: {'': 4, '12.00-13.35': 4, '13.55-15.30': 4, '15.40-17.15': 4, '17.45-19.20': 4, '19.30-21.05': 4}, 1: {'': 4, '12.00-13.35': 4, '13.55-15.30': 4, '15.40-17.15': 4, '17.45-19.20': 4, '19.30-21.05': 4}, 2: {'': 4, '12.00-13.35': 4, '13.55-15.30': 4, '15.40-17.15': 4, '17.45-19.20': 4, '19.30-21.05': 4}, 3: {'9.55-11.30': 4, '12.00-13.35': 4, '13.55-15.30': 4, '15.40-17.15': 4, '17.45-19.20': 4, '19.30-21.05': 4}, 4: {'9.55-11.30': 4, '12.00-13.35': 4, '13.55-15.30': 4, '15.40-17.15': 4, '17.45-19.20': 4, '19.30-21.05': 4}, 5: {'': 4, '12.00-13.35': 4, '13.55-15.30': 4, '15.40-17.15': 4, '17.45-19.20': 4}}
2024-10-30 12:19:46,152 - [INFO] - parce_worksheet_excel - Sheet #1 was successfully parsed
2024-10-30 12:19:46,199 - [INFO] - reformat - 
Y: from 6-10 to 110; X: 0, 2; 
2024-10-30 12:19:46,200 - [INFO] - reformat - {'10703121': 4, '10703221': 4, '10706121': 4}
2024-10-30 12:19:46,200 - [INFO] - reformat - {0: {'': 4, '12.00-13.35': 4, '13.55-15.30': 4, '15.40-17.15': 4, '17.45-19.20': 4, '19.30-21.05': 4}, 1: {'': 4, '12.00-13.35': 4, '13.55-15.30': 4, '15.40-17.15': 4, '17.45-19.20': 4, '19.30-21.05': 4}, 2: {'9.55-11.30': 4, '12.00-13.35': 4, '13.55-15.30': 4, '15.40-17.15': 4, '17.45-19.20': 4, '19.30-21.05': 4}, 3: {'8.00-9.35': 4, '9.55-11.30': 4, '12.00-13.35': 4, '13.55-15.30': 4, '15.40-17.15': 4, '17.45-19.20': 4, '19.30-21.05': 4}, 4: None, 5: None}
2024-10-30 12:19:46,278 - [INFO] - parce_worksheet_excel - Sheet #2 was successfully parsed
2024-10-30 12:19:46,278 - [INFO] - main - 


------------------------------------------------

2024-10-30 12:19:46,278 - [INFO] - main - parsing/sheets/34kurs_fitr_4.xls
2024-10-30 12:19:46,313 - [INFO] - parce_workbook_excel - 
----------------------------------
Book /Users/mivanoffka/Documents/Разработка/Python/BNTU_Timetable/parsing/sheets/34kurs_fitr_4.xls
2024-10-30 12:19:46,332 - [INFO] - reformat - 
Y: from 9-13 to 114; X: 0, 2; 
2024-10-30 12:19:46,332 - [INFO] - reformat - {'10705122': 4, '10705222': 4, '10705121': 4, '10705221': 4}
2024-10-30 12:19:46,332 - [INFO] - reformat - {0: {' 12.00-13.35': 4, ' 13.55-15.30': 4, '15.40-17.15': 4, '17.45-19.20': 4, '': 4}, 1: {' 12.00-13.35': 4, ' 13.55-15.30': 4, '15.40-17.15': 4, '17.45-19.20': 4, '': 4}, 2: {' 12.00-13.35': 4, ' 13.55-15.30': 4, '15.40-17.15': 4, '17.45-19.20': 4, '': 1}, 3: {' 12.00-13.35': 4, ' 13.55-15.30': 4, '15.40-17.15': 4, '17.45-19.20': 4}, 4: {' 12.00-13.35': 4, ' 13.55-15.30': 4, '15.40-17.15': 4, '17.45-19.20': 4}, 5: {'8.00-9.35': 4, '9.55-11.30': 4, '11.40-13.15': 4}}
2024-10-30 12:19:46,409 - [INFO] - parce_worksheet_excel - Sheet #1 was successfully parsed
2024-10-30 12:19:46,410 - [INFO] - main - 


------------------------------------------------

2024-10-30 12:19:46,410 - [INFO] - main - parsing/sheets/3kurs_fmmp_1.xls
2024-10-30 12:19:46,484 - [INFO] - parce_workbook_excel - 
----------------------------------
Book /Users/mivanoffka/Documents/Разработка/Python/BNTU_Timetable/parsing/sheets/3kurs_fmmp_1.xls
2024-10-30 12:19:46,511 - [INFO] - reformat - 
Y: from 9-13 to 113; X: 0, 4; 
2024-10-30 12:19:46,512 - [INFO] - reformat - {'10502121': 6, '10503121': 6, '10503221': 6, '10503321': 6}
2024-10-30 12:19:46,512 - [INFO] - reformat - {0: {'8.00-9.35': 4, '9.55-11.30': 4, '11.40-13.15': 4, '13.55-15.30': 4}, 1: {'8.00-9.35': 4, '9.55-11.30': 4, '11.40-13.15': 4, '13.55-15.30': 4}, 2: {'8.00-9.35': 4, '9.55-11.30': 4, '11.40-13.15': 4, '13.55-15.30': 4, '15.40-17.15': 4}, 3: {'8.00-9.35': 4, '9.55-11.30': 4, '11.40-13.15': 4, '13.55-15.30': 4}, 4: {'8.00-9.35': 4, '9.55-11.30': 4, '11.40-13.15': 4, '13.55-15.30': 4}, 5: {'8.00-9.35': 4, '9.55-11.30': 4, '11.40-13.15': 4, '13.55-15.30': 4}}
2024-10-30 12:19:46,603 - [INFO] - parce_worksheet_excel - Sheet #1 was successfully parsed
2024-10-30 12:19:46,616 - [INFO] - reformat - 
Y: from 40-41 to 42; X: 0, 4; 
2024-10-30 12:19:46,617 - [INFO] - reformat - {}
2024-10-30 12:19:46,617 - [INFO] - reformat - {0: {'д.Хоменко С.А. 404 к 18': 1}, 1: None, 2: None, 3: None, 4: None, 5: None}
2024-10-30 12:19:46,617 - [INFO] - parce_worksheet_excel - Sheet #2 was successfully parsed
2024-10-30 12:19:46,628 - [INFO] - reformat - 
Y: from 40-41 to 40; X: 0, 0; 
2024-10-30 12:19:46,628 - [INFO] - reformat - {}
2024-10-30 12:19:46,628 - [INFO] - reformat - {0: None, 1: None, 2: None, 3: None, 4: None, 5: None}
2024-10-30 12:19:46,629 - [INFO] - parce_worksheet_excel - Sheet #3 was successfully parsed
2024-10-30 12:19:46,638 - [INFO] - reformat - 
Y: from 40-41 to 50; X: 0, 4; 
2024-10-30 12:19:46,639 - [INFO] - reformat - {}
2024-10-30 12:19:46,639 - [INFO] - reformat - {0: {'д.Макарич М.В. 440 к 1': 1, 'Философия  и  методология науки   (лекция)   профессор  Старжинский  В.П. а  450 к 1': 4, 'группа № 8       (практика)         Основы информационных технологий   314 а, б    к 1': 4}, 1: None, 2: None, 3: None, 4: None, 5: None}
2024-10-30 12:19:46,640 - [INFO] - parce_worksheet_excel - Sheet #4 was successfully parsed
2024-10-30 12:19:46,640 - [INFO] - main - 


------------------------------------------------

2024-10-30 12:19:46,640 - [INFO] - main - parsing/sheets/3kurs_fmmp_2.xls
2024-10-30 12:19:46,715 - [INFO] - parce_workbook_excel - 
----------------------------------
Book /Users/mivanoffka/Documents/Разработка/Python/BNTU_Timetable/parsing/sheets/3kurs_fmmp_2.xls
2024-10-30 12:19:46,739 - [INFO] - reformat - 
Y: from 9-13 to 121; X: 0, 4; 
2024-10-30 12:19:46,739 - [INFO] - reformat - {'10503122': 6, '10503222': 6, '10503322': 6, '10503422': 6}
2024-10-30 12:19:46,739 - [INFO] - reformat - {0: {'8.00-9.35': 4, '9.55-11.30': 4, '11.40-13.15': 4, '13.55-15.30': 4, '15.40-17.15': 4}, 1: {'8.00-9.35': 4, '9.55-11.30': 4, '11.40-13.15': 4, '13.55-15.30': 4}, 2: {'8.00-9.35': 4, '9.55-11.30': 4, '11.40-13.15': 4, '13.55-15.30': 4, '15.40-17.15': 4}, 3: {'8.00-9.35': 4, '9.55-11.30': 4, '11.40-13.15': 4, '13.55-15.30': 4, '15.40-17.15': 4}, 4: {'8.00-9.35': 4, '9.55-11.30': 4, '11.40-13.15': 4, '13.55-15.30': 4}, 5: {'8.00-9.35': 4, '9.55-11.30': 4, '11.40-13.15': 4, '13.55-15.30': 4}}
2024-10-30 12:19:46,837 - [INFO] - parce_worksheet_excel - Sheet #1 was successfully parsed
2024-10-30 12:19:46,846 - [INFO] - reformat - 
Y: from 40-41 to 42; X: 0, 4; 
2024-10-30 12:19:46,847 - [INFO] - reformat - {}
2024-10-30 12:19:46,847 - [INFO] - reformat - {0: {'д.Хоменко С.А. 404 к 18': 1}, 1: None, 2: None, 3: None, 4: None, 5: None}
2024-10-30 12:19:46,847 - [INFO] - parce_worksheet_excel - Sheet #2 was successfully parsed
2024-10-30 12:19:46,857 - [INFO] - reformat - 
Y: from 40-41 to 40; X: 0, 0; 
2024-10-30 12:19:46,857 - [INFO] - reformat - {}
2024-10-30 12:19:46,858 - [INFO] - reformat - {0: None, 1: None, 2: None, 3: None, 4: None, 5: None}
2024-10-30 12:19:46,858 - [INFO] - parce_worksheet_excel - Sheet #3 was successfully parsed
2024-10-30 12:19:46,866 - [INFO] - reformat - 
Y: from 40-41 to 50; X: 0, 4; 
2024-10-30 12:19:46,866 - [INFO] - reformat - {}
2024-10-30 12:19:46,866 - [INFO] - reformat - {0: {'д.Макарич М.В. 440 к 1': 1, 'Философия  и  методология науки   (лекция)   профессор  Старжинский  В.П. а  450 к 1': 4, 'группа № 8       (практика)         Основы информационных технологий   314 а, б    к 1': 4}, 1: None, 2: None, 3: None, 4: None, 5: None}
2024-10-30 12:19:46,866 - [INFO] - parce_worksheet_excel - Sheet #4 was successfully parsed
2024-10-30 12:19:46,867 - [INFO] - main - 


------------------------------------------------

2024-10-30 12:19:46,867 - [INFO] - main - parsing/sheets/3kurs_fmmp_3.xls
2024-10-30 12:19:46,934 - [INFO] - parce_workbook_excel - 
----------------------------------
Book /Users/mivanoffka/Documents/Разработка/Python/BNTU_Timetable/parsing/sheets/3kurs_fmmp_3.xls
2024-10-30 12:19:46,956 - [INFO] - reformat - 
Y: from 9-13 to 113; X: 0, 4; 
2024-10-30 12:19:46,956 - [INFO] - reformat - {'10507122': 6, '10507222': 6, '10508122': 6, '10505122': 6}
2024-10-30 12:19:46,957 - [INFO] - reformat - {0: {'8.00-9.35': 4, '9.55-11.30': 4, '11.40-13.15': 4, '13.55-15.30': 4}, 1: {'8.00-9.35': 4, '9.55-11.30': 4, '11.40-13.15': 4, '13.55-15.30': 4, '15.40-17.15': 4}, 2: {'8.00-9.35': 4, '9.55-11.30': 4, '11.40-13.15': 4, '13.55-15.30': 4}, 3: {'8.00-9.35': 4, '9.55-11.30': 4, '11.40-13.15': 4, '13.55-15.30': 4}, 4: {'8.00-9.35': 4, '9.55-11.30': 4, '11.40-13.15': 4, '13.55-15.30': 4}, 5: {'8.00-9.35': 4, '9.55-11.30': 4, '11.40-13.15': 4, '13.55-15.30': 4}}
2024-10-30 12:19:47,040 - [INFO] - parce_worksheet_excel - Sheet #1 was successfully parsed
2024-10-30 12:19:47,051 - [INFO] - reformat - 
Y: from 40-41 to 42; X: 0, 4; 
2024-10-30 12:19:47,051 - [INFO] - reformat - {}
2024-10-30 12:19:47,052 - [INFO] - reformat - {0: {'д.Хоменко С.А. 404 к 18': 1}, 1: None, 2: None, 3: None, 4: None, 5: None}
2024-10-30 12:19:47,052 - [INFO] - parce_worksheet_excel - Sheet #2 was successfully parsed
2024-10-30 12:19:47,062 - [INFO] - reformat - 
Y: from 40-41 to 40; X: 0, 0; 
2024-10-30 12:19:47,062 - [INFO] - reformat - {}
2024-10-30 12:19:47,062 - [INFO] - reformat - {0: None, 1: None, 2: None, 3: None, 4: None, 5: None}
2024-10-30 12:19:47,062 - [INFO] - parce_worksheet_excel - Sheet #3 was successfully parsed
2024-10-30 12:19:47,070 - [INFO] - reformat - 
Y: from 40-41 to 50; X: 0, 4; 
2024-10-30 12:19:47,070 - [INFO] - reformat - {}
2024-10-30 12:19:47,070 - [INFO] - reformat - {0: {'д.Макарич М.В. 440 к 1': 1, 'Философия  и  методология науки   (лекция)   профессор  Старжинский  В.П. а  450 к 1': 4, 'группа № 8       (практика)         Основы информационных технологий   314 а, б    к 1': 4}, 1: None, 2: None, 3: None, 4: None, 5: None}
2024-10-30 12:19:47,071 - [INFO] - parce_worksheet_excel - Sheet #4 was successfully parsed
2024-10-30 12:19:47,071 - [INFO] - main - 


------------------------------------------------

2024-10-30 12:19:47,071 - [INFO] - main - parsing/sheets/3kurs_fmmp_4.xls
2024-10-30 12:19:47,136 - [INFO] - parce_workbook_excel - 
----------------------------------
Book /Users/mivanoffka/Documents/Разработка/Python/BNTU_Timetable/parsing/sheets/3kurs_fmmp_4.xls
2024-10-30 12:19:47,145 - [INFO] - reformat - 
Y: from 9-13 to 113; X: 0, 4; 
2024-10-30 12:19:47,145 - [INFO] - reformat - {'10502222': 18}
2024-10-30 12:19:47,145 - [INFO] - reformat - {0: {'8.00-9.35': 4, '9.55-11.30': 4, '11.40-13.15': 4, '13.55-15.30': 4}, 1: {'8.00-9.35': 4, '9.55-11.30': 4, '11.40-13.15': 4, '13.55-15.30': 4}, 2: {'8.00-9.35': 4, '9.55-11.30': 4, '11.40-13.15': 4, '13.55-15.30': 4}, 3: {'8.00-9.35': 4, '9.55-11.30': 4, '11.40-13.15': 4, '13.55-15.30': 4}, 4: {'8.00-9.35': 4, '9.55-11.30': 4, '11.40-13.15': 4, '13.55-15.30': 4}, 5: {'8.00-9.35': 4, '9.55-11.30': 4, '11.40-13.15': 4, '13.55-15.30': 4, '15.40-17.15': 4}}
2024-10-30 12:19:47,186 - [INFO] - parce_worksheet_excel - Sheet #1 was successfully parsed
2024-10-30 12:19:47,196 - [INFO] - reformat - 
Y: from 40-41 to 42; X: 0, 4; 
2024-10-30 12:19:47,196 - [INFO] - reformat - {}
2024-10-30 12:19:47,197 - [INFO] - reformat - {0: {'д.Хоменко С.А. 404 к 18': 1}, 1: None, 2: None, 3: None, 4: None, 5: None}
2024-10-30 12:19:47,197 - [INFO] - parce_worksheet_excel - Sheet #2 was successfully parsed
2024-10-30 12:19:47,205 - [INFO] - reformat - 
Y: from 40-41 to 40; X: 0, 0; 
2024-10-30 12:19:47,206 - [INFO] - reformat - {}
2024-10-30 12:19:47,206 - [INFO] - reformat - {0: None, 1: None, 2: None, 3: None, 4: None, 5: None}
2024-10-30 12:19:47,206 - [INFO] - parce_worksheet_excel - Sheet #3 was successfully parsed
2024-10-30 12:19:47,213 - [INFO] - reformat - 
Y: from 40-41 to 50; X: 0, 4; 
2024-10-30 12:19:47,213 - [INFO] - reformat - {}
2024-10-30 12:19:47,213 - [INFO] - reformat - {0: {'д.Макарич М.В. 440 к 1': 1, 'Философия  и  методология науки   (лекция)   профессор  Старжинский  В.П. а  450 к 1': 4, 'группа № 8       (практика)         Основы информационных технологий   314 а, б    к 1': 4}, 1: None, 2: None, 3: None, 4: None, 5: None}
2024-10-30 12:19:47,213 - [INFO] - parce_worksheet_excel - Sheet #4 was successfully parsed
2024-10-30 12:19:47,214 - [INFO] - main - 


------------------------------------------------

2024-10-30 12:19:47,214 - [INFO] - main - parsing/sheets/4kurs_fmmp_1.xls
2024-10-30 12:19:47,388 - [INFO] - parce_workbook_excel - 
----------------------------------
Book /Users/mivanoffka/Documents/Разработка/Python/BNTU_Timetable/parsing/sheets/4kurs_fmmp_1.xls
2024-10-30 12:19:47,403 - [INFO] - reformat - 
Y: from 9-13 to 109; X: 0, 4; 
2024-10-30 12:19:47,403 - [INFO] - reformat - {'10504122': 6, '10504222': 6, '10504322': 6, '10502122': 6}
2024-10-30 12:19:47,404 - [INFO] - reformat - {0: {'8.00-9.35': 4, '9.55-11.30': 4, '11.40-13.15': 4, '13.55-15.30': 4}, 1: {'8.00-9.35': 4, '9.55-11.30': 4, '11.40-13.15': 4, '13.55-15.30': 4}, 2: {'8.00-9.35': 4, '9.55-11.30': 4, '11.40-13.15': 4, '13.55-15.30': 4}, 3: {'8.00-9.35': 4, '9.55-11.30': 4, '11.40-13.15': 4, '13.55-15.30': 4}, 4: {'8.00-9.35': 4, '9.55-11.30': 4, '11.40-13.15': 4, '13.55-15.30': 4}, 5: {'8.00-9.35': 4, '9.55-11.30': 4, '11.40-13.15': 4, '13.55-15.30': 4}}
2024-10-30 12:19:47,491 - [INFO] - parce_worksheet_excel - Sheet #1 was successfully parsed
2024-10-30 12:19:47,502 - [INFO] - reformat - 
Y: from 40-41 to 42; X: 0, 4; 
2024-10-30 12:19:47,502 - [INFO] - reformat - {}
2024-10-30 12:19:47,502 - [INFO] - reformat - {0: {'д.Хоменко С.А. 404 к 18': 1}, 1: None, 2: None, 3: None, 4: None, 5: None}
2024-10-30 12:19:47,502 - [INFO] - parce_worksheet_excel - Sheet #2 was successfully parsed
2024-10-30 12:19:47,510 - [INFO] - reformat - 
Y: from 40-41 to 40; X: 0, 0; 
2024-10-30 12:19:47,511 - [INFO] - reformat - {}
2024-10-30 12:19:47,511 - [INFO] - reformat - {0: None, 1: None, 2: None, 3: None, 4: None, 5: None}
2024-10-30 12:19:47,511 - [INFO] - parce_worksheet_excel - Sheet #3 was successfully parsed
2024-10-30 12:19:47,519 - [INFO] - reformat - 
Y: from 40-41 to 50; X: 0, 4; 
2024-10-30 12:19:47,519 - [INFO] - reformat - {}
2024-10-30 12:19:47,519 - [INFO] - reformat - {0: {'д.Макарич М.В. 440 к 1': 1, 'Философия  и  методология науки   (лекция)   профессор  Старжинский  В.П. а  450 к 1': 4, 'группа № 8       (практика)         Основы информационных технологий   314 а, б    к 1': 4}, 1: None, 2: None, 3: None, 4: None, 5: None}
2024-10-30 12:19:47,519 - [INFO] - parce_worksheet_excel - Sheet #4 was successfully parsed
2024-10-30 12:19:47,519 - [INFO] - main - 


------------------------------------------------

2024-10-30 12:19:47,519 - [INFO] - main - parsing/sheets/4kurs_fmmp_2.xls
2024-10-30 12:19:47,616 - [INFO] - parce_workbook_excel - 
----------------------------------
Book /Users/mivanoffka/Documents/Разработка/Python/BNTU_Timetable/parsing/sheets/4kurs_fmmp_2.xls
2024-10-30 12:19:47,629 - [INFO] - reformat - 
Y: from 9-13 to 109; X: 0, 4; 
2024-10-30 12:19:47,629 - [INFO] - reformat - {'10505121': 6, '10506121': 6, '10504121': 6}
2024-10-30 12:19:47,629 - [INFO] - reformat - {0: {'8.00-9.35': 4, '9.55-11.30': 4, '11.40-13.15': 4, '13.55-15.30': 4}, 1: {'8.00-9.35': 4, '9.55-11.30': 4, '11.40-13.15': 4, '13.55-15.30': 4}, 2: {'8.00-9.35': 4, '9.55-11.30': 4, '11.40-13.15': 4, '13.55-15.30': 4}, 3: {'8.00-9.35': 4, '9.55-11.30': 4, '11.40-13.15': 4, '13.55-15.30': 4}, 4: {'8.00-9.35': 4, '9.55-11.30': 4, '11.40-13.15': 4, '13.55-15.30': 4}, 5: {'8.00-9.35': 4, '9.55-11.30': 4, '11.40-13.15': 4, '13.55-15.30': 4}}
2024-10-30 12:19:47,691 - [INFO] - parce_worksheet_excel - Sheet #1 was successfully parsed
2024-10-30 12:19:47,702 - [INFO] - reformat - 
Y: from 40-41 to 42; X: 0, 4; 
2024-10-30 12:19:47,702 - [INFO] - reformat - {}
2024-10-30 12:19:47,703 - [INFO] - reformat - {0: {'д.Хоменко С.А. 404 к 18': 1}, 1: None, 2: None, 3: None, 4: None, 5: None}
2024-10-30 12:19:47,703 - [INFO] - parce_worksheet_excel - Sheet #2 was successfully parsed
2024-10-30 12:19:47,711 - [INFO] - reformat - 
Y: from 40-41 to 40; X: 0, 0; 
2024-10-30 12:19:47,711 - [INFO] - reformat - {}
2024-10-30 12:19:47,711 - [INFO] - reformat - {0: None, 1: None, 2: None, 3: None, 4: None, 5: None}
2024-10-30 12:19:47,711 - [INFO] - parce_worksheet_excel - Sheet #3 was successfully parsed
2024-10-30 12:19:47,719 - [INFO] - reformat - 
Y: from 40-41 to 50; X: 0, 4; 
2024-10-30 12:19:47,719 - [INFO] - reformat - {}
2024-10-30 12:19:47,720 - [INFO] - reformat - {0: {'д.Макарич М.В. 440 к 1': 1, 'Философия  и  методология науки   (лекция)   профессор  Старжинский  В.П. а  450 к 1': 4, 'группа № 8       (практика)         Основы информационных технологий   314 а, б    к 1': 4}, 1: None, 2: None, 3: None, 4: None, 5: None}
2024-10-30 12:19:47,720 - [INFO] - parce_worksheet_excel - Sheet #4 was successfully parsed
2024-10-30 12:19:47,720 - [INFO] - main - 


------------------------------------------------

2024-10-30 12:19:47,720 - [INFO] - main - parsing/sheets/4kurs_fmmp_3.xls
2024-10-30 12:19:47,787 - [INFO] - parce_workbook_excel - 
----------------------------------
Book /Users/mivanoffka/Documents/Разработка/Python/BNTU_Timetable/parsing/sheets/4kurs_fmmp_3.xls
2024-10-30 12:19:47,799 - [INFO] - reformat - 
Y: from 9-13 to 109; X: 0, 4; 
2024-10-30 12:19:47,799 - [INFO] - reformat - {'10507121': 6, '10507221': 6, '10508121': 6}
2024-10-30 12:19:47,800 - [INFO] - reformat - {0: {'8.00-9.35': 4, '9.55-11.30': 4, '11.40-13.15': 4, '13.55-15.30': 4}, 1: {'8.00-9.35': 4, '9.55-11.30': 4, '11.40-13.15': 4, '13.55-15.30': 4}, 2: {'8.00-9.35': 4, '9.55-11.30': 4, '11.40-13.15': 4, '13.55-15.30': 4}, 3: {'8.00-9.35': 4, '9.55-11.30': 4, '11.40-13.15': 4, '13.55-15.30': 4}, 4: {'8.00-9.35': 4, '9.55-11.30': 4, '11.40-13.15': 4, '13.55-15.30': 4}, 5: {'8.00-9.35': 4, '9.55-11.30': 4, '11.40-13.15': 4, '13.55-15.30': 4}}
2024-10-30 12:19:47,861 - [INFO] - parce_worksheet_excel - Sheet #1 was successfully parsed
2024-10-30 12:19:47,872 - [INFO] - reformat - 
Y: from 40-41 to 42; X: 0, 4; 
2024-10-30 12:19:47,873 - [INFO] - reformat - {}
2024-10-30 12:19:47,873 - [INFO] - reformat - {0: {'д.Хоменко С.А. 404 к 18': 1}, 1: None, 2: None, 3: None, 4: None, 5: None}
2024-10-30 12:19:47,873 - [INFO] - parce_worksheet_excel - Sheet #2 was successfully parsed
2024-10-30 12:19:47,881 - [INFO] - reformat - 
Y: from 40-41 to 40; X: 0, 0; 
2024-10-30 12:19:47,881 - [INFO] - reformat - {}
2024-10-30 12:19:47,882 - [INFO] - reformat - {0: None, 1: None, 2: None, 3: None, 4: None, 5: None}
2024-10-30 12:19:47,882 - [INFO] - parce_worksheet_excel - Sheet #3 was successfully parsed
2024-10-30 12:19:47,891 - [INFO] - reformat - 
Y: from 40-41 to 50; X: 0, 4; 
2024-10-30 12:19:47,891 - [INFO] - reformat - {}
2024-10-30 12:19:47,892 - [INFO] - reformat - {0: {'д.Макарич М.В. 440 к 1': 1, 'Философия  и  методология науки   (лекция)   профессор  Старжинский  В.П. а  450 к 1': 4, 'группа № 8       (практика)         Основы информационных технологий   314 а, б    к 1': 4}, 1: None, 2: None, 3: None, 4: None, 5: None}
2024-10-30 12:19:47,892 - [INFO] - parce_worksheet_excel - Sheet #4 was successfully parsed
2024-10-30 12:19:47,893 - [INFO] - main - 


------------------------------------------------

2024-10-30 12:19:47,893 - [INFO] - main - parsing/sheets/ef_345_1.xls
2024-10-30 12:19:47,900 - [INFO] - download_and_parse - An exception occured while parsing the sheets. 

Unsupported format, or corrupt file: Expected BOF record; found b'<!DOCTYP'
2024-10-30 12:19:48,970 - [INFO] - mailing_loop - Checking time...
2024-10-30 12:20:48,971 - [INFO] - mailing_loop - Checking time...
2024-10-30 12:21:48,973 - [INFO] - mailing_loop - Checking time...
2024-10-30 12:22:48,974 - [INFO] - mailing_loop - Checking time...
2024-10-30 12:23:48,976 - [INFO] - mailing_loop - Checking time...
2024-10-30 12:24:49,088 - [INFO] - mailing_loop - Checking time...
2024-10-30 12:25:49,091 - [INFO] - mailing_loop - Checking time...
2024-10-30 12:26:49,093 - [INFO] - mailing_loop - Checking time...
2024-10-30 12:27:49,095 - [INFO] - mailing_loop - Checking time...
2024-10-30 12:28:49,099 - [INFO] - mailing_loop - Checking time...
2024-10-30 12:29:49,101 - [INFO] - mailing_loop - Checking time...
2024-10-30 12:30:49,106 - [INFO] - mailing_loop - Checking time...
2024-10-30 12:31:49,109 - [INFO] - mailing_loop - Checking time...
2024-10-30 12:32:49,113 - [INFO] - mailing_loop - Checking time...
2024-10-30 12:33:49,116 - [INFO] - mailing_loop - Checking time...
2024-10-30 12:34:49,119 - [INFO] - mailing_loop - Checking time...
2024-10-30 12:35:49,120 - [INFO] - mailing_loop - Checking time...
2024-10-30 12:36:49,123 - [INFO] - mailing_loop - Checking time...
2024-10-30 12:37:49,124 - [INFO] - mailing_loop - Checking time...
2024-10-30 12:38:49,127 - [INFO] - mailing_loop - Checking time...
2024-10-30 12:39:49,104 - [INFO] - mailing_loop - Checking time...
2024-10-30 12:40:49,082 - [INFO] - mailing_loop - Checking time...
2024-10-30 12:41:49,084 - [INFO] - mailing_loop - Checking time...
2024-10-30 12:42:49,086 - [INFO] - mailing_loop - Checking time...
2024-10-30 12:43:49,085 - [INFO] - mailing_loop - Checking time...
2024-10-30 12:44:20,185 - [INFO] - stop_polling - Stop polling...
2024-10-30 12:44:20,186 - [WARNING] - start_polling - Goodbye!
