2024-10-30 14:12:23,775 - [INFO] - mailing_loop - Mailing set to 06:00 and 18:00
2024-10-30 14:12:23,777 - [INFO] - mailing_loop - Checking time...
2024-10-30 14:12:23,779 - [INFO] - start_polling - Start polling.
2024-10-30 14:12:27,073 - [INFO] - update - Schedule updating started...
2024-10-30 14:12:27,406 - [INFO] - find_lines_with_url_ef - 



2024-10-30 14:12:27,406 - [INFO] - find_lines_with_url_ef - ['<td style="width: 26.343%; height: 22px; text-align: center;"><strong><a href="https://files.bntu.by/s/lmmoFmaWCeuDm4A">Скачать</a></strong></td>', '<td style="width: 26.343%; height: 22px; text-align: center;"><strong><a href="https://files.bntu.by/s/wB69DoxBXklziVB" title="Скачать">Скачать</a></strong></td>']
2024-10-30 14:12:27,407 - [INFO] - find_lines_with_url_ef - 



2024-10-30 14:12:27,407 - [INFO] - download_and_parse - https://files.bntu.by/s/lmmoFmaWCeuDm4A
2024-10-30 14:12:27,407 - [INFO] - download_and_parse - https://files.bntu.by/s/wB69DoxBXklziVB
2024-10-30 14:12:27,873 - [INFO] - get_link_for_cource - [['https://files.bntu.by/s/H934pnB4ZU5NrJQ/download']]
2024-10-30 14:12:27,971 - [INFO] - get_link_for_cource - [['https://files.bntu.by/s/Yj0P44qUIisprJx/download']]
2024-10-30 14:12:27,979 - [INFO] - download_and_parse - https://files.bntu.by/s/H934pnB4ZU5NrJQ/download
2024-10-30 14:12:27,980 - [INFO] - download_and_parse - https://files.bntu.by/s/Yj0P44qUIisprJx/download
2024-10-30 14:12:33,248 - [INFO] - find_lines_with_urld_fitr - 



2024-10-30 14:12:33,248 - [INFO] - find_lines_with_urld_fitr - ['<p style="font-size: medium; font-weight: 400; text-align: left;"><a href="https://static.bntu.by/bntu/new/files/file_bdda0fb6ade10c489e39f3d8a9e10b2f.xls"><span style="font-weight: 400;">Расписание учебных занятий студентов 3 и 4-го курсов специальности <strong>1-40 01 01</strong> дневной формы получения образования&nbsp;</span></a></p>', '<p style="font-size: medium; font-weight: 400; text-align: left;"><a href="https://static.bntu.by/bntu/new/files/file_ba476f7a0fbba8d7db2d095c068e7709.xls"><span style="font-weight: 400;">Расписание учебных занятий студентов 3 и 4-го курсов специальности <strong>1-40 05 01</strong> дневной формы получения образования&nbsp;</span></a></p>', '<p style="font-size: medium; font-weight: 400; text-align: left;"><a href="https://static.bntu.by/bntu/new/files/file_c47846c9cfa24d795e735b0ebb0bed11.xls"><span style="font-weight: 400;">Расписание учебных занятий студентов 3 и 4-го курсов специальности <strong>1-53 01 01 и 1-53 01 06</strong> дневной формы получения образования&nbsp;</span></a></p>', '<p style="font-size: medium; font-weight: 400; text-align: left;"><a href="https://static.bntu.by/bntu/new/files/file_eaf995ee50c555ac37f21387bbd97d5b.xls"><span style="font-weight: 400;">Расписание учебных занятий студентов 3 и 4-го курсов специальности <strong>1-53 01 05</strong> дневной формы получения образования&nbsp;</span></a></p>']
2024-10-30 14:12:33,249 - [INFO] - find_lines_with_urld_fitr - 



2024-10-30 14:13:05,315 - [INFO] - download_and_parse - Cannot download the books.
 HTTPSConnectionPool(host='drive.google.com', port=443): Max retries exceeded with url: /uc?export=download&id=1nHVcpT-qh4JHmhvVAhFPLE7CbXFSsWjB (Caused by SSLError(SSLEOFError(8, '[SSL: UNEXPECTED_EOF_WHILE_READING] EOF occurred in violation of protocol (_ssl.c:1007)')))
2024-10-30 14:13:23,784 - [INFO] - mailing_loop - Checking time...
2024-10-30 14:14:23,791 - [INFO] - mailing_loop - Checking time...
2024-10-30 14:14:31,710 - [INFO] - stop_polling - Stop polling...
2024-10-30 14:14:31,710 - [WARNING] - start_polling - Goodbye!
