2024-10-30 14:14:36,716 - [INFO] - mailing_loop - Mailing set to 06:00 and 18:00
2024-10-30 14:14:36,719 - [INFO] - mailing_loop - Checking time...
2024-10-30 14:14:36,720 - [INFO] - start_polling - Start polling.
2024-10-30 14:14:39,110 - [INFO] - update - Schedule updating started...
2024-10-30 14:14:39,493 - [INFO] - download_and_parse - https://files.bntu.by/s/lmmoFmaWCeuDm4A
2024-10-30 14:14:39,494 - [INFO] - download_and_parse - https://files.bntu.by/s/wB69DoxBXklziVB
2024-10-30 14:14:41,597 - [INFO] - get_link_for_cource - [['https://files.bntu.by/s/H934pnB4ZU5NrJQ/download']]
2024-10-30 14:14:42,024 - [INFO] - get_link_for_cource - [['https://files.bntu.by/s/Yj0P44qUIisprJx/download']]
2024-10-30 14:14:42,026 - [INFO] - download_and_parse - https://files.bntu.by/s/H934pnB4ZU5NrJQ/download
2024-10-30 14:14:42,026 - [INFO] - download_and_parse - https://files.bntu.by/s/Yj0P44qUIisprJx/download
2024-10-30 14:14:46,302 - [INFO] - find_lines_with_urld_fitr - 



2024-10-30 14:14:46,303 - [INFO] - find_lines_with_urld_fitr - ['<p style="font-size: medium; font-weight: 400; text-align: left;"><a href="https://static.bntu.by/bntu/new/files/file_bdda0fb6ade10c489e39f3d8a9e10b2f.xls"><span style="font-weight: 400;">Расписание учебных занятий студентов 3 и 4-го курсов специальности <strong>1-40 01 01</strong> дневной формы получения образования&nbsp;</span></a></p>', '<p style="font-size: medium; font-weight: 400; text-align: left;"><a href="https://static.bntu.by/bntu/new/files/file_ba476f7a0fbba8d7db2d095c068e7709.xls"><span style="font-weight: 400;">Расписание учебных занятий студентов 3 и 4-го курсов специальности <strong>1-40 05 01</strong> дневной формы получения образования&nbsp;</span></a></p>', '<p style="font-size: medium; font-weight: 400; text-align: left;"><a href="https://static.bntu.by/bntu/new/files/file_c47846c9cfa24d795e735b0ebb0bed11.xls"><span style="font-weight: 400;">Расписание учебных занятий студентов 3 и 4-го курсов специальности <strong>1-53 01 01 и 1-53 01 06</strong> дневной формы получения образования&nbsp;</span></a></p>', '<p style="font-size: medium; font-weight: 400; text-align: left;"><a href="https://static.bntu.by/bntu/new/files/file_eaf995ee50c555ac37f21387bbd97d5b.xls"><span style="font-weight: 400;">Расписание учебных занятий студентов 3 и 4-го курсов специальности <strong>1-53 01 05</strong> дневной формы получения образования&nbsp;</span></a></p>']
2024-10-30 14:14:46,303 - [INFO] - find_lines_with_urld_fitr - 



2024-10-30 14:15:08,963 - [INFO] - download_and_parse - Books are downloaded.
2024-10-30 14:15:08,964 - [INFO] - main - 


------------------------------------------------

2024-10-30 14:15:08,964 - [INFO] - main - parsing/sheets/ef_345_1.xls
2024-10-30 14:15:08,970 - [INFO] - download_and_parse - An exception occured while parsing the sheets. 

Unsupported format, or corrupt file: Expected BOF record; found b'<!DOCTYP'
2024-10-30 14:15:37,990 - [INFO] - mailing_loop - Checking time...
2024-10-30 14:16:26,499 - [INFO] - stop_polling - Stop polling...
2024-10-30 14:16:26,500 - [WARNING] - start_polling - Goodbye!
