2024-10-30 14:23:08,230 - [INFO] - mailing_loop - Mailing set to 06:00 and 18:00
2024-10-30 14:23:08,231 - [INFO] - mailing_loop - Checking time...
2024-10-30 14:23:08,232 - [INFO] - start_polling - Start polling.
2024-10-30 14:23:12,246 - [INFO] - update - Schedule updating started...
2024-10-30 14:23:12,683 - [INFO] - download_and_parse - https://files.bntu.by/s/lmmoFmaWCeuDm4A
2024-10-30 14:23:12,685 - [INFO] - download_and_parse - https://files.bntu.by/s/wB69DoxBXklziVB
2024-10-30 14:23:14,126 - [INFO] - download_and_parse - Books are downloaded.
2024-10-30 14:23:14,127 - [INFO] - main - 


------------------------------------------------

2024-10-30 14:23:14,127 - [INFO] - main - parsing/sheets/ef_345_1.xls
2024-10-30 14:23:14,419 - [INFO] - parce_workbook_excel - 
----------------------------------
Book /Users/mivanoffka/Documents/Разработка/Python/BNTU_Timetable/parsing/sheets/ef_345_1.xls
2024-10-30 14:23:14,504 - [INFO] - reformat - 
Y: from 9-10 to 106; X: 0, 2; 
2024-10-30 14:23:14,504 - [INFO] - reformat - {'10601122': 2, '10601222': 2, '10602122': 2, '10602222': 2, '10603122': 2, '10603222': 2, '10603322': 2, '10609122': 2}
2024-10-30 14:23:14,504 - [INFO] - reformat - {0: {'8.00 - 9.35': 4, '9.55 - 11.30': 4, '11.40 - 13.15': 4, '13.55 - 15.30': 4}, 1: {'8.00 - 9.35': 4, '9.55 - 11.30': 4, '11.40 - 13.15': 4, '13.55 - 15.30': 4}, 2: {'8.00 - 9.35': 4, '9.55 - 11.30': 4, '11.40 - 13.15': 4, '13.55 - 15.30': 4}, 3: {'8.00 - 9.35': 4, '9.55 - 11.30': 4, '11.40 - 13.15': 4, '13.55 - 15.30': 4}, 4: {'8.00 - 9.35': 4, '9.55 - 11.30': 4, '11.40 - 13.15': 4, '13.55 - 15.30': 4}, 5: {'8.00 - 9.35': 4, '9.55 - 11.30': 4, '11.40 - 13.15': 4, '13.55 - 15.30': 4}}
2024-10-30 14:23:14,996 - [INFO] - parce_worksheet_excel - Sheet #1 was successfully parsed
2024-10-30 14:23:15,131 - [INFO] - reformat - 
Y: from 9-10 to 106; X: 0, 2; 
2024-10-30 14:23:15,131 - [INFO] - reformat - {'10601121': 2, '10601221': 2, '10602121': 2, '10602221': 2, '10603121': 2, '10603221': 2}
2024-10-30 14:23:15,131 - [INFO] - reformat - {0: {'8.00 - 9.35': 4, '9.55 - 11.30': 4, '11.40 - 13.15': 4, '13.55 - 15.30': 4}, 1: {'8.00 - 9.35': 4, '9.55 - 11.30': 4, '11.40 - 13.15': 4, '13.55 - 15.30': 4}, 2: {'8.00 - 9.35': 4, '9.55 - 11.30': 4, '11.40 - 13.15': 4, '13.55 - 15.30': 4}, 3: {'8.00 - 9.35': 4, '9.55 - 11.30': 4, '11.40 - 13.15': 4, '13.55 - 15.30': 4}, 4: {'8.00 - 9.35': 4, '9.55 - 11.30': 4, '11.40 - 13.15': 4, '13.55 - 15.30': 4}, 5: {'8.00 - 9.35': 4, '9.55 - 11.30': 4, '11.40 - 13.15': 4, '13.55 - 15.30': 4}}
2024-10-30 14:23:15,338 - [INFO] - parce_worksheet_excel - Sheet #2 was successfully parsed
2024-10-30 14:23:15,449 - [INFO] - reformat - 
Y: from 7-8 to 104; X: 0, 2; 
2024-10-30 14:23:15,449 - [INFO] - reformat - {'10601120': 2, '10601220': 2, '10602120': 2, '10602220': 2}
2024-10-30 14:23:15,450 - [INFO] - reformat - {0: {'8.00 - 9.35': 4, '9.55 - 11.30': 4, '11.40 - 13.15': 4, '13.55 - 15.30': 4}, 1: {'8.00 - 9.35': 4, '9.55 - 11.30': 4, '11.40 - 13.15': 4, '13.55 - 15.30': 4}, 2: {'8.00 - 9.35': 4, '9.55 - 11.30': 4, '11.40 - 13.15': 4, '13.55 - 15.30': 4}, 3: {'8.00 - 9.35': 4, '9.55 - 11.30': 4, '11.40 - 13.15': 4, '13.55 - 15.30': 4}, 4: {'8.00 - 9.35': 4, '9.55 - 11.30': 4, '11.40 - 13.15': 4, '13.55 - 15.30': 4}, 5: {'8.00 - 9.35': 4, '9.55 - 11.30': 4, '11.40 - 13.15': 4, '13.55 - 15.30': 4}}
2024-10-30 14:23:15,543 - [INFO] - parce_worksheet_excel - Sheet #3 was successfully parsed
2024-10-30 14:23:15,543 - [INFO] - main - 


------------------------------------------------

2024-10-30 14:23:15,543 - [INFO] - main - parsing/sheets/ef_345_2.xls
2024-10-30 14:23:15,633 - [INFO] - parce_workbook_excel - 
----------------------------------
Book /Users/mivanoffka/Documents/Разработка/Python/BNTU_Timetable/parsing/sheets/ef_345_2.xls
2024-10-30 14:23:15,728 - [INFO] - reformat - 
Y: from 10-11 to 107; X: 0, 4; 
2024-10-30 14:23:15,728 - [INFO] - reformat - {'10604122': 2, '10604222': 2, '10608122': 2, '10605122': 2, '10605222': 2, '10606122': 2, '10607122': 2}
2024-10-30 14:23:15,729 - [INFO] - reformat - {0: {'8.00-9.35': 4, '9.55-11.30': 4, '11.40-13.15': 4, '13.55-15.30': 4}, 1: {'8.00-9.35': 4, '9.55-11.30': 4, '11.40-13.15': 4, '13.55-15.30': 4}, 2: {'8.00-9.35': 4, '9.55-11.30': 4, '11.40-13.15': 4, '13.55-15.30': 4}, 3: {'8.00-9.35': 4, '9.55-11.30': 4, '11.40-13.15': 4, '13.55-15.30': 4}, 4: {'8.00-9.35': 4, '9.55-11.30': 4, '11.40-13.15': 4, '13.55-15.30': 4}, 5: {'8.00-9.35': 4, '9.55-11.30': 4, '11.40-13.15': 4, '13.55-15.30': 4}}
2024-10-30 14:23:15,855 - [INFO] - parce_worksheet_excel - Sheet #1 was successfully parsed
2024-10-30 14:23:15,950 - [INFO] - reformat - 
Y: from 10-11 to 107; X: 0, 4; 
2024-10-30 14:23:15,950 - [INFO] - reformat - {'10604121': 2, '10604221': 2, '10608121': 2, '10605121': 2, '10605221': 2, '10606121': 2, '10607121': 2}
2024-10-30 14:23:15,950 - [INFO] - reformat - {0: {'8.00-9.35': 4, '9.55-11.30': 4, '11.40-13.15': 4, '13.55-15.30': 4}, 1: {'8.00-9.35': 4, '9.55-11.30': 4, '11.40-13.15': 4, '13.55-15.30': 4}, 2: {'8.00-9.35': 4, '9.55-11.30': 4, '11.40-13.15': 4, '13.55-15.30': 4}, 3: {'8.00-9.35': 4, '9.55-11.30': 4, '11.40-13.15': 4, '13.55-15.30': 4}, 4: {'8.00-9.35': 4, '9.55-11.30': 4, '11.40-13.15': 4, '13.55-15.30': 4}, 5: {'8.00-9.35': 4, '9.55-11.30': 4, '11.40-13.15': 4, '13.55-15.30': 4}}
2024-10-30 14:23:16,076 - [INFO] - parce_worksheet_excel - Sheet #2 was successfully parsed
2024-10-30 14:23:16,146 - [INFO] - reformat - 
Y: from 10-11 to 107; X: 0, 4; 
2024-10-30 14:23:16,146 - [INFO] - reformat - {'10604120': 2, '10604220': 2, '10605120': 2, '10605220': 2, '10608120': 2}
2024-10-30 14:23:16,147 - [INFO] - reformat - {0: {'8.00-9.35': 4, '9.55-11.30': 4, '11.40-13.15': 4, '13.55-15.30': 4}, 1: {'8.00-9.35': 4, '9.55-11.30': 4, '11.40-13.15': 4, '13.55-15.30': 4}, 2: {'8.00-9.35': 4, '9.55-11.30': 4, '11.40-13.15': 4, '13.55-15.30': 4}, 3: {'8.00-9.35': 4, '9.55-11.30': 4, '11.40-13.15': 4, '13.55-15.30': 4}, 4: {'8.00-9.35': 4, '9.55-11.30': 4, '11.40-13.15': 4, '13.55-15.30': 4}, 5: {'8.00-9.35': 4, '9.55-11.30': 4, '11.40-13.15': 4, '13.55-15.30': 4}}
2024-10-30 14:23:16,238 - [INFO] - parce_worksheet_excel - Sheet #3 was successfully parsed
2024-10-30 14:23:16,663 - [INFO] - update - Schedule succesfully updated!
2024-10-30 14:24:08,233 - [INFO] - mailing_loop - Checking time...
2024-10-30 14:24:40,669 - [INFO] - stop_polling - Stop polling...
2024-10-30 14:24:40,670 - [WARNING] - start_polling - Goodbye!
