2024-10-30 14:25:04,283 - [INFO] - mailing_loop - Mailing set to 06:00 and 18:00
2024-10-30 14:25:04,284 - [INFO] - mailing_loop - Checking time...
2024-10-30 14:25:04,285 - [INFO] - start_polling - Start polling.
2024-10-30 14:25:05,280 - [INFO] - update - Schedule updating started...
2024-10-30 14:25:05,523 - [INFO] - download_and_parse - https://files.bntu.by/s/lmmoFmaWCeuDm4A
2024-10-30 14:25:05,523 - [INFO] - download_and_parse - https://files.bntu.by/s/wB69DoxBXklziVB
2024-10-30 14:25:06,508 - [INFO] - get_link_for_cource - [['https://files.bntu.by/s/H934pnB4ZU5NrJQ/download']]
2024-10-30 14:25:06,705 - [INFO] - get_link_for_cource - [['https://files.bntu.by/s/Yj0P44qUIisprJx/download']]
2024-10-30 14:25:06,706 - [INFO] - download_and_parse - https://files.bntu.by/s/H934pnB4ZU5NrJQ/download
2024-10-30 14:25:06,706 - [INFO] - download_and_parse - https://files.bntu.by/s/Yj0P44qUIisprJx/download
2024-10-30 14:25:10,849 - [INFO] - find_lines_with_urld_fitr - 



2024-10-30 14:25:10,850 - [INFO] - find_lines_with_urld_fitr - ['<p style="font-size: medium; font-weight: 400; text-align: left;"><a href="https://static.bntu.by/bntu/new/files/file_bdda0fb6ade10c489e39f3d8a9e10b2f.xls"><span style="font-weight: 400;">Расписание учебных занятий студентов 3 и 4-го курсов специальности <strong>1-40 01 01</strong> дневной формы получения образования&nbsp;</span></a></p>', '<p style="font-size: medium; font-weight: 400; text-align: left;"><a href="https://static.bntu.by/bntu/new/files/file_ba476f7a0fbba8d7db2d095c068e7709.xls"><span style="font-weight: 400;">Расписание учебных занятий студентов 3 и 4-го курсов специальности <strong>1-40 05 01</strong> дневной формы получения образования&nbsp;</span></a></p>', '<p style="font-size: medium; font-weight: 400; text-align: left;"><a href="https://static.bntu.by/bntu/new/files/file_c47846c9cfa24d795e735b0ebb0bed11.xls"><span style="font-weight: 400;">Расписание учебных занятий студентов 3 и 4-го курсов специальности <strong>1-53 01 01 и 1-53 01 06</strong> дневной формы получения образования&nbsp;</span></a></p>', '<p style="font-size: medium; font-weight: 400; text-align: left;"><a href="https://static.bntu.by/bntu/new/files/file_eaf995ee50c555ac37f21387bbd97d5b.xls"><span style="font-weight: 400;">Расписание учебных занятий студентов 3 и 4-го курсов специальности <strong>1-53 01 05</strong> дневной формы получения образования&nbsp;</span></a></p>']
2024-10-30 14:25:10,850 - [INFO] - find_lines_with_urld_fitr - 



2024-10-30 14:25:34,054 - [INFO] - download_and_parse - Books are downloaded.
2024-10-30 14:25:34,054 - [INFO] - main - 


------------------------------------------------

2024-10-30 14:25:34,054 - [INFO] - main - parsing/sheets/ef_345_1.xls
2024-10-30 14:25:34,166 - [INFO] - parce_workbook_excel - 
----------------------------------
Book /Users/mivanoffka/Documents/Разработка/Python/BNTU_Timetable/parsing/sheets/ef_345_1.xls
2024-10-30 14:25:34,225 - [INFO] - reformat - 
Y: from 9-10 to 106; X: 0, 2; 
2024-10-30 14:25:34,225 - [INFO] - reformat - {'10601122': 2, '10601222': 2, '10602122': 2, '10602222': 2, '10603122': 2, '10603222': 2, '10603322': 2, '10609122': 2}
2024-10-30 14:25:34,225 - [INFO] - reformat - {0: {'8.00 - 9.35': 4, '9.55 - 11.30': 4, '11.40 - 13.15': 4, '13.55 - 15.30': 4}, 1: {'8.00 - 9.35': 4, '9.55 - 11.30': 4, '11.40 - 13.15': 4, '13.55 - 15.30': 4}, 2: {'8.00 - 9.35': 4, '9.55 - 11.30': 4, '11.40 - 13.15': 4, '13.55 - 15.30': 4}, 3: {'8.00 - 9.35': 4, '9.55 - 11.30': 4, '11.40 - 13.15': 4, '13.55 - 15.30': 4}, 4: {'8.00 - 9.35': 4, '9.55 - 11.30': 4, '11.40 - 13.15': 4, '13.55 - 15.30': 4}, 5: {'8.00 - 9.35': 4, '9.55 - 11.30': 4, '11.40 - 13.15': 4, '13.55 - 15.30': 4}}
2024-10-30 14:25:34,372 - [INFO] - parce_worksheet_excel - Sheet #1 was successfully parsed
2024-10-30 14:25:34,415 - [INFO] - reformat - 
Y: from 9-10 to 106; X: 0, 2; 
2024-10-30 14:25:34,415 - [INFO] - reformat - {'10601121': 2, '10601221': 2, '10602121': 2, '10602221': 2, '10603121': 2, '10603221': 2}
2024-10-30 14:25:34,415 - [INFO] - reformat - {0: {'8.00 - 9.35': 4, '9.55 - 11.30': 4, '11.40 - 13.15': 4, '13.55 - 15.30': 4}, 1: {'8.00 - 9.35': 4, '9.55 - 11.30': 4, '11.40 - 13.15': 4, '13.55 - 15.30': 4}, 2: {'8.00 - 9.35': 4, '9.55 - 11.30': 4, '11.40 - 13.15': 4, '13.55 - 15.30': 4}, 3: {'8.00 - 9.35': 4, '9.55 - 11.30': 4, '11.40 - 13.15': 4, '13.55 - 15.30': 4}, 4: {'8.00 - 9.35': 4, '9.55 - 11.30': 4, '11.40 - 13.15': 4, '13.55 - 15.30': 4}, 5: {'8.00 - 9.35': 4, '9.55 - 11.30': 4, '11.40 - 13.15': 4, '13.55 - 15.30': 4}}
2024-10-30 14:25:34,511 - [INFO] - parce_worksheet_excel - Sheet #2 was successfully parsed
2024-10-30 14:25:34,556 - [INFO] - reformat - 
Y: from 7-8 to 104; X: 0, 2; 
2024-10-30 14:25:34,556 - [INFO] - reformat - {'10601120': 2, '10601220': 2, '10602120': 2, '10602220': 2}
2024-10-30 14:25:34,556 - [INFO] - reformat - {0: {'8.00 - 9.35': 4, '9.55 - 11.30': 4, '11.40 - 13.15': 4, '13.55 - 15.30': 4}, 1: {'8.00 - 9.35': 4, '9.55 - 11.30': 4, '11.40 - 13.15': 4, '13.55 - 15.30': 4}, 2: {'8.00 - 9.35': 4, '9.55 - 11.30': 4, '11.40 - 13.15': 4, '13.55 - 15.30': 4}, 3: {'8.00 - 9.35': 4, '9.55 - 11.30': 4, '11.40 - 13.15': 4, '13.55 - 15.30': 4}, 4: {'8.00 - 9.35': 4, '9.55 - 11.30': 4, '11.40 - 13.15': 4, '13.55 - 15.30': 4}, 5: {'8.00 - 9.35': 4, '9.55 - 11.30': 4, '11.40 - 13.15': 4, '13.55 - 15.30': 4}}
2024-10-30 14:25:34,606 - [INFO] - parce_worksheet_excel - Sheet #3 was successfully parsed
2024-10-30 14:25:34,607 - [INFO] - main - 


------------------------------------------------

2024-10-30 14:25:34,607 - [INFO] - main - parsing/sheets/ef_345_2.xls
2024-10-30 14:25:34,681 - [INFO] - parce_workbook_excel - 
----------------------------------
Book /Users/mivanoffka/Documents/Разработка/Python/BNTU_Timetable/parsing/sheets/ef_345_2.xls
2024-10-30 14:25:34,756 - [INFO] - reformat - 
Y: from 10-11 to 107; X: 0, 4; 
2024-10-30 14:25:34,756 - [INFO] - reformat - {'10604122': 2, '10604222': 2, '10608122': 2, '10605122': 2, '10605222': 2, '10606122': 2, '10607122': 2}
2024-10-30 14:25:34,756 - [INFO] - reformat - {0: {'8.00-9.35': 4, '9.55-11.30': 4, '11.40-13.15': 4, '13.55-15.30': 4}, 1: {'8.00-9.35': 4, '9.55-11.30': 4, '11.40-13.15': 4, '13.55-15.30': 4}, 2: {'8.00-9.35': 4, '9.55-11.30': 4, '11.40-13.15': 4, '13.55-15.30': 4}, 3: {'8.00-9.35': 4, '9.55-11.30': 4, '11.40-13.15': 4, '13.55-15.30': 4}, 4: {'8.00-9.35': 4, '9.55-11.30': 4, '11.40-13.15': 4, '13.55-15.30': 4}, 5: {'8.00-9.35': 4, '9.55-11.30': 4, '11.40-13.15': 4, '13.55-15.30': 4}}
2024-10-30 14:25:34,976 - [INFO] - parce_worksheet_excel - Sheet #1 was successfully parsed
2024-10-30 14:25:35,066 - [INFO] - reformat - 
Y: from 10-11 to 107; X: 0, 4; 
2024-10-30 14:25:35,066 - [INFO] - reformat - {'10604121': 2, '10604221': 2, '10608121': 2, '10605121': 2, '10605221': 2, '10606121': 2, '10607121': 2}
2024-10-30 14:25:35,066 - [INFO] - reformat - {0: {'8.00-9.35': 4, '9.55-11.30': 4, '11.40-13.15': 4, '13.55-15.30': 4}, 1: {'8.00-9.35': 4, '9.55-11.30': 4, '11.40-13.15': 4, '13.55-15.30': 4}, 2: {'8.00-9.35': 4, '9.55-11.30': 4, '11.40-13.15': 4, '13.55-15.30': 4}, 3: {'8.00-9.35': 4, '9.55-11.30': 4, '11.40-13.15': 4, '13.55-15.30': 4}, 4: {'8.00-9.35': 4, '9.55-11.30': 4, '11.40-13.15': 4, '13.55-15.30': 4}, 5: {'8.00-9.35': 4, '9.55-11.30': 4, '11.40-13.15': 4, '13.55-15.30': 4}}
2024-10-30 14:25:35,179 - [INFO] - parce_worksheet_excel - Sheet #2 was successfully parsed
2024-10-30 14:25:35,235 - [INFO] - reformat - 
Y: from 10-11 to 107; X: 0, 4; 
2024-10-30 14:25:35,235 - [INFO] - reformat - {'10604120': 2, '10604220': 2, '10605120': 2, '10605220': 2, '10608120': 2}
2024-10-30 14:25:35,235 - [INFO] - reformat - {0: {'8.00-9.35': 4, '9.55-11.30': 4, '11.40-13.15': 4, '13.55-15.30': 4}, 1: {'8.00-9.35': 4, '9.55-11.30': 4, '11.40-13.15': 4, '13.55-15.30': 4}, 2: {'8.00-9.35': 4, '9.55-11.30': 4, '11.40-13.15': 4, '13.55-15.30': 4}, 3: {'8.00-9.35': 4, '9.55-11.30': 4, '11.40-13.15': 4, '13.55-15.30': 4}, 4: {'8.00-9.35': 4, '9.55-11.30': 4, '11.40-13.15': 4, '13.55-15.30': 4}, 5: {'8.00-9.35': 4, '9.55-11.30': 4, '11.40-13.15': 4, '13.55-15.30': 4}}
2024-10-30 14:25:35,305 - [INFO] - parce_worksheet_excel - Sheet #3 was successfully parsed
2024-10-30 14:25:35,306 - [INFO] - main - 


------------------------------------------------

2024-10-30 14:25:35,306 - [INFO] - main - parsing/sheets/1kurs.xls
2024-10-30 14:25:35,787 - [INFO] - parce_workbook_excel - 
----------------------------------
Book /Users/mivanoffka/Documents/Разработка/Python/BNTU_Timetable/parsing/sheets/1kurs.xls
2024-10-30 14:25:35,855 - [INFO] - reformat - 
Y: from 9-14 to 134; X: 0, 2; 
2024-10-30 14:25:35,855 - [INFO] - reformat - {'10111124': 4, '10111224': 4, '10114124': 4, '10115124': 4, '10117124': 4, '10104124': 4, '10104224': 4, '10104324': 4}
2024-10-30 14:25:35,855 - [INFO] - reformat - {0: {'8.00- 9.35': 4, '9.55-11.30': 4, '11.40-13.15': 4, '13.55-15.30': 4, '15.40-17.15': 4}, 1: {'8.00- 9.35': 4, '9.55-11.30': 4, '11.40-13.15': 4, '13.55-15.30': 4, '15.40-17.15': 4}, 2: {'8.00- 9.35': 4, '9.55-11.30': 4, '11.40-13.15': 4, '13.55-15.30': 4, '15.40-17.15': 4}, 3: {'8.00- 9.35': 4, '9.55-11.30': 4, '11.40-13.15': 4, '13.55-15.30': 4, '15.40-17.15': 4}, 4: {'8.00- 9.35': 4, '9.55-11.30': 4, '11.40-13.15': 4, '13.55-15.30': 4, '15.40-17.15': 4}, 5: {'8.00- 9.35': 4, '9.55-11.30': 4, '11.40-13.15': 4, '13.55-15.30': 4, '15.40-17.15': 4}}
2024-10-30 14:25:36,225 - [INFO] - parce_worksheet_excel - Sheet #1 was successfully parsed
2024-10-30 14:25:36,306 - [INFO] - reformat - 
Y: from 9-14 to 134; X: 0, 2; 
2024-10-30 14:25:36,306 - [INFO] - reformat - {'10105124': 4, '10105224': 4, '10106124': 4, '10107124': 4, '10107224': 4, '10107324': 4, '10108124': 4, '10109124': 4, '10110124': 4, '10116124': 4}
2024-10-30 14:25:36,306 - [INFO] - reformat - {0: {'8.00- 9.35': 4, '9.55-11.30': 4, '11.40-13.15': 4, '13.55-15.30': 4, '15.40-17.15': 4}, 1: {'8.00- 9.35': 4, '9.55-11.30': 4, '11.40-13.15': 4, '13.55-15.30': 4, '15.40-17.15': 4}, 2: {'8.00- 9.35': 4, '9.55-11.30': 4, '11.40-13.15': 4, '13.55-15.30': 4, '15.40-17.15': 4}, 3: {'8.00- 9.35': 4, '9.55-11.30': 4, '11.40-13.15': 4, '13.55-15.30': 4, '15.40-17.15': 4}, 4: {'8.00- 9.35': 4, '9.55-11.30': 4, '11.40-13.15': 4, '13.55-15.30': 4, '15.40-17.15': 4}, 5: {'8.00- 9.35': 4, '9.55-11.30': 4, '11.40-13.15': 4, '13.55-15.30': 4, '15.40-17.15': 4}}
2024-10-30 14:25:36,834 - [INFO] - parce_worksheet_excel - Sheet #2 was successfully parsed
2024-10-30 14:25:36,880 - [INFO] - reformat - 
Y: from 9-14 to 130; X: 0, 2; 
2024-10-30 14:25:36,880 - [INFO] - reformat - {'10208124': 4, '10205124': 4, '10205224': 4, '10205524': 4}
2024-10-30 14:25:36,880 - [INFO] - reformat - {0: {'12.00-13.35': 4, '13.55-15.30': 4, '15.40-17.15': 4, '17.45-19.20': 4, '19.30-21.05': 4}, 1: {'12.00-13.35': 4, '13.55-15.30': 4, '15.40-17.15': 4, '17.45-19.20': 4, '19.30-21.05': 4}, 2: {'12.00-13.35': 4, '13.55-15.30': 4, '15.40-17.15': 4, '17.45-19.20': 4, '19.30-21.05': 4}, 3: {'12.00-13.35': 4, '13.55-15.30': 4, '15.40-17.15': 4, '17.45-19.20': 4, '19.30-21.05': 4}, 4: {'12.00-13.35': 4, '13.55-15.30': 4, '15.40-17.15': 4, '17.45-19.20': 4, '19.30-21.05': 4}, 5: {'12.00-13.35': 4, '13.55-15.30': 4, '15.40-17.15': 4, '17.45-19.20': 4}}
2024-10-30 14:25:36,973 - [INFO] - parce_worksheet_excel - Sheet #3 was successfully parsed
2024-10-30 14:25:37,033 - [INFO] - reformat - 
Y: from 9-14 to 130; X: 0, 2; 
2024-10-30 14:25:37,034 - [INFO] - reformat - {'10301124': 4, '10301224': 4, '10301324': 4, '10301424': 4, '10303124': 4, '10305124': 4, '10305224': 4, '10307124': 4, '10309124': 4, '10302124': 4, '10302224': 4, '10302324': 4}
2024-10-30 14:25:37,034 - [INFO] - reformat - {0: {'12.00-13.35': 4, '13.55-15.30': 4, '15.40-17.15': 4, '17.45-19.20': 4, '19.30-21.05': 4}, 1: {'12.00-13.35': 4, '13.55-15.30': 4, '15.40-17.15': 4, '17.45-19.20': 4, '19.30-21.05': 4}, 2: {'12.00-13.35': 4, '13.55-15.30': 4, '15.40-17.15': 4, '17.45-19.20': 4, '19.30-21.05': 4}, 3: {'12.00-13.35': 4, '13.55-15.30': 4, '15.40-17.15': 4, '17.45-19.20': 4, '19.30-21.05': 4}, 4: {'12.00-13.35': 4, '13.55-15.30': 4, '15.40-17.15': 4, '17.45-19.20': 4, '19.30-21.05': 4}, 5: {'12.00-13.35': 4, '13.55-15.30': 4, '15.40-17.15': 4, '17.45-19.20': 4}}
2024-10-30 14:25:37,748 - [INFO] - parce_worksheet_excel - Sheet #4 was successfully parsed
2024-10-30 14:25:37,823 - [INFO] - reformat - 
Y: from 9-14 to 130; X: 0, 2; 
2024-10-30 14:25:37,823 - [INFO] - reformat - {'10402524': 4, '10402224': 4, '10402424': 4, '10402124': 4, '10402324': 4, '10401224': 4, '10401324': 4, '10401124': 4}
2024-10-30 14:25:37,823 - [INFO] - reformat - {0: {'12.00-13.35': 4, '13.55-15.30': 4, '15.40-17.15': 4, '17.45-19.20': 4, '19.30-21.05': 4}, 1: {'12.00-13.35': 4, '13.55-15.30': 4, '15.40-17.15': 4, '17.45-19.20': 4, '19.30-21.05': 4}, 2: {'12.00-13.35': 4, '13.55-15.30': 4, '15.40-17.15': 4, '17.45-19.20': 4, '19.30-21.05': 4}, 3: {'12.00-13.35': 4, '13.55-15.30': 4, '15.40-17.15': 4, '17.45-19.20': 4, '19.30-21.05': 4}, 4: {'12.00-13.35': 4, '13.55-15.30': 4, '15.40-17.15': 4, '17.45-19.20': 4, '19.30-21.05': 4}, 5: {'12.00-13.35': 4, '13.55-15.30': 4, '15.40-17.15': 4, '17.45-19.20': 4}}
2024-10-30 14:25:38,162 - [INFO] - parce_worksheet_excel - Sheet #5 was successfully parsed
2024-10-30 14:25:38,224 - [INFO] - reformat - 
Y: from 9-14 to 130; X: 0, 2; 
2024-10-30 14:25:38,224 - [INFO] - reformat - {'10503124': 4, '10503224': 4, '10503324': 4, '10504124': 4, '10504224': 4, '10504324': 4, '10506124': 4, '10506224': 4, '10506324': 4, '10501124': 4, '10502124': 4, '10505124': 4}
2024-10-30 14:25:38,224 - [INFO] - reformat - {0: {'8.00- 9.35': 4, '9.55-11.30': 4, '11.40-13.15': 4, '13.55-15.30': 4, '15.40-17.15': 4}, 1: {'8.00- 9.35': 4, '9.55-11.30': 4, '11.40-13.15': 4, '13.55-15.30': 4, '15.40-17.15': 4}, 2: {'8.00- 9.35': 4, '9.55-11.30': 4, '11.40-13.15': 4, '13.55-15.30': 4, '15.40-17.15': 4}, 3: {'8.00- 9.35': 4, '9.55-11.30': 4, '11.40-13.15': 4, '13.55-15.30': 4, '15.40-17.15': 4}, 4: {'8.00- 9.35': 4, '9.55-11.30': 4, '11.40-13.15': 4, '13.55-15.30': 4, '15.40-17.15': 4}, 5: {'8.00- 9.35': 4, '9.55-11.30': 4, '11.40-13.15': 4, '13.55-15.30': 4}}
2024-10-30 14:25:38,934 - [INFO] - parce_worksheet_excel - Sheet #6 was successfully parsed
2024-10-30 14:25:39,010 - [INFO] - reformat - 
Y: from 9-14 to 130; X: 0, 2; 
2024-10-30 14:25:39,010 - [INFO] - reformat - {'10601124': 4, '10601224': 4, '10609124': 4, '10602124': 4, '10602224': 4, '10603124': 4, '10603224': 4, '10603324': 4}
2024-10-30 14:25:39,010 - [INFO] - reformat - {0: {'8.00- 9.35': 4, '9.55-11.30': 4, '11.40-13.15': 4, '13.55-15.30': 4, '15.40-17.15': 4}, 1: {'8.00- 9.35': 4, '9.55-11.30': 4, '11.40-13.15': 4, '13.55-15.30': 4, '15.40-17.15': 4}, 2: {'8.00- 9.35': 4, '9.55-11.30': 4, '11.40-13.15': 4, '13.55-15.30': 4, '15.40-17.15': 4}, 3: {'8.00- 9.35': 4, '9.55-11.30': 4, '11.40-13.15': 4, '13.55-15.30': 4, '15.40-17.15': 4}, 4: {'8.00- 9.35': 4, '9.55-11.30': 4, '11.40-13.15': 4, '13.55-15.30': 4, '15.40-17.15': 4}, 5: {'8.00- 9.35': 4, '9.55-11.30': 4, '11.40-13.15': 4, '13.55-15.30': 4}}
2024-10-30 14:25:39,521 - [INFO] - parce_worksheet_excel - Sheet #7 was successfully parsed
2024-10-30 14:25:39,611 - [INFO] - reformat - 
Y: from 9-14 to 130; X: 0, 2; 
2024-10-30 14:25:39,611 - [INFO] - reformat - {'10604124': 4, '10604224': 4, '10608124': 4, '10605124': 4, '10605224': 4, '10606124': 4, '10607124': 4}
2024-10-30 14:25:39,612 - [INFO] - reformat - {0: {'8.00- 9.35': 4, '9.55-11.30': 4, '11.40-13.15': 4, '13.55-15.30': 4, '15.40-17.15': 4}, 1: {'8.00- 9.35': 4, '9.55-11.30': 4, '11.40-13.15': 4, '13.55-15.30': 4, '15.40-17.15': 4}, 2: {'8.00- 9.35': 4, '9.55-11.30': 4, '11.40-13.15': 4, '13.55-15.30': 4, '15.40-17.15': 4}, 3: {'8.00- 9.35': 4, '9.55-11.30': 4, '11.40-13.15': 4, '13.55-15.30': 4, '15.40-17.15': 4}, 4: {'8.00- 9.35': 4, '9.55-11.30': 4, '11.40-13.15': 4, '13.55-15.30': 4, '15.40-17.15': 4}, 5: {'8.00- 9.35': 4, '9.55-11.30': 4, '11.40-13.15': 4, '13.55-15.30': 4}}
2024-10-30 14:25:40,046 - [INFO] - parce_worksheet_excel - Sheet #8 was successfully parsed
2024-10-30 14:25:40,170 - [INFO] - reformat - 
Y: from 10-15 to 131; X: 0, 2; 
2024-10-30 14:25:40,171 - [INFO] - reformat - {'10701124': 4, '10701224': 4, '10701324': 4, '10701424': 4, '10706124': 4, '10706224': 4, '10703124': 4, '10703224': 4, '10703324': 4, '10702324': 4, '10702424': 4, '10702524': 4, '10705124': 4, '10705224': 4}
2024-10-30 14:25:40,171 - [INFO] - reformat - {0: {'12.00-13.35': 4, '13.55-15.30': 4, '15.40-17.15': 4, '17.45-19.20': 4, '19.30-21.05': 4}, 1: {'12.00-13.35': 4, '13.55-15.30': 4, '15.40-17.15': 4, '17.45-19.20': 4, '19.30-21.05': 4}, 2: {'12.00-13.35': 4, '13.55-15.30': 4, '15.40-17.15': 4, '17.45-19.20': 4, '19.30-21.05': 4}, 3: {'12.00-13.35': 4, '13.55-15.30': 4, '15.40-17.15': 4, '17.45-19.20': 4, '19.30-21.05': 4}, 4: {'12.00-13.35': 4, '13.55-15.30': 4, '15.40-17.15': 4, '17.45-19.20': 4, '19.30-21.05': 4}, 5: {'12.00-13.35': 4, '13.55-15.30': 4, '15.40-17.15': 4, '17.45-19.20': 4}}
2024-10-30 14:25:41,089 - [INFO] - parce_worksheet_excel - Sheet #9 was successfully parsed
2024-10-30 14:25:41,194 - [INFO] - reformat - 
Y: from 9-14 to 134; X: 0, 2; 
2024-10-30 14:25:41,194 - [INFO] - reformat - {'10801124': 4, '10801224': 4, '10801324': 4, '10802124': 4, '10803124': 4, '10804124': 4, '10806124': 4, '10806224': 4, '10806324': 4, '10807124': 4, '10809124': 4, '10809224': 4, '10808124': 4, '10808224': 4}
2024-10-30 14:25:41,195 - [INFO] - reformat - {0: {'8.00- 9.35': 4, '9.55-11.30': 4, '11.40-13.15': 4, '13.55-15.30': 4, '15.40-17.15': 4}, 1: {'8.00- 9.35': 4, '9.55-11.30': 4, '11.40-13.15': 4, '13.55-15.30': 4, '15.40-17.15': 4}, 2: {'8.00- 9.35': 4, '9.55-11.30': 4, '11.40-13.15': 4, '13.55-15.30': 4, '15.40-17.15': 4}, 3: {'8.00- 9.35': 4, '9.55-11.30': 4, '11.40-13.15': 4, '13.55-15.30': 4, '15.40-17.15': 4}, 4: {'8.00- 9.35': 4, '9.55-11.30': 4, '11.40-13.15': 4, '13.55-15.30': 4, '15.40-17.15': 4}, 5: {'8.00- 9.35': 4, '9.55-11.30': 4, '11.40-13.15': 4, '13.55-15.30': 4, '19.30-21.05': 4}}
2024-10-30 14:25:42,193 - [INFO] - parce_worksheet_excel - Sheet #10 was successfully parsed
2024-10-30 14:25:42,233 - [INFO] - reformat - 
Y: from 9-14 to 130; X: 0, 2; 
2024-10-30 14:25:42,233 - [INFO] - reformat - {'10903124': 4, '10903324': 4, '10903524': 4, '10904124': 4, '10903724': 4}
2024-10-30 14:25:42,233 - [INFO] - reformat - {0: {'8.00- 9.35': 4, '9.55-11.30': 4, '11.40-13.15': 4, '13.55-15.30': 4, '15.40-17.15': 4}, 1: {'8.00- 9.35': 4, '9.55-11.30': 4, '11.40-13.15': 4, '13.55-15.30': 4, '15.40-17.15': 4}, 2: {'8.00- 9.35': 4, '9.55-11.30': 4, '11.40-13.15': 4, '13.55-15.30': 4, '15.40-17.15': 4}, 3: {'8.00- 9.35': 4, '9.55-11.30': 4, '11.40-13.15': 4, '13.55-15.30': 4, '15.40-17.15': 4}, 4: {'8.00- 9.35': 4, '9.55-11.30': 4, '11.40-13.15': 4, '13.55-15.30': 4, '15.40-17.15': 4}, 5: {'8.00- 9.35': 4, '9.55-11.30': 4, '11.40-13.15': 4, '13.55-15.30': 4}}
2024-10-30 14:25:42,398 - [INFO] - parce_worksheet_excel - Sheet #11 was successfully parsed
2024-10-30 14:25:42,472 - [INFO] - reformat - 
Y: from 10-15 to 131; X: 0, 2; 
2024-10-30 14:25:42,473 - [INFO] - reformat - {'11001124': 4, '11001224': 4, '11002124': 4, '11002224': 4, '11004124': 4, '11004224': 4, '11004324': 4, '11003124': 4, '11003224': 4, '11005124': 4, '11006124': 4}
2024-10-30 14:25:42,473 - [INFO] - reformat - {0: {'8.00- 9.35': 4, '9.55-11.30': 4, '11.40-13.15': 4, '13.55-15.30': 4, '15.40-17.15': 4}, 1: {'8.00- 9.35': 4, '9.55-11.30': 4, '11.40-13.15': 4, '13.55-15.30': 4, '15.40-17.15': 4}, 2: {'8.00- 9.35': 4, '9.55-11.30': 4, '11.40-13.15': 4, '13.55-15.30': 4, '15.40-17.15': 4}, 3: {'8.00- 9.35': 4, '9.55-11.30': 4, '11.40-13.15': 4, '13.55-15.30': 4, '15.40-17.15': 4}, 4: {'8.00- 9.35': 4, '9.55-11.30': 4, '11.40-13.15': 4, '13.55-15.30': 4, '15.40-17.15': 4}, 5: {'8.00- 9.35': 4, '9.55-11.30': 4, '11.40-13.15': 4, '13.55-15.30': 4}}
2024-10-30 14:25:43,255 - [INFO] - parce_worksheet_excel - Sheet #12 was successfully parsed
2024-10-30 14:25:43,319 - [INFO] - reformat - 
Y: from 10-15 to 131; X: 0, 2; 
2024-10-30 14:25:43,319 - [INFO] - reformat - {'11201124': 4, '11201224': 4, '11201324': 4, '11201424': 4, '11201524': 4, '11202124': 4, '11205124': 4, '11203124': 4}
2024-10-30 14:25:43,319 - [INFO] - reformat - {0: {'8.00- 9.35': 4, '9.55-11.30': 4, '11.40-13.15': 4, '13.55-15.30': 4, '15.40-17.15': 4}, 1: {'8.00- 9.35': 4, '9.55-11.30': 4, '11.40-13.15': 4, '13.55-15.30': 4, '15.40-17.15': 4}, 2: {'8.00- 9.35': 4, '9.55-11.30': 4, '11.40-13.15': 4, '13.55-15.30': 4, '15.40-17.15': 4}, 3: {'8.00- 9.35': 4, '9.55-11.30': 4, '11.40-13.15': 4, '13.55-15.30': 4, '15.40-17.15': 4}, 4: {'8.00- 9.35': 4, '9.55-11.30': 4, '11.40-13.15': 4, '13.55-15.30': 4, '15.40-17.15': 4}, 5: {'8.00- 9.35': 4, '9.55-11.30': 4, '11.40-13.15': 4, '13.55-15.30': 4}}
2024-10-30 14:25:43,635 - [INFO] - parce_worksheet_excel - Sheet #13 was successfully parsed
2024-10-30 14:25:43,733 - [INFO] - reformat - 
Y: from 9-14 to 130; X: 0, 2; 
2024-10-30 14:25:43,733 - [INFO] - reformat - {'11301124': 4, '11303124': 4, '11312124': 4, '11310124': 4, '11304124': 4, '11305124': 4, '11311124': 4, '11302124': 4, '11307124': 4, '11309124': 4}
2024-10-30 14:25:43,734 - [INFO] - reformat - {0: {'8.00- 9.35': 4, '9.55-11.30': 4, '11.40-13.15': 4, '13.55-15.30': 4, '15.40-17.15': 4}, 1: {'8.00- 9.35': 4, '9.55-11.30': 4, '11.40-13.15': 4, '13.55-15.30': 4, '15.40-17.15': 4}, 2: {'8.00- 9.35': 4, '9.55-11.30': 4, '11.40-13.15': 4, '13.55-15.30': 4, '15.40-17.15': 4}, 3: {'8.00- 9.35': 4, '9.55-11.30': 4, '11.40-13.15': 4, '13.55-15.30': 4, '15.40-17.15': 4}, 4: {'8.00- 9.35': 4, '9.55-11.30': 4, '11.40-13.15': 4, '13.55-15.30': 4, '15.40-17.15': 4}, 5: {'8.00- 9.35': 4, '9.55-11.30': 4, '11.40-13.15': 4, '13.55-15.30': 4}}
2024-10-30 14:25:44,221 - [INFO] - parce_worksheet_excel - Sheet #14 was successfully parsed
2024-10-30 14:25:44,286 - [INFO] - reformat - 
Y: from 10-15 to 131; X: 0, 2; 
2024-10-30 14:25:44,286 - [INFO] - reformat - {'11402124': 4, '11402224': 4, '11403124': 4, '11403224': 4, '11403324': 4, '11403424': 4, '11404124': 4, '11404224': 4, '11401124': 4}
2024-10-30 14:25:44,286 - [INFO] - reformat - {0: {'8.00- 9.35': 4, '9.55-11.30': 4, '11.40-13.15': 4, '13.55-15.30': 4, '15.40-17.15': 4}, 1: {'8.00- 9.35': 4, '9.55-11.30': 4, '11.40-13.15': 4, '13.55-15.30': 4, '15.40-17.15': 4}, 2: {'8.00- 9.35': 4, '9.55-11.30': 4, '11.40-13.15': 4, '13.55-15.30': 4, '15.40-17.15': 4}, 3: {'8.00- 9.35': 4, '9.55-11.30': 4, '11.40-13.15': 4, '13.55-15.30': 4, '15.40-17.15': 4}, 4: {'8.00- 9.35': 4, '9.55-11.30': 4, '11.40-13.15': 4, '13.55-15.30': 4, '15.40-17.15': 4}, 5: {'8.00- 9.35': 4, '9.55-11.30': 4, '11.40-13.15': 4, '13.55-15.30': 4}}
2024-10-30 14:25:44,705 - [INFO] - parce_worksheet_excel - Sheet #15 was successfully parsed
2024-10-30 14:25:44,770 - [INFO] - reformat - 
Y: from 9-13 to 129; X: 0, 2; 
2024-10-30 14:25:44,771 - [INFO] - reformat - {'11501124': 4, '11501224': 4, '11502124': 4, '11502224': 4, '11503124': 4, '11505124': 4, '11504124': 4}
2024-10-30 14:25:44,771 - [INFO] - reformat - {0: {'8.00- 9.35': 4, '9.55-11.30': 4, '11.40-13.15': 4, '13.55-15.30': 4, '15.40-17.15': 4}, 1: {'8.00- 9.35': 4, '9.55-11.30': 4, '11.40-13.15': 4, '13.55-15.30': 4, '15.40-17.15': 4}, 2: {'8.00- 9.35': 4, '9.55-11.30': 4, '11.40-13.15': 4, '13.55-15.30': 4, '15.40-17.15': 4}, 3: {'8.00- 9.35': 4, '9.55-11.30': 4, '11.40-13.15': 4, '13.55-15.30': 4, '15.40-17.15': 4}, 4: {'8.00- 9.35': 4, '9.55-11.30': 4, '11.40-13.15': 4, '13.55-15.30': 4, '15.40-17.15': 4}, 5: {'8.00- 9.35': 4, '9.55-11.30': 4, '11.40-13.15': 4, '13.55-15.30': 4}}
2024-10-30 14:25:45,035 - [INFO] - parce_worksheet_excel - Sheet #16 was successfully parsed
2024-10-30 14:25:45,066 - [INFO] - reformat - 
Y: from 9-14 to 130; X: 0, 2; 
2024-10-30 14:25:45,067 - [INFO] - reformat - {'11902124': 4, '11902224': 4, '11904124': 4, '11904224': 4}
2024-10-30 14:25:45,067 - [INFO] - reformat - {0: {'12.00-13.35': 4, '13.55-15.30': 4, '15.40-17.15': 4, '17.45-19.20': 4, '19.30-21.05': 4}, 1: {'12.00-13.35': 4, '13.55-15.30': 4, '15.40-17.15': 4, '17.45-19.20': 4, '19.30-21.05': 4}, 2: {'12.00-13.35': 4, '13.55-15.30': 4, '15.40-17.15': 4, '17.45-19.20': 4, '19.30-21.05': 4}, 3: {'12.00-13.35': 4, '13.55-15.30': 4, '15.40-17.15': 4, '17.45-19.20': 4, '19.30-21.05': 4}, 4: {'12.00-13.35': 4, '13.55-15.30': 4, '15.40-17.15': 4, '17.45-19.20': 4, '19.30-21.05': 4}, 5: {'12.00-13.35': 4, '13.55-15.30': 4, '15.40-17.15': 4, '17.45-19.20': 4}}
2024-10-30 14:25:45,170 - [INFO] - parce_worksheet_excel - Sheet #17 was successfully parsed
2024-10-30 14:25:45,170 - [INFO] - main - 


------------------------------------------------

2024-10-30 14:25:45,170 - [INFO] - main - parsing/sheets/2kurs.xls
2024-10-30 14:25:45,799 - [INFO] - parce_workbook_excel - 
----------------------------------
Book /Users/mivanoffka/Documents/Разработка/Python/BNTU_Timetable/parsing/sheets/2kurs.xls
2024-10-30 14:25:45,882 - [INFO] - reformat - 
Y: from 9-14 to 130; X: 0, 2; 
2024-10-30 14:25:45,882 - [INFO] - reformat - {'10111123': 4, '10111223': 4, '10114123': 4, '10115123': 4, '10117123': 4, '10116123': 4, '10103123': 4, '10104123': 4, '10104223': 4}
2024-10-30 14:25:45,882 - [INFO] - reformat - {0: {'8.00- 9.35': 4, '9.55-11.30': 4, '11.40-13.15': 4, '13.55-15.30': 4, '15.40-17.15': 4}, 1: {'8.00- 9.35': 4, '9.55-11.30': 4, '11.40-13.15': 4, '13.55-15.30': 4, '15.40-17.15': 4}, 2: {'8.00- 9.35': 4, '9.55-11.30': 4, '11.40-13.15': 4, '13.55-15.30': 4, '15.40-17.15': 4}, 3: {'8.00- 9.35': 4, '9.55-11.30': 4, '11.40-13.15': 4, '13.55-15.30': 4, '15.40-17.15': 4}, 4: {'8.00- 9.35': 4, '9.55-11.30': 4, '11.40-13.15': 4, '13.55-15.30': 4, '15.40-17.15': 4}, 5: {'8.00- 9.35': 4, '9.55-11.30': 4, '11.40-13.15': 4, '13.55-15.30': 4}}
2024-10-30 14:25:46,330 - [INFO] - parce_worksheet_excel - Sheet #1 was successfully parsed
2024-10-30 14:25:46,396 - [INFO] - reformat - 
Y: from 9-14 to 130; X: 0, 2; 
2024-10-30 14:25:46,396 - [INFO] - reformat - {'10105123': 4, '10105223': 4, '10107123': 4, '10107223': 4, '10107323': 4, '10106123': 4, '10106223': 4, '10108123': 4, '10110123': 4, '10109123': 4}
2024-10-30 14:25:46,397 - [INFO] - reformat - {0: {'8.00- 9.35': 4, '9.55-11.30': 4, '11.40-13.15': 4, '13.55-15.30': 4, '15.40-17.15': 4}, 1: {'8.00- 9.35': 4, '9.55-11.30': 4, '11.40-13.15': 4, '13.55-15.30': 4, '15.40-17.15': 4}, 2: {'8.00- 9.35': 4, '9.55-11.30': 4, '11.40-13.15': 4, '13.55-15.30': 4, '15.40-17.15': 4}, 3: {'8.00- 9.35': 4, '9.55-11.30': 4, '11.40-13.15': 4, '13.55-15.30': 4, '15.40-17.15': 4}, 4: {'8.00- 9.35': 4, '9.55-11.30': 4, '11.40-13.15': 4, '13.55-15.30': 4, '15.40-17.15': 4}, 5: {'8.00- 9.35': 4, '9.55-11.30': 4, '11.40-13.15': 4, '13.55-15.30': 4}}
2024-10-30 14:25:46,854 - [INFO] - parce_worksheet_excel - Sheet #2 was successfully parsed
2024-10-30 14:25:46,884 - [INFO] - reformat - 
Y: from 10-15 to 131; X: 0, 2; 
2024-10-30 14:25:46,884 - [INFO] - reformat - {'10208123': 4, '10205123': 4, '10205223': 4}
2024-10-30 14:25:46,885 - [INFO] - reformat - {0: {'12.00-13.35': 4, '13.55-15.30': 4, '15.40-17.15': 4, '17.45-19.20': 4, '19.30-21.05': 4}, 1: {'12.00-13.35': 4, '13.55-15.30': 4, '15.40-17.15': 4, '17.45-19.20': 4, '19.30-21.05': 4}, 2: {'12.00-13.35': 4, '13.55-15.30': 4, '15.40-17.15': 4, '17.45-19.20': 4, '19.30-21.05': 4}, 3: {'12.00-13.35': 4, '13.55-15.30': 4, '15.40-17.15': 4, '17.45-19.20': 4, '19.30-21.05': 4}, 4: {'12.00-13.35': 4, '13.55-15.30': 4, '15.40-17.15': 4, '17.45-19.20': 4, '19.30-21.05': 4}, 5: {'12.00-13.35': 4, '13.55-15.30': 4, '15.40-17.15': 4, '17.45-19.20': 4}}
2024-10-30 14:25:46,950 - [INFO] - parce_worksheet_excel - Sheet #3 was successfully parsed
2024-10-30 14:25:47,080 - [INFO] - reformat - 
Y: from 9-14 to 130; X: 0, 2; 
2024-10-30 14:25:47,081 - [INFO] - reformat - {'10301123': 4, '10301223': 4, '10301323': 4, '10301423': 4, '10303123': 4, '10305123': 4, '10305223': 4, '10306123': 4, '10309123': 4, '10302123': 4, '10302223': 4}
2024-10-30 14:25:47,081 - [INFO] - reformat - {0: {'12.00-13.35': 4, '13.55-15.30': 4, '15.40-17.15': 4, '17.45-19.20': 4, '19.30-21.05': 4}, 1: {'12.00-13.35': 4, '13.55-15.30': 4, '15.40-17.15': 4, '17.45-19.20': 4, '19.30-21.05': 4}, 2: {'12.00-13.35': 4, '13.55-15.30': 4, '15.40-17.15': 4, '17.45-19.20': 4, '19.30-21.05': 4}, 3: {'12.00-13.35': 4, '13.55-15.30': 4, '15.40-17.15': 4, '17.45-19.20': 4, '19.30-21.05': 4}, 4: {'12.00-13.35': 4, '13.55-15.30': 4, '15.40-17.15': 4, '17.45-19.20': 4, '19.30-21.05': 4}, 5: {'12.00-13.35': 4, '13.55-15.30': 4, '15.40-17.15': 4, '17.45-19.20': 4}}
2024-10-30 14:25:47,817 - [INFO] - parce_worksheet_excel - Sheet #4 was successfully parsed
2024-10-30 14:25:47,898 - [INFO] - reformat - 
Y: from 9-14 to 130; X: 0, 2; 
2024-10-30 14:25:47,898 - [INFO] - reformat - {'10401123': 4, '10402223': 4, '10403123': 4, '10404123': 4, '10404223': 4, '10405223': 4, '10405523': 4, '10405623': 4}
2024-10-30 14:25:47,898 - [INFO] - reformat - {0: {'12.00-13.35': 4, '13.55-15.30': 4, '15.40-17.15': 4, '17.45-19.20': 4, '19.30-21.05': 4}, 1: {'12.00-13.35': 4, '13.55-15.30': 4, '15.40-17.15': 4, '17.45-19.20': 4, '19.30-21.05': 4}, 2: {'12.00-13.35': 4, '13.55-15.30': 4, '15.40-17.15': 4, '17.45-19.20': 4, '19.30-21.05': 4}, 3: {'12.00-13.35': 4, '13.55-15.30': 4, '15.40-17.15': 4, '17.45-19.20': 4, '19.30-21.05': 4}, 4: {'12.00-13.35': 4, '13.55-15.30': 4, '15.40-17.15': 4, '17.45-19.20': 4, '19.30-21.05': 4}, 5: {'12.00-13.35': 4, '13.55-15.30': 4, '15.40-17.15': 4, '17.45-19.20': 4}}
2024-10-30 14:25:48,300 - [INFO] - parce_worksheet_excel - Sheet #5 was successfully parsed
2024-10-30 14:25:48,373 - [INFO] - reformat - 
Y: from 9-14 to 130; X: 0, 2; 
2024-10-30 14:25:48,373 - [INFO] - reformat - {'10503123': 4, '10503223': 4, '10503323': 4, '10504123': 4, '10504223': 4, '10504323': 4, '10506123': 4, '10506223': 4, '10506323': 4, '10505123': 4, '10502123': 4, '10501123': 4}
2024-10-30 14:25:48,373 - [INFO] - reformat - {0: {'8.00- 9.35': 4, '9.55-11.30': 4, '11.40-13.15': 4, '13.55-15.30': 4, '15.40-17.15': 4}, 1: {'8.00- 9.35': 4, '9.55-11.30': 4, '11.40-13.15': 4, '13.55-15.30': 4, '15.40-17.15': 4}, 2: {'8.00- 9.35': 4, '9.55-11.30': 4, '11.40-13.15': 4, '13.55-15.30': 4, '15.40-17.15': 4}, 3: {'8.00- 9.35': 4, '9.55-11.30': 4, '11.40-13.15': 4, '13.55-15.30': 4, '15.40-17.15': 4}, 4: {'8.00- 9.35': 4, '9.55-11.30': 4, '11.40-13.15': 4, '13.55-15.30': 4, '15.40-17.15': 4}, 5: {'8.00- 9.35': 4, '9.55-11.30': 4, '11.40-13.15': 4, '13.55-15.30': 4}}
2024-10-30 14:25:49,042 - [INFO] - parce_worksheet_excel - Sheet #6 was successfully parsed
2024-10-30 14:25:49,089 - [INFO] - reformat - 
Y: from 9-14 to 130; X: 0, 2; 
2024-10-30 14:25:49,089 - [INFO] - reformat - {'10604123': 4, '10604223': 4, '10608123': 4, '10605123': 4, '10605223': 4, '10606123': 4, '10607123': 4}
2024-10-30 14:25:49,089 - [INFO] - reformat - {0: {'8.00- 9.35': 4, '9.55-11.30': 4, '11.40-13.15': 4, '13.55-15.30': 4, '15.40-17.15': 4}, 1: {'8.00- 9.35': 4, '9.55-11.30': 4, '11.40-13.15': 4, '13.55-15.30': 4, '15.40-17.15': 4}, 2: {'8.00- 9.35': 4, '9.55-11.30': 4, '11.40-13.15': 4, '13.55-15.30': 4, '15.40-17.15': 4}, 3: {'8.00- 9.35': 4, '9.55-11.30': 4, '11.40-13.15': 4, '13.55-15.30': 4, '15.40-17.15': 4}, 4: {'8.00- 9.35': 4, '9.55-11.30': 4, '11.40-13.15': 4, '13.55-15.30': 4, '15.40-17.15': 4}, 5: {'8.00- 9.35': 4, '9.55-11.30': 4, '11.40-13.15': 4, '13.55-15.30': 4}}
2024-10-30 14:25:49,363 - [INFO] - parce_worksheet_excel - Sheet #7 was successfully parsed
2024-10-30 14:25:49,405 - [INFO] - reformat - 
Y: from 9-14 to 130; X: 0, 2; 
2024-10-30 14:25:49,405 - [INFO] - reformat - {'10601123': 4, '10601223': 4, '10609123': 4, '10602123': 4, '10602223': 4, '10603123': 4, '10603223': 4, '10603323': 4}
2024-10-30 14:25:49,405 - [INFO] - reformat - {0: {'8.00- 9.35': 4, '9.55-11.30': 4, '11.40-13.15': 4, '13.55-15.30': 4, '15.40-17.15': 4}, 1: {'8.00- 9.35': 4, '9.55-11.30': 4, '11.40-13.15': 4, '13.55-15.30': 4, '15.40-17.15': 4}, 2: {'8.00- 9.35': 4, '9.55-11.30': 4, '11.40-13.15': 4, '13.55-15.30': 4, '15.40-17.15': 4}, 3: {'8.00- 9.35': 4, '9.55-11.30': 4, '11.40-13.15': 4, '13.55-15.30': 4, '15.40-17.15': 4}, 4: {'8.00- 9.35': 4, '9.55-11.30': 4, '11.40-13.15': 4, '13.55-15.30': 4, '15.40-17.15': 4}, 5: {'8.00- 9.35': 4, '9.55-11.30': 4, '11.40-13.15': 4, '13.55-15.30': 4}}
2024-10-30 14:25:49,740 - [INFO] - parce_worksheet_excel - Sheet #8 was successfully parsed
2024-10-30 14:25:49,872 - [INFO] - reformat - 
Y: from 11-16 to 132; X: 0, 2; 
2024-10-30 14:25:49,872 - [INFO] - reformat - {'10701123': 4, '10701223': 4, '10701323': 4, '10706123': 4, '10703123': 4, '10703223': 4, '10702323': 4, '10702423': 4, '10702523': 4, '10705123': 4, '10705223': 4, '10701423': 4}
2024-10-30 14:25:49,872 - [INFO] - reformat - {0: {'12.00-13.35': 4, '13.55-15.30': 4, '15.40-17.15': 4, '17.45-19.20': 4, '19.30-21.05': 4}, 1: {'12.00-13.35': 4, '13.55-15.30': 4, '15.40-17.15': 4, '17.45-19.20': 4, '19.30-21.05': 4}, 2: {'12.00-13.35': 4, '13.55-15.30': 4, '15.40-17.15': 4, '17.45-19.20': 4, '19.30-21.05': 4}, 3: {'12.00-13.35': 4, '13.55-15.30': 4, '15.40-17.15': 4, '17.45-19.20': 4, '19.30-21.05': 4}, 4: {'12.00-13.35': 4, '13.55-15.30': 4, '15.40-17.15': 4, '17.45-19.20': 4, '19.30-21.05': 4}, 5: {'12.00-13.35': 4, '13.55-15.30': 4, '15.40-17.15': 4, '17.45-19.20': 4}}
2024-10-30 14:25:50,644 - [INFO] - parce_worksheet_excel - Sheet #9 was successfully parsed
2024-10-30 14:25:50,754 - [INFO] - reformat - 
Y: from 9-14 to 130; X: 0, 2; 
2024-10-30 14:25:50,754 - [INFO] - reformat - {'10801123': 4, '10801223': 4, '10801323': 4, '10802123': 4, '10803123': 4, '10804123': 4, '10804223': 4, '10806123': 4, '10806223': 4, '10806323': 4, '10807123': 4, '10809123': 4, '10808123': 4, '10808223': 4}
2024-10-30 14:25:50,754 - [INFO] - reformat - {0: {'8.00- 9.35': 4, '9.55-11.30': 4, '11.40-13.15': 4, '13.55-15.30': 4, '15.40-17.15': 4}, 1: {'8.00- 9.35': 4, '9.55-11.30': 4, '11.40-13.15': 4, '13.55-15.30': 4, '15.40-17.15': 4}, 2: {'8.00- 9.35': 4, '9.55-11.30': 4, '11.40-13.15': 4, '13.55-15.30': 4, '15.40-17.15': 4}, 3: {'8.00- 9.35': 4, '9.55-11.30': 4, '11.40-13.15': 4, '13.55-15.30': 4, '15.40-17.15': 4}, 4: {'8.00- 9.35': 4, '9.55-11.30': 4, '11.40-13.15': 4, '13.55-15.30': 4, '15.40-17.15': 4}, 5: {'8.00- 9.35': 4, '9.55-11.30': 4, '11.40-13.15': 4, '13.55-15.30': 4}}
2024-10-30 14:25:51,836 - [INFO] - parce_worksheet_excel - Sheet #10 was successfully parsed
2024-10-30 14:25:51,861 - [INFO] - reformat - 
Y: from 9-14 to 130; X: 0, 2; 
2024-10-30 14:25:51,863 - [INFO] - reformat - {'10903123': 4, '10903423': 4, '10903523': 4, '10904123': 4, '10903723': 4}
2024-10-30 14:25:51,863 - [INFO] - reformat - {0: {'8.00- 9.35': 4, '9.55-11.30': 4, '11.40-13.15': 4, '13.55-15.30': 4, '15.40-17.15': 4}, 1: {'8.00- 9.35': 4, '9.55-11.30': 4, '11.40-13.15': 4, '13.55-15.30': 4, '15.40-17.15': 4}, 2: {'8.00- 9.35': 4, '9.55-11.30': 4, '11.40-13.15': 4, '13.55-15.30': 4, '15.40-17.15': 4}, 3: {'8.00- 9.35': 4, '9.55-11.30': 4, '11.40-13.15': 4, '13.55-15.30': 4, '15.40-17.15': 4}, 4: {'8.00- 9.35': 4, '9.55-11.30': 4, '11.40-13.15': 4, '13.55-15.30': 4, '15.40-17.15': 4}, 5: {'8.00- 9.35': 4, '9.55-11.30': 4, '11.40-13.15': 4, '13.55-15.30': 4}}
2024-10-30 14:25:52,234 - [INFO] - parce_worksheet_excel - Sheet #11 was successfully parsed
2024-10-30 14:25:52,306 - [INFO] - reformat - 
Y: from 10-15 to 131; X: 0, 2; 
2024-10-30 14:25:52,306 - [INFO] - reformat - {'11001123': 4, '11001223': 4, '11002123': 4, '11002223': 4, '11004123': 4, '11004223': 4, '11004323': 4, '11003123': 4, '11005123': 4, '11006123': 4}
2024-10-30 14:25:52,306 - [INFO] - reformat - {0: {'8.00- 9.35': 4, '9.55-11.30': 4, '11.40-13.15': 4, '13.55-15.30': 4, '15.40-17.15': 4}, 1: {'8.00- 9.35': 4, '9.55-11.30': 4, '11.40-13.15': 4, '13.55-15.30': 4, '15.40-17.15': 4}, 2: {'8.00- 9.35': 4, '9.55-11.30': 4, '11.40-13.15': 4, '13.55-15.30': 4, '15.40-17.15': 4}, 3: {'8.00- 9.35': 4, '9.55-11.30': 4, '11.40-13.15': 4, '13.55-15.30': 4, '15.40-17.15': 4}, 4: {'8.00- 9.35': 4, '9.55-11.30': 4, '11.40-13.15': 4, '13.55-15.30': 4, '15.40-17.15': 4}, 5: {'8.00- 9.35': 4, '9.55-11.30': 4, '11.40-13.15': 4, '13.55-15.30': 4}}
2024-10-30 14:25:52,896 - [INFO] - parce_worksheet_excel - Sheet #12 was successfully parsed
2024-10-30 14:25:52,998 - [INFO] - reformat - 
Y: from 9-14 to 130; X: 0, 2; 
2024-10-30 14:25:52,998 - [INFO] - reformat - {'11201123': 4, '11201223': 4, '11201323': 4, '11201423': 4, '11202123': 4, '11203123': 4, '11204123': 4, '11205123': 4}
2024-10-30 14:25:52,999 - [INFO] - reformat - {0: {'8.00- 9.35': 4, '9.55-11.30': 4, '11.40-13.15': 4, '13.55-15.30': 4, '15.40-17.15': 4}, 1: {'8.00- 9.35': 4, '9.55-11.30': 4, '11.40-13.15': 4, '13.55-15.30': 4, '15.40-17.15': 4}, 2: {'8.00- 9.35': 4, '9.55-11.30': 4, '11.40-13.15': 4, '13.55-15.30': 4, '15.40-17.15': 4}, 3: {'8.00- 9.35': 4, '9.55-11.30': 4, '11.40-13.15': 4, '13.55-15.30': 4, '15.40-17.15': 4}, 4: {'8.00- 9.35': 4, '9.55-11.30': 4, '11.40-13.15': 4, '13.55-15.30': 4, '15.40-17.15': 4}, 5: {'8.00- 9.35': 4, '9.55-11.30': 4, '11.40-13.15': 4, '13.55-15.30': 4}}
2024-10-30 14:25:53,469 - [INFO] - parce_worksheet_excel - Sheet #13 was successfully parsed
2024-10-30 14:25:53,567 - [INFO] - reformat - 
Y: from 9-14 to 134; X: 0, 2; 
2024-10-30 14:25:53,567 - [INFO] - reformat - {'11301123': 4, '11303123': 4, '11312123': 4, '11310123': 4, '11310223': 4, '11310323': 4, '11305123': 4, '11311123': 4, '11302123': 4, '11307123': 4, '11309123': 4}
2024-10-30 14:25:53,567 - [INFO] - reformat - {0: {'8.00- 9.35': 4, '9.55-11.30': 4, '11.40-13.15': 4, '13.55-15.30': 4, '15.40-17.15': 4}, 1: {'8.00- 9.35': 4, '9.55-11.30': 4, '11.40-13.15': 4, '13.55-15.30': 4, '15.40-17.15': 4}, 2: {'8.00- 9.35': 4, '9.55-11.30': 4, '11.40-13.15': 4, '13.55-15.30': 4, '15.40-17.15': 4}, 3: {'8.00- 9.35': 4, '9.55-11.30': 4, '11.40-13.15': 4, '13.55-15.30': 4, '15.40-17.15': 4}, 4: {'8.00- 9.35': 4, '9.55-11.30': 4, '11.40-13.15': 4, '13.55-15.30': 4, '15.40-17.15': 4}, 5: {'8.00- 9.35': 4, '9.55-11.30': 4, '11.40-13.15': 4, '13.55-15.30': 4, '15.40-17.15': 4}}
2024-10-30 14:25:54,152 - [INFO] - parce_worksheet_excel - Sheet #14 was successfully parsed
2024-10-30 14:25:54,221 - [INFO] - reformat - 
Y: from 9-14 to 134; X: 0, 2; 
2024-10-30 14:25:54,222 - [INFO] - reformat - {'11402123': 4, '11403123': 4, '11403223': 4, '11403323': 4, '11403423': 4, '11404123': 4, '11404223': 4, '11401123': 4}
2024-10-30 14:25:54,222 - [INFO] - reformat - {0: {'8.00- 9.35': 4, '9.55-11.30': 4, '11.40-13.15': 4, '13.55-15.30': 4, '15.40-17.15': 4}, 1: {'8.00- 9.35': 4, '9.55-11.30': 4, '11.40-13.15': 4, '13.55-15.30': 4, '15.40-17.15': 4}, 2: {'8.00- 9.35': 4, '9.55-11.30': 4, '11.40-13.15': 4, '13.55-15.30': 4, '15.40-17.15': 4}, 3: {'8.00- 9.35': 4, '9.55-11.30': 4, '11.40-13.15': 4, '13.55-15.30': 4, '15.40-17.15': 4}, 4: {'8.00- 9.35': 4, '9.55-11.30': 4, '11.40-13.15': 4, '13.55-15.30': 4, '15.40-17.15': 4}, 5: {'8.00- 9.35': 4, '9.55-11.30': 4, '11.40-13.15': 4, '13.55-15.30': 4, '15.40-17.15': 4}}
2024-10-30 14:25:54,618 - [INFO] - parce_worksheet_excel - Sheet #15 was successfully parsed
2024-10-30 14:25:54,677 - [INFO] - reformat - 
Y: from 9-13 to 133; X: 0, 2; 
2024-10-30 14:25:54,678 - [INFO] - reformat - {'11501123': 4, '11501223': 4, '11502123': 4, '11502223': 4, '11503123': 4, '11505123': 4, '11504123': 4}
2024-10-30 14:25:54,679 - [INFO] - reformat - {0: {'8.00- 9.35': 4, '9.55-11.30': 4, '11.40-13.15': 4, '13.55-15.30': 4, '15.40-17.15': 4}, 1: {'8.00- 9.35': 4, '9.55-11.30': 4, '11.40-13.15': 4, '13.55-15.30': 4, '15.40-17.15': 4}, 2: {'8.00- 9.35': 4, '9.55-11.30': 4, '11.40-13.15': 4, '13.55-15.30': 4, '15.40-17.15': 4}, 3: {'8.00- 9.35': 4, '9.55-11.30': 4, '11.40-13.15': 4, '13.55-15.30': 4, '15.40-17.15': 4}, 4: {'8.00- 9.35': 4, '9.55-11.30': 4, '11.40-13.15': 4, '13.55-15.30': 4, '15.40-17.15': 4}, 5: {'8.00- 9.35': 4, '9.55-11.30': 4, '11.40-13.15': 4, '13.55-15.30': 4, '15.40-17.15': 4}}
2024-10-30 14:25:54,940 - [INFO] - parce_worksheet_excel - Sheet #16 was successfully parsed
2024-10-30 14:25:54,977 - [INFO] - reformat - 
Y: from 8-13 to 129; X: 0, 2; 
2024-10-30 14:25:54,977 - [INFO] - reformat - {'11902123': 4, '11904123': 4}
2024-10-30 14:25:54,978 - [INFO] - reformat - {0: {'12.00-13.35': 4, '13.55-15.30': 4, '15.40-17.15': 4, '17.45-19.20': 4, '19.30-21.05': 4}, 1: {'12.00-13.35': 4, '13.55-15.30': 4, '15.40-17.15': 4, '17.45-19.20': 4, '19.30-21.05': 4}, 2: {'12.00-13.35': 4, '13.55-15.30': 4, '15.40-17.15': 4, '17.45-19.20': 4, '19.30-21.05': 4}, 3: {'12.00-13.35': 4, '13.55-15.30': 4, '15.40-17.15': 4, '17.45-19.20': 4, '19.30-21.05': 4}, 4: {'12.00-13.35': 4, '13.55-15.30': 4, '15.40-17.15': 4, '17.45-19.20': 4, '19.30-21.05': 4}, 5: {'12.00-13.35': 4, '13.55-15.30': 4, '15.40-17.15': 4, '17.45-19.20': 4}}
2024-10-30 14:25:55,028 - [INFO] - parce_worksheet_excel - Sheet #17 was successfully parsed
2024-10-30 14:25:55,028 - [INFO] - main - 


------------------------------------------------

2024-10-30 14:25:55,029 - [INFO] - main - parsing/sheets/34kurs_fitr_1.xls
2024-10-30 14:25:55,037 - [INFO] - download_and_parse - An exception occured while parsing the sheets. 

Unsupported format, or corrupt file: Expected BOF record; found b'File not'
2024-10-30 14:26:04,286 - [INFO] - mailing_loop - Checking time...
2024-10-30 14:27:04,288 - [INFO] - mailing_loop - Checking time...
2024-10-30 14:28:04,292 - [INFO] - mailing_loop - Checking time...
2024-10-30 14:28:33,269 - [INFO] - stop_polling - Stop polling...
2024-10-30 14:28:33,270 - [WARNING] - start_polling - Goodbye!
