2024-10-29 21:40:35,645 - [INFO] - mailing_loop - Mailing set to 06:00 and 18:00
2024-10-29 21:40:35,645 - [INFO] - mailing_loop - Checking time...
2024-10-29 21:40:35,645 - [INFO] - start_polling - Start polling.
2024-10-29 21:41:35,646 - [INFO] - mailing_loop - Checking time...
2024-10-29 21:42:35,647 - [INFO] - mailing_loop - Checking time...
2024-10-29 21:42:36,912 - [INFO] - update - Schedule updating started...
2024-10-29 21:42:37,103 - [INFO] - download_and_parse - https://files.bntu.by/s/lmmoFmaWCeuDm4A
2024-10-29 21:42:37,103 - [INFO] - download_and_parse - https://files.bntu.by/s/wB69DoxBXklziVB
2024-10-29 21:42:37,498 - [INFO] - get_link_for_cource - [['https://files.bntu.by/s/Llq6dXLPKdWubVQ/download']]
2024-10-29 21:42:37,579 - [INFO] - get_link_for_cource - [['https://files.bntu.by/s/Hd52PvZQGr5dqq2/download']]
2024-10-29 21:42:37,579 - [INFO] - download_and_parse - https://files.bntu.by/s/Llq6dXLPKdWubVQ/download
2024-10-29 21:42:37,579 - [INFO] - download_and_parse - https://files.bntu.by/s/Hd52PvZQGr5dqq2/download
2024-10-29 21:42:38,551 - [INFO] - find_lines_with_urld_fitr - 



2024-10-29 21:42:38,551 - [INFO] - find_lines_with_urld_fitr - ['<p style="font-size: medium; font-weight: 400; text-align: left;"><a href="https://static.bntu.by/bntu/new/files/file_bdda0fb6ade10c489e39f3d8a9e10b2f.xls"><span style="font-weight: 400;">Расписание учебных занятий студентов 3 и 4-го курсов специальности <strong>1-40 01 01</strong> дневной формы получения образования&nbsp;</span></a></p>', '<p style="font-size: medium; font-weight: 400; text-align: left;"><a href="https://static.bntu.by/bntu/new/files/file_ba476f7a0fbba8d7db2d095c068e7709.xls"><span style="font-weight: 400;">Расписание учебных занятий студентов 3 и 4-го курсов специальности <strong>1-40 05 01</strong> дневной формы получения образования&nbsp;</span></a></p>', '<p style="font-size: medium; font-weight: 400; text-align: left;"><a href="https://static.bntu.by/bntu/new/files/file_c47846c9cfa24d795e735b0ebb0bed11.xls"><span style="font-weight: 400;">Расписание учебных занятий студентов 3 и 4-го курсов специальности <strong>1-53 01 01 и 1-53 01 06</strong> дневной формы получения образования&nbsp;</span></a></p>', '<p style="font-size: medium; font-weight: 400; text-align: left;"><a href="https://static.bntu.by/bntu/new/files/file_eaf995ee50c555ac37f21387bbd97d5b.xls"><span style="font-weight: 400;">Расписание учебных занятий студентов 3 и 4-го курсов специальности <strong>1-53 01 05</strong> дневной формы получения образования&nbsp;</span></a></p>']
2024-10-29 21:42:38,552 - [INFO] - find_lines_with_urld_fitr - 



2024-10-29 21:42:43,661 - [INFO] - download_and_parse - Books are downloaded.
2024-10-29 21:42:43,661 - [INFO] - main - 


------------------------------------------------

2024-10-29 21:42:43,661 - [INFO] - main - parsing/sheets/1kurs.xls
2024-10-29 21:42:44,080 - [INFO] - parce_workbook_excel - 
----------------------------------
Book /Users/mivanoffka/Documents/Разработка/Python/BNTU_Timetable/parsing/sheets/1kurs.xls
2024-10-29 21:42:44,131 - [INFO] - reformat - 
Y: from 9-14 to 134; X: 0, 2; 
2024-10-29 21:42:44,131 - [INFO] - reformat - {'10111124': 4, '10111224': 4, '10114124': 4, '10115124': 4, '10117124': 4, '10104124': 4, '10104224': 4, '10104324': 4}
2024-10-29 21:42:44,131 - [INFO] - reformat - {0: {'8.00- 9.35': 4, '9.55-11.30': 4, '11.40-13.15': 4, '13.55-15.30': 4, '15.40-17.15': 4}, 1: {'8.00- 9.35': 4, '9.55-11.30': 4, '11.40-13.15': 4, '13.55-15.30': 4, '15.40-17.15': 4}, 2: {'8.00- 9.35': 4, '9.55-11.30': 4, '11.40-13.15': 4, '13.55-15.30': 4, '15.40-17.15': 4}, 3: {'8.00- 9.35': 4, '9.55-11.30': 4, '11.40-13.15': 4, '13.55-15.30': 4, '15.40-17.15': 4}, 4: {'8.00- 9.35': 4, '9.55-11.30': 4, '11.40-13.15': 4, '13.55-15.30': 4, '15.40-17.15': 4}, 5: {'8.00- 9.35': 4, '9.55-11.30': 4, '11.40-13.15': 4, '13.55-15.30': 4, '15.40-17.15': 4}}
2024-10-29 21:42:44,442 - [INFO] - parce_worksheet_excel - Sheet #1 was successfully parsed
2024-10-29 21:42:44,523 - [INFO] - reformat - 
Y: from 9-14 to 134; X: 0, 2; 
2024-10-29 21:42:44,525 - [INFO] - reformat - {'10105124': 4, '10105224': 4, '10106124': 4, '10107124': 4, '10107224': 4, '10107324': 4, '10108124': 4, '10109124': 4, '10110124': 4, '10116124': 4}
2024-10-29 21:42:44,526 - [INFO] - reformat - {0: {'8.00- 9.35': 4, '9.55-11.30': 4, '11.40-13.15': 4, '13.55-15.30': 4, '15.40-17.15': 4}, 1: {'8.00- 9.35': 4, '9.55-11.30': 4, '11.40-13.15': 4, '13.55-15.30': 4, '15.40-17.15': 4}, 2: {'8.00- 9.35': 4, '9.55-11.30': 4, '11.40-13.15': 4, '13.55-15.30': 4, '15.40-17.15': 4}, 3: {'8.00- 9.35': 4, '9.55-11.30': 4, '11.40-13.15': 4, '13.55-15.30': 4, '15.40-17.15': 4}, 4: {'8.00- 9.35': 4, '9.55-11.30': 4, '11.40-13.15': 4, '13.55-15.30': 4, '15.40-17.15': 4}, 5: {'8.00- 9.35': 4, '9.55-11.30': 4, '11.40-13.15': 4, '13.55-15.30': 4, '15.40-17.15': 4}}
2024-10-29 21:42:44,966 - [INFO] - parce_worksheet_excel - Sheet #2 was successfully parsed
2024-10-29 21:42:45,012 - [INFO] - reformat - 
Y: from 9-14 to 130; X: 0, 2; 
2024-10-29 21:42:45,012 - [INFO] - reformat - {'10208124': 4, '10205124': 4, '10205224': 4, '10205524': 4}
2024-10-29 21:42:45,013 - [INFO] - reformat - {0: {'12.00-13.35': 4, '13.55-15.30': 4, '15.40-17.15': 4, '17.45-19.20': 4, '19.30-21.05': 4}, 1: {'12.00-13.35': 4, '13.55-15.30': 4, '15.40-17.15': 4, '17.45-19.20': 4, '19.30-21.05': 4}, 2: {'12.00-13.35': 4, '13.55-15.30': 4, '15.40-17.15': 4, '17.45-19.20': 4, '19.30-21.05': 4}, 3: {'12.00-13.35': 4, '13.55-15.30': 4, '15.40-17.15': 4, '17.45-19.20': 4, '19.30-21.05': 4}, 4: {'12.00-13.35': 4, '13.55-15.30': 4, '15.40-17.15': 4, '17.45-19.20': 4, '19.30-21.05': 4}, 5: {'12.00-13.35': 4, '13.55-15.30': 4, '15.40-17.15': 4, '17.45-19.20': 4}}
2024-10-29 21:42:45,088 - [INFO] - parce_worksheet_excel - Sheet #3 was successfully parsed
2024-10-29 21:42:45,134 - [INFO] - reformat - 
Y: from 9-14 to 130; X: 0, 2; 
2024-10-29 21:42:45,134 - [INFO] - reformat - {'10301124': 4, '10301224': 4, '10301324': 4, '10301424': 4, '10303124': 4, '10305124': 4, '10305224': 4, '10307124': 4, '10309124': 4, '10302124': 4, '10302224': 4, '10302324': 4}
2024-10-29 21:42:45,134 - [INFO] - reformat - {0: {'12.00-13.35': 4, '13.55-15.30': 4, '15.40-17.15': 4, '17.45-19.20': 4, '19.30-21.05': 4}, 1: {'12.00-13.35': 4, '13.55-15.30': 4, '15.40-17.15': 4, '17.45-19.20': 4, '19.30-21.05': 4}, 2: {'12.00-13.35': 4, '13.55-15.30': 4, '15.40-17.15': 4, '17.45-19.20': 4, '19.30-21.05': 4}, 3: {'12.00-13.35': 4, '13.55-15.30': 4, '15.40-17.15': 4, '17.45-19.20': 4, '19.30-21.05': 4}, 4: {'12.00-13.35': 4, '13.55-15.30': 4, '15.40-17.15': 4, '17.45-19.20': 4, '19.30-21.05': 4}, 5: {'12.00-13.35': 4, '13.55-15.30': 4, '15.40-17.15': 4, '17.45-19.20': 4}}
2024-10-29 21:42:45,761 - [INFO] - parce_worksheet_excel - Sheet #4 was successfully parsed
2024-10-29 21:42:45,813 - [INFO] - reformat - 
Y: from 9-14 to 130; X: 0, 2; 
2024-10-29 21:42:45,813 - [INFO] - reformat - {'10402524': 4, '10402224': 4, '10402424': 4, '10402124': 4, '10402324': 4, '10401224': 4, '10401324': 4, '10401124': 4}
2024-10-29 21:42:45,813 - [INFO] - reformat - {0: {'12.00-13.35': 4, '13.55-15.30': 4, '15.40-17.15': 4, '17.45-19.20': 4, '19.30-21.05': 4}, 1: {'12.00-13.35': 4, '13.55-15.30': 4, '15.40-17.15': 4, '17.45-19.20': 4, '19.30-21.05': 4}, 2: {'12.00-13.35': 4, '13.55-15.30': 4, '15.40-17.15': 4, '17.45-19.20': 4, '19.30-21.05': 4}, 3: {'12.00-13.35': 4, '13.55-15.30': 4, '15.40-17.15': 4, '17.45-19.20': 4, '19.30-21.05': 4}, 4: {'12.00-13.35': 4, '13.55-15.30': 4, '15.40-17.15': 4, '17.45-19.20': 4, '19.30-21.05': 4}, 5: {'12.00-13.35': 4, '13.55-15.30': 4, '15.40-17.15': 4, '17.45-19.20': 4}}
2024-10-29 21:42:46,083 - [INFO] - parce_worksheet_excel - Sheet #5 was successfully parsed
2024-10-29 21:42:46,131 - [INFO] - reformat - 
Y: from 9-14 to 130; X: 0, 2; 
2024-10-29 21:42:46,131 - [INFO] - reformat - {'10503124': 4, '10503224': 4, '10503324': 4, '10504124': 4, '10504224': 4, '10504324': 4, '10506124': 4, '10506224': 4, '10506324': 4, '10501124': 4, '10502124': 4, '10505124': 4}
2024-10-29 21:42:46,131 - [INFO] - reformat - {0: {'8.00- 9.35': 4, '9.55-11.30': 4, '11.40-13.15': 4, '13.55-15.30': 4, '15.40-17.15': 4}, 1: {'8.00- 9.35': 4, '9.55-11.30': 4, '11.40-13.15': 4, '13.55-15.30': 4, '15.40-17.15': 4}, 2: {'8.00- 9.35': 4, '9.55-11.30': 4, '11.40-13.15': 4, '13.55-15.30': 4, '15.40-17.15': 4}, 3: {'8.00- 9.35': 4, '9.55-11.30': 4, '11.40-13.15': 4, '13.55-15.30': 4, '15.40-17.15': 4}, 4: {'8.00- 9.35': 4, '9.55-11.30': 4, '11.40-13.15': 4, '13.55-15.30': 4, '15.40-17.15': 4}, 5: {'8.00- 9.35': 4, '9.55-11.30': 4, '11.40-13.15': 4, '13.55-15.30': 4}}
2024-10-29 21:42:46,749 - [INFO] - parce_worksheet_excel - Sheet #6 was successfully parsed
2024-10-29 21:42:46,792 - [INFO] - reformat - 
Y: from 9-14 to 130; X: 0, 2; 
2024-10-29 21:42:46,792 - [INFO] - reformat - {'10601124': 4, '10601224': 4, '10609124': 4, '10602124': 4, '10602224': 4, '10603124': 4, '10603224': 4, '10603324': 4}
2024-10-29 21:42:46,792 - [INFO] - reformat - {0: {'8.00- 9.35': 4, '9.55-11.30': 4, '11.40-13.15': 4, '13.55-15.30': 4, '15.40-17.15': 4}, 1: {'8.00- 9.35': 4, '9.55-11.30': 4, '11.40-13.15': 4, '13.55-15.30': 4, '15.40-17.15': 4}, 2: {'8.00- 9.35': 4, '9.55-11.30': 4, '11.40-13.15': 4, '13.55-15.30': 4, '15.40-17.15': 4}, 3: {'8.00- 9.35': 4, '9.55-11.30': 4, '11.40-13.15': 4, '13.55-15.30': 4, '15.40-17.15': 4}, 4: {'8.00- 9.35': 4, '9.55-11.30': 4, '11.40-13.15': 4, '13.55-15.30': 4, '15.40-17.15': 4}, 5: {'8.00- 9.35': 4, '9.55-11.30': 4, '11.40-13.15': 4, '13.55-15.30': 4}}
2024-10-29 21:42:47,083 - [INFO] - parce_worksheet_excel - Sheet #7 was successfully parsed
2024-10-29 21:42:47,151 - [INFO] - reformat - 
Y: from 9-14 to 130; X: 0, 2; 
2024-10-29 21:42:47,151 - [INFO] - reformat - {'10604124': 4, '10604224': 4, '10608124': 4, '10605124': 4, '10605224': 4, '10606124': 4, '10607124': 4}
2024-10-29 21:42:47,151 - [INFO] - reformat - {0: {'8.00- 9.35': 4, '9.55-11.30': 4, '11.40-13.15': 4, '13.55-15.30': 4, '15.40-17.15': 4}, 1: {'8.00- 9.35': 4, '9.55-11.30': 4, '11.40-13.15': 4, '13.55-15.30': 4, '15.40-17.15': 4}, 2: {'8.00- 9.35': 4, '9.55-11.30': 4, '11.40-13.15': 4, '13.55-15.30': 4, '15.40-17.15': 4}, 3: {'8.00- 9.35': 4, '9.55-11.30': 4, '11.40-13.15': 4, '13.55-15.30': 4, '15.40-17.15': 4}, 4: {'8.00- 9.35': 4, '9.55-11.30': 4, '11.40-13.15': 4, '13.55-15.30': 4, '15.40-17.15': 4}, 5: {'8.00- 9.35': 4, '9.55-11.30': 4, '11.40-13.15': 4, '13.55-15.30': 4}}
2024-10-29 21:42:47,472 - [INFO] - parce_worksheet_excel - Sheet #8 was successfully parsed
2024-10-29 21:42:47,577 - [INFO] - reformat - 
Y: from 10-15 to 131; X: 0, 2; 
2024-10-29 21:42:47,577 - [INFO] - reformat - {'10701124': 4, '10701224': 4, '10701324': 4, '10701424': 4, '10706124': 4, '10706224': 4, '10703124': 4, '10703224': 4, '10703324': 4}
2024-10-29 21:42:47,577 - [INFO] - reformat - {0: {'12.00-13.35': 4, '13.55-15.30': 4, '15.40-17.15': 4, '17.45-19.20': 4, '19.30-21.05': 4}, 1: {'12.00-13.35': 4, '13.55-15.30': 4, '15.40-17.15': 4, '17.45-19.20': 4, '19.30-21.05': 4}, 2: {'12.00-13.35': 4, '13.55-15.30': 4, '15.40-17.15': 4, '17.45-19.20': 4, '19.30-21.05': 4}, 3: {'12.00-13.35': 4, '13.55-15.30': 4, '15.40-17.15': 4, '17.45-19.20': 4, '19.30-21.05': 4}, 4: {'12.00-13.35': 4, '13.55-15.30': 4, '15.40-17.15': 4, '17.45-19.20': 4, '19.30-21.05': 4}, 5: {'12.00-13.35': 4, '13.55-15.30': 4, '15.40-17.15': 4, '17.45-19.20': 4}}
2024-10-29 21:42:48,108 - [INFO] - parce_worksheet_excel - Sheet #9 was successfully parsed
2024-10-29 21:42:48,187 - [INFO] - reformat - 
Y: from 9-14 to 134; X: 0, 2; 
2024-10-29 21:42:48,188 - [INFO] - reformat - {'10801124': 4, '10801224': 4, '10801324': 4, '10802124': 4, '10803124': 4, '10804124': 4, '10806124': 4, '10806224': 4, '10806324': 4, '10807124': 4, '10809124': 4, '10809224': 4, '10808124': 4, '10808224': 4}
2024-10-29 21:42:48,189 - [INFO] - reformat - {0: {'8.00- 9.35': 4, '9.55-11.30': 4, '11.40-13.15': 4, '13.55-15.30': 4, '15.40-17.15': 4}, 1: {'8.00- 9.35': 4, '9.55-11.30': 4, '11.40-13.15': 4, '13.55-15.30': 4, '15.40-17.15': 4}, 2: {'8.00- 9.35': 4, '9.55-11.30': 4, '11.40-13.15': 4, '13.55-15.30': 4, '15.40-17.15': 4}, 3: {'8.00- 9.35': 4, '9.55-11.30': 4, '11.40-13.15': 4, '13.55-15.30': 4, '15.40-17.15': 4}, 4: {'8.00- 9.35': 4, '9.55-11.30': 4, '11.40-13.15': 4, '13.55-15.30': 4, '15.40-17.15': 4}, 5: {'8.00- 9.35': 4, '9.55-11.30': 4, '11.40-13.15': 4, '13.55-15.30': 4, '19.30-21.05': 4}}
2024-10-29 21:42:49,017 - [INFO] - parce_worksheet_excel - Sheet #10 was successfully parsed
2024-10-29 21:42:49,048 - [INFO] - reformat - 
Y: from 9-14 to 130; X: 0, 2; 
2024-10-29 21:42:49,049 - [INFO] - reformat - {'10903124': 4, '10903324': 4, '10903524': 4, '10904124': 4, '10903724': 4}
2024-10-29 21:42:49,049 - [INFO] - reformat - {0: {'8.00- 9.35': 4, '9.55-11.30': 4, '11.40-13.15': 4, '13.55-15.30': 4, '15.40-17.15': 4}, 1: {'8.00- 9.35': 4, '9.55-11.30': 4, '11.40-13.15': 4, '13.55-15.30': 4, '15.40-17.15': 4}, 2: {'8.00- 9.35': 4, '9.55-11.30': 4, '11.40-13.15': 4, '13.55-15.30': 4, '15.40-17.15': 4}, 3: {'8.00- 9.35': 4, '9.55-11.30': 4, '11.40-13.15': 4, '13.55-15.30': 4, '15.40-17.15': 4}, 4: {'8.00- 9.35': 4, '9.55-11.30': 4, '11.40-13.15': 4, '13.55-15.30': 4, '15.40-17.15': 4}, 5: {'8.00- 9.35': 4, '9.55-11.30': 4, '11.40-13.15': 4, '13.55-15.30': 4}}
2024-10-29 21:42:49,181 - [INFO] - parce_worksheet_excel - Sheet #11 was successfully parsed
2024-10-29 21:42:49,238 - [INFO] - reformat - 
Y: from 10-15 to 131; X: 0, 2; 
2024-10-29 21:42:49,238 - [INFO] - reformat - {'11001124': 4, '11001224': 4, '11002124': 4, '11002224': 4, '11004124': 4, '11004224': 4, '11004324': 4, '11003124': 4, '11003224': 4, '11005124': 4, '11006124': 4}
2024-10-29 21:42:49,239 - [INFO] - reformat - {0: {'8.00- 9.35': 4, '9.55-11.30': 4, '11.40-13.15': 4, '13.55-15.30': 4, '15.40-17.15': 4}, 1: {'8.00- 9.35': 4, '9.55-11.30': 4, '11.40-13.15': 4, '13.55-15.30': 4, '15.40-17.15': 4}, 2: {'8.00- 9.35': 4, '9.55-11.30': 4, '11.40-13.15': 4, '13.55-15.30': 4, '15.40-17.15': 4}, 3: {'8.00- 9.35': 4, '9.55-11.30': 4, '11.40-13.15': 4, '13.55-15.30': 4, '15.40-17.15': 4}, 4: {'8.00- 9.35': 4, '9.55-11.30': 4, '11.40-13.15': 4, '13.55-15.30': 4, '15.40-17.15': 4}, 5: {'8.00- 9.35': 4, '9.55-11.30': 4, '11.40-13.15': 4, '13.55-15.30': 4}}
2024-10-29 21:42:49,730 - [INFO] - parce_worksheet_excel - Sheet #12 was successfully parsed
2024-10-29 21:42:49,781 - [INFO] - reformat - 
Y: from 10-15 to 131; X: 0, 2; 
2024-10-29 21:42:49,781 - [INFO] - reformat - {'11201124': 4, '11201224': 4, '11201324': 4, '11201424': 4, '11201524': 4, '11202124': 4, '11205124': 4, '11203124': 4}
2024-10-29 21:42:49,782 - [INFO] - reformat - {0: {'8.00- 9.35': 4, '9.55-11.30': 4, '11.40-13.15': 4, '13.55-15.30': 4, '15.40-17.15': 4}, 1: {'8.00- 9.35': 4, '9.55-11.30': 4, '11.40-13.15': 4, '13.55-15.30': 4, '15.40-17.15': 4}, 2: {'8.00- 9.35': 4, '9.55-11.30': 4, '11.40-13.15': 4, '13.55-15.30': 4, '15.40-17.15': 4}, 3: {'8.00- 9.35': 4, '9.55-11.30': 4, '11.40-13.15': 4, '13.55-15.30': 4, '15.40-17.15': 4}, 4: {'8.00- 9.35': 4, '9.55-11.30': 4, '11.40-13.15': 4, '13.55-15.30': 4, '15.40-17.15': 4}, 5: {'8.00- 9.35': 4, '9.55-11.30': 4, '11.40-13.15': 4, '13.55-15.30': 4}}
2024-10-29 21:42:50,087 - [INFO] - parce_worksheet_excel - Sheet #13 was successfully parsed
2024-10-29 21:42:50,162 - [INFO] - reformat - 
Y: from 9-14 to 130; X: 0, 2; 
2024-10-29 21:42:50,162 - [INFO] - reformat - {'11301124': 4, '11303124': 4, '11312124': 4, '11310124': 4, '11304124': 4, '11305124': 4, '11311124': 4, '11302124': 4, '11307124': 4, '11309124': 4}
2024-10-29 21:42:50,162 - [INFO] - reformat - {0: {'8.00- 9.35': 4, '9.55-11.30': 4, '11.40-13.15': 4, '13.55-15.30': 4, '15.40-17.15': 4}, 1: {'8.00- 9.35': 4, '9.55-11.30': 4, '11.40-13.15': 4, '13.55-15.30': 4, '15.40-17.15': 4}, 2: {'8.00- 9.35': 4, '9.55-11.30': 4, '11.40-13.15': 4, '13.55-15.30': 4, '15.40-17.15': 4}, 3: {'8.00- 9.35': 4, '9.55-11.30': 4, '11.40-13.15': 4, '13.55-15.30': 4, '15.40-17.15': 4}, 4: {'8.00- 9.35': 4, '9.55-11.30': 4, '11.40-13.15': 4, '13.55-15.30': 4, '15.40-17.15': 4}, 5: {'8.00- 9.35': 4, '9.55-11.30': 4, '11.40-13.15': 4, '13.55-15.30': 4}}
2024-10-29 21:42:50,563 - [INFO] - parce_worksheet_excel - Sheet #14 was successfully parsed
2024-10-29 21:42:50,613 - [INFO] - reformat - 
Y: from 10-15 to 131; X: 0, 2; 
2024-10-29 21:42:50,613 - [INFO] - reformat - {'11402124': 4, '11402224': 4, '11403124': 4, '11403224': 4, '11403324': 4, '11403424': 4, '11404124': 4, '11404224': 4, '11401124': 4}
2024-10-29 21:42:50,613 - [INFO] - reformat - {0: {'8.00- 9.35': 4, '9.55-11.30': 4, '11.40-13.15': 4, '13.55-15.30': 4, '15.40-17.15': 4}, 1: {'8.00- 9.35': 4, '9.55-11.30': 4, '11.40-13.15': 4, '13.55-15.30': 4, '15.40-17.15': 4}, 2: {'8.00- 9.35': 4, '9.55-11.30': 4, '11.40-13.15': 4, '13.55-15.30': 4, '15.40-17.15': 4}, 3: {'8.00- 9.35': 4, '9.55-11.30': 4, '11.40-13.15': 4, '13.55-15.30': 4, '15.40-17.15': 4}, 4: {'8.00- 9.35': 4, '9.55-11.30': 4, '11.40-13.15': 4, '13.55-15.30': 4, '15.40-17.15': 4}, 5: {'8.00- 9.35': 4, '9.55-11.30': 4, '11.40-13.15': 4, '13.55-15.30': 4}}
2024-10-29 21:42:50,952 - [INFO] - parce_worksheet_excel - Sheet #15 was successfully parsed
2024-10-29 21:42:50,999 - [INFO] - reformat - 
Y: from 9-13 to 129; X: 0, 2; 
2024-10-29 21:42:51,000 - [INFO] - reformat - {'11501124': 4, '11501224': 4, '11502124': 4, '11502224': 4, '11503124': 4, '11505124': 4, '11504124': 4}
2024-10-29 21:42:51,000 - [INFO] - reformat - {0: {'8.00- 9.35': 4, '9.55-11.30': 4, '11.40-13.15': 4, '13.55-15.30': 4, '15.40-17.15': 4}, 1: {'8.00- 9.35': 4, '9.55-11.30': 4, '11.40-13.15': 4, '13.55-15.30': 4, '15.40-17.15': 4}, 2: {'8.00- 9.35': 4, '9.55-11.30': 4, '11.40-13.15': 4, '13.55-15.30': 4, '15.40-17.15': 4}, 3: {'8.00- 9.35': 4, '9.55-11.30': 4, '11.40-13.15': 4, '13.55-15.30': 4, '15.40-17.15': 4}, 4: {'8.00- 9.35': 4, '9.55-11.30': 4, '11.40-13.15': 4, '13.55-15.30': 4, '15.40-17.15': 4}, 5: {'8.00- 9.35': 4, '9.55-11.30': 4, '11.40-13.15': 4, '13.55-15.30': 4}}
2024-10-29 21:42:51,214 - [INFO] - parce_worksheet_excel - Sheet #16 was successfully parsed
2024-10-29 21:42:51,233 - [INFO] - reformat - 
Y: from 9-14 to 130; X: 0, 2; 
2024-10-29 21:42:51,233 - [INFO] - reformat - {'11902124': 4, '11902224': 4, '11904124': 4, '11904224': 4}
2024-10-29 21:42:51,233 - [INFO] - reformat - {0: {'12.00-13.35': 4, '13.55-15.30': 4, '15.40-17.15': 4, '17.45-19.20': 4, '19.30-21.05': 4}, 1: {'12.00-13.35': 4, '13.55-15.30': 4, '15.40-17.15': 4, '17.45-19.20': 4, '19.30-21.05': 4}, 2: {'12.00-13.35': 4, '13.55-15.30': 4, '15.40-17.15': 4, '17.45-19.20': 4, '19.30-21.05': 4}, 3: {'12.00-13.35': 4, '13.55-15.30': 4, '15.40-17.15': 4, '17.45-19.20': 4, '19.30-21.05': 4}, 4: {'12.00-13.35': 4, '13.55-15.30': 4, '15.40-17.15': 4, '17.45-19.20': 4, '19.30-21.05': 4}, 5: {'12.00-13.35': 4, '13.55-15.30': 4, '15.40-17.15': 4, '17.45-19.20': 4}}
2024-10-29 21:42:51,313 - [INFO] - parce_worksheet_excel - Sheet #17 was successfully parsed
2024-10-29 21:42:51,313 - [INFO] - main - 


------------------------------------------------

2024-10-29 21:42:51,313 - [INFO] - main - parsing/sheets/2kurs.xls
2024-10-29 21:42:51,784 - [INFO] - parce_workbook_excel - 
----------------------------------
Book /Users/mivanoffka/Documents/Разработка/Python/BNTU_Timetable/parsing/sheets/2kurs.xls
2024-10-29 21:42:51,850 - [INFO] - reformat - 
Y: from 9-14 to 130; X: 0, 2; 
2024-10-29 21:42:51,850 - [INFO] - reformat - {'10111123': 4, '10111223': 4, '10114123': 4, '10115123': 4, '10117123': 4, '10116123': 4, '10103123': 4, '10104123': 4, '10104223': 4}
2024-10-29 21:42:51,850 - [INFO] - reformat - {0: {'8.00- 9.35': 4, '9.55-11.30': 4, '11.40-13.15': 4, '13.55-15.30': 4, '15.40-17.15': 4}, 1: {'8.00- 9.35': 4, '9.55-11.30': 4, '11.40-13.15': 4, '13.55-15.30': 4, '15.40-17.15': 4}, 2: {'8.00- 9.35': 4, '9.55-11.30': 4, '11.40-13.15': 4, '13.55-15.30': 4, '15.40-17.15': 4}, 3: {'8.00- 9.35': 4, '9.55-11.30': 4, '11.40-13.15': 4, '13.55-15.30': 4, '15.40-17.15': 4}, 4: {'8.00- 9.35': 4, '9.55-11.30': 4, '11.40-13.15': 4, '13.55-15.30': 4, '15.40-17.15': 4}, 5: {'8.00- 9.35': 4, '9.55-11.30': 4, '11.40-13.15': 4, '13.55-15.30': 4}}
2024-10-29 21:42:52,261 - [INFO] - parce_worksheet_excel - Sheet #1 was successfully parsed
2024-10-29 21:42:52,318 - [INFO] - reformat - 
Y: from 9-14 to 130; X: 0, 2; 
2024-10-29 21:42:52,319 - [INFO] - reformat - {'10105123': 4, '10105223': 4, '10107123': 4, '10107223': 4, '10107323': 4, '10106123': 4, '10106223': 4, '10108123': 4, '10110123': 4, '10109123': 4}
2024-10-29 21:42:52,319 - [INFO] - reformat - {0: {'8.00- 9.35': 4, '9.55-11.30': 4, '11.40-13.15': 4, '13.55-15.30': 4, '15.40-17.15': 4}, 1: {'8.00- 9.35': 4, '9.55-11.30': 4, '11.40-13.15': 4, '13.55-15.30': 4, '15.40-17.15': 4}, 2: {'8.00- 9.35': 4, '9.55-11.30': 4, '11.40-13.15': 4, '13.55-15.30': 4, '15.40-17.15': 4}, 3: {'8.00- 9.35': 4, '9.55-11.30': 4, '11.40-13.15': 4, '13.55-15.30': 4, '15.40-17.15': 4}, 4: {'8.00- 9.35': 4, '9.55-11.30': 4, '11.40-13.15': 4, '13.55-15.30': 4, '15.40-17.15': 4}, 5: {'8.00- 9.35': 4, '9.55-11.30': 4, '11.40-13.15': 4, '13.55-15.30': 4}}
2024-10-29 21:42:52,698 - [INFO] - parce_worksheet_excel - Sheet #2 was successfully parsed
2024-10-29 21:42:52,717 - [INFO] - reformat - 
Y: from 10-15 to 131; X: 0, 2; 
2024-10-29 21:42:52,718 - [INFO] - reformat - {'10208123': 4, '10205123': 4, '10205223': 4}
2024-10-29 21:42:52,718 - [INFO] - reformat - {0: {'12.00-13.35': 4, '13.55-15.30': 4, '15.40-17.15': 4, '17.45-19.20': 4, '19.30-21.05': 4}, 1: {'12.00-13.35': 4, '13.55-15.30': 4, '15.40-17.15': 4, '17.45-19.20': 4, '19.30-21.05': 4}, 2: {'12.00-13.35': 4, '13.55-15.30': 4, '15.40-17.15': 4, '17.45-19.20': 4, '19.30-21.05': 4}, 3: {'12.00-13.35': 4, '13.55-15.30': 4, '15.40-17.15': 4, '17.45-19.20': 4, '19.30-21.05': 4}, 4: {'12.00-13.35': 4, '13.55-15.30': 4, '15.40-17.15': 4, '17.45-19.20': 4, '19.30-21.05': 4}, 5: {'12.00-13.35': 4, '13.55-15.30': 4, '15.40-17.15': 4, '17.45-19.20': 4}}
2024-10-29 21:42:52,766 - [INFO] - parce_worksheet_excel - Sheet #3 was successfully parsed
2024-10-29 21:42:52,834 - [INFO] - reformat - 
Y: from 9-14 to 130; X: 0, 2; 
2024-10-29 21:42:52,834 - [INFO] - reformat - {'10301123': 4, '10301223': 4, '10301323': 4, '10301423': 4, '10303123': 4, '10305123': 4, '10305223': 4, '10306123': 4, '10309123': 4, '10302123': 4, '10302223': 4}
2024-10-29 21:42:52,835 - [INFO] - reformat - {0: {'12.00-13.35': 4, '13.55-15.30': 4, '15.40-17.15': 4, '17.45-19.20': 4, '19.30-21.05': 4}, 1: {'12.00-13.35': 4, '13.55-15.30': 4, '15.40-17.15': 4, '17.45-19.20': 4, '19.30-21.05': 4}, 2: {'12.00-13.35': 4, '13.55-15.30': 4, '15.40-17.15': 4, '17.45-19.20': 4, '19.30-21.05': 4}, 3: {'12.00-13.35': 4, '13.55-15.30': 4, '15.40-17.15': 4, '17.45-19.20': 4, '19.30-21.05': 4}, 4: {'12.00-13.35': 4, '13.55-15.30': 4, '15.40-17.15': 4, '17.45-19.20': 4, '19.30-21.05': 4}, 5: {'12.00-13.35': 4, '13.55-15.30': 4, '15.40-17.15': 4, '17.45-19.20': 4}}
2024-10-29 21:42:53,389 - [INFO] - parce_worksheet_excel - Sheet #4 was successfully parsed
2024-10-29 21:42:53,443 - [INFO] - reformat - 
Y: from 9-14 to 130; X: 0, 2; 
2024-10-29 21:42:53,443 - [INFO] - reformat - {'10401123': 4, '10402223': 4, '10403123': 4, '10404123': 4, '10404223': 4, '10405223': 4, '10405523': 4, '10405623': 4}
2024-10-29 21:42:53,443 - [INFO] - reformat - {0: {'12.00-13.35': 4, '13.55-15.30': 4, '15.40-17.15': 4, '17.45-19.20': 4, '19.30-21.05': 4}, 1: {'12.00-13.35': 4, '13.55-15.30': 4, '15.40-17.15': 4, '17.45-19.20': 4, '19.30-21.05': 4}, 2: {'12.00-13.35': 4, '13.55-15.30': 4, '15.40-17.15': 4, '17.45-19.20': 4, '19.30-21.05': 4}, 3: {'12.00-13.35': 4, '13.55-15.30': 4, '15.40-17.15': 4, '17.45-19.20': 4, '19.30-21.05': 4}, 4: {'12.00-13.35': 4, '13.55-15.30': 4, '15.40-17.15': 4, '17.45-19.20': 4, '19.30-21.05': 4}, 5: {'12.00-13.35': 4, '13.55-15.30': 4, '15.40-17.15': 4, '17.45-19.20': 4}}
2024-10-29 21:42:53,764 - [INFO] - parce_worksheet_excel - Sheet #5 was successfully parsed
2024-10-29 21:42:53,852 - [INFO] - reformat - 
Y: from 9-14 to 130; X: 0, 2; 
2024-10-29 21:42:53,852 - [INFO] - reformat - {'10503123': 4, '10503223': 4, '10503323': 4, '10504123': 4, '10504223': 4, '10504323': 4, '10506123': 4, '10506223': 4, '10506323': 4, '10505123': 4, '10502123': 4, '10501123': 4}
2024-10-29 21:42:53,853 - [INFO] - reformat - {0: {'8.00- 9.35': 4, '9.55-11.30': 4, '11.40-13.15': 4, '13.55-15.30': 4, '15.40-17.15': 4}, 1: {'8.00- 9.35': 4, '9.55-11.30': 4, '11.40-13.15': 4, '13.55-15.30': 4, '15.40-17.15': 4}, 2: {'8.00- 9.35': 4, '9.55-11.30': 4, '11.40-13.15': 4, '13.55-15.30': 4, '15.40-17.15': 4}, 3: {'8.00- 9.35': 4, '9.55-11.30': 4, '11.40-13.15': 4, '13.55-15.30': 4, '15.40-17.15': 4}, 4: {'8.00- 9.35': 4, '9.55-11.30': 4, '11.40-13.15': 4, '13.55-15.30': 4, '15.40-17.15': 4}, 5: {'8.00- 9.35': 4, '9.55-11.30': 4, '11.40-13.15': 4, '13.55-15.30': 4}}
2024-10-29 21:42:54,417 - [INFO] - parce_worksheet_excel - Sheet #6 was successfully parsed
2024-10-29 21:42:54,474 - [INFO] - reformat - 
Y: from 9-14 to 130; X: 0, 2; 
2024-10-29 21:42:54,475 - [INFO] - reformat - {'10604123': 4, '10604223': 4, '10608123': 4, '10605123': 4, '10605223': 4, '10606123': 4, '10607123': 4}
2024-10-29 21:42:54,476 - [INFO] - reformat - {0: {'8.00- 9.35': 4, '9.55-11.30': 4, '11.40-13.15': 4, '13.55-15.30': 4, '15.40-17.15': 4}, 1: {'8.00- 9.35': 4, '9.55-11.30': 4, '11.40-13.15': 4, '13.55-15.30': 4, '15.40-17.15': 4}, 2: {'8.00- 9.35': 4, '9.55-11.30': 4, '11.40-13.15': 4, '13.55-15.30': 4, '15.40-17.15': 4}, 3: {'8.00- 9.35': 4, '9.55-11.30': 4, '11.40-13.15': 4, '13.55-15.30': 4, '15.40-17.15': 4}, 4: {'8.00- 9.35': 4, '9.55-11.30': 4, '11.40-13.15': 4, '13.55-15.30': 4, '15.40-17.15': 4}, 5: {'8.00- 9.35': 4, '9.55-11.30': 4, '11.40-13.15': 4, '13.55-15.30': 4}}
2024-10-29 21:42:54,708 - [INFO] - parce_worksheet_excel - Sheet #7 was successfully parsed
2024-10-29 21:42:54,764 - [INFO] - reformat - 
Y: from 9-14 to 130; X: 0, 2; 
2024-10-29 21:42:54,764 - [INFO] - reformat - {'10601123': 4, '10601223': 4, '10609123': 4, '10602123': 4, '10602223': 4, '10603123': 4, '10603223': 4, '10603323': 4}
2024-10-29 21:42:54,765 - [INFO] - reformat - {0: {'8.00- 9.35': 4, '9.55-11.30': 4, '11.40-13.15': 4, '13.55-15.30': 4, '15.40-17.15': 4}, 1: {'8.00- 9.35': 4, '9.55-11.30': 4, '11.40-13.15': 4, '13.55-15.30': 4, '15.40-17.15': 4}, 2: {'8.00- 9.35': 4, '9.55-11.30': 4, '11.40-13.15': 4, '13.55-15.30': 4, '15.40-17.15': 4}, 3: {'8.00- 9.35': 4, '9.55-11.30': 4, '11.40-13.15': 4, '13.55-15.30': 4, '15.40-17.15': 4}, 4: {'8.00- 9.35': 4, '9.55-11.30': 4, '11.40-13.15': 4, '13.55-15.30': 4, '15.40-17.15': 4}, 5: {'8.00- 9.35': 4, '9.55-11.30': 4, '11.40-13.15': 4, '13.55-15.30': 4}}
2024-10-29 21:42:55,036 - [INFO] - parce_worksheet_excel - Sheet #8 was successfully parsed
2024-10-29 21:42:55,098 - [INFO] - reformat - 
Y: from 11-16 to 132; X: 0, 2; 
2024-10-29 21:42:55,099 - [INFO] - reformat - {'10701123': 4, '10701223': 4, '10701323': 4, '10706123': 4, '10703123': 4, '10703223': 4, '10702323': 4, '10702423': 4, '10702523': 4, '10705123': 4, '10705223': 4, '10701423': 4}
2024-10-29 21:42:55,099 - [INFO] - reformat - {0: {'12.00-13.35': 4, '13.55-15.30': 4, '15.40-17.15': 4, '17.45-19.20': 4, '19.30-21.05': 4}, 1: {'12.00-13.35': 4, '13.55-15.30': 4, '15.40-17.15': 4, '17.45-19.20': 4, '19.30-21.05': 4}, 2: {'12.00-13.35': 4, '13.55-15.30': 4, '15.40-17.15': 4, '17.45-19.20': 4, '19.30-21.05': 4}, 3: {'12.00-13.35': 4, '13.55-15.30': 4, '15.40-17.15': 4, '17.45-19.20': 4, '19.30-21.05': 4}, 4: {'12.00-13.35': 4, '13.55-15.30': 4, '15.40-17.15': 4, '17.45-19.20': 4, '19.30-21.05': 4}, 5: {'12.00-13.35': 4, '13.55-15.30': 4, '15.40-17.15': 4, '17.45-19.20': 4}}
2024-10-29 21:42:55,752 - [INFO] - parce_worksheet_excel - Sheet #9 was successfully parsed
2024-10-29 21:42:55,850 - [INFO] - reformat - 
Y: from 9-14 to 130; X: 0, 2; 
2024-10-29 21:42:55,850 - [INFO] - reformat - {'10801123': 4, '10801223': 4, '10801323': 4, '10802123': 4, '10803123': 4, '10804123': 4, '10804223': 4, '10806123': 4, '10806223': 4, '10806323': 4, '10807123': 4, '10809123': 4, '10808123': 4, '10808223': 4}
2024-10-29 21:42:55,851 - [INFO] - reformat - {0: {'8.00- 9.35': 4, '9.55-11.30': 4, '11.40-13.15': 4, '13.55-15.30': 4, '15.40-17.15': 4}, 1: {'8.00- 9.35': 4, '9.55-11.30': 4, '11.40-13.15': 4, '13.55-15.30': 4, '15.40-17.15': 4}, 2: {'8.00- 9.35': 4, '9.55-11.30': 4, '11.40-13.15': 4, '13.55-15.30': 4, '15.40-17.15': 4}, 3: {'8.00- 9.35': 4, '9.55-11.30': 4, '11.40-13.15': 4, '13.55-15.30': 4, '15.40-17.15': 4}, 4: {'8.00- 9.35': 4, '9.55-11.30': 4, '11.40-13.15': 4, '13.55-15.30': 4, '15.40-17.15': 4}, 5: {'8.00- 9.35': 4, '9.55-11.30': 4, '11.40-13.15': 4, '13.55-15.30': 4}}
2024-10-29 21:42:56,682 - [INFO] - parce_worksheet_excel - Sheet #10 was successfully parsed
2024-10-29 21:42:56,736 - [INFO] - reformat - 
Y: from 9-14 to 130; X: 0, 2; 
2024-10-29 21:42:56,736 - [INFO] - reformat - {'10903123': 4, '10903423': 4, '10903523': 4, '10904123': 4, '10903723': 4}
2024-10-29 21:42:56,736 - [INFO] - reformat - {0: {'8.00- 9.35': 4, '9.55-11.30': 4, '11.40-13.15': 4, '13.55-15.30': 4, '15.40-17.15': 4}, 1: {'8.00- 9.35': 4, '9.55-11.30': 4, '11.40-13.15': 4, '13.55-15.30': 4, '15.40-17.15': 4}, 2: {'8.00- 9.35': 4, '9.55-11.30': 4, '11.40-13.15': 4, '13.55-15.30': 4, '15.40-17.15': 4}, 3: {'8.00- 9.35': 4, '9.55-11.30': 4, '11.40-13.15': 4, '13.55-15.30': 4, '15.40-17.15': 4}, 4: {'8.00- 9.35': 4, '9.55-11.30': 4, '11.40-13.15': 4, '13.55-15.30': 4, '15.40-17.15': 4}, 5: {'8.00- 9.35': 4, '9.55-11.30': 4, '11.40-13.15': 4, '13.55-15.30': 4}}
2024-10-29 21:42:56,870 - [INFO] - parce_worksheet_excel - Sheet #11 was successfully parsed
2024-10-29 21:42:56,971 - [INFO] - reformat - 
Y: from 10-15 to 131; X: 0, 2; 
2024-10-29 21:42:56,971 - [INFO] - reformat - {'11001123': 4, '11001223': 4, '11002123': 4, '11002223': 4, '11004123': 4, '11004223': 4, '11004323': 4, '11003123': 4, '11005123': 4, '11006123': 4}
2024-10-29 21:42:56,971 - [INFO] - reformat - {0: {'8.00- 9.35': 4, '9.55-11.30': 4, '11.40-13.15': 4, '13.55-15.30': 4, '15.40-17.15': 4}, 1: {'8.00- 9.35': 4, '9.55-11.30': 4, '11.40-13.15': 4, '13.55-15.30': 4, '15.40-17.15': 4}, 2: {'8.00- 9.35': 4, '9.55-11.30': 4, '11.40-13.15': 4, '13.55-15.30': 4, '15.40-17.15': 4}, 3: {'8.00- 9.35': 4, '9.55-11.30': 4, '11.40-13.15': 4, '13.55-15.30': 4, '15.40-17.15': 4}, 4: {'8.00- 9.35': 4, '9.55-11.30': 4, '11.40-13.15': 4, '13.55-15.30': 4, '15.40-17.15': 4}, 5: {'8.00- 9.35': 4, '9.55-11.30': 4, '11.40-13.15': 4, '13.55-15.30': 4}}
2024-10-29 21:42:57,450 - [INFO] - parce_worksheet_excel - Sheet #12 was successfully parsed
2024-10-29 21:42:57,512 - [INFO] - reformat - 
Y: from 9-14 to 130; X: 0, 2; 
2024-10-29 21:42:57,512 - [INFO] - reformat - {'11201123': 4, '11201223': 4, '11201323': 4, '11201423': 4, '11202123': 4, '11203123': 4, '11204123': 4, '11205123': 4}
2024-10-29 21:42:57,512 - [INFO] - reformat - {0: {'8.00- 9.35': 4, '9.55-11.30': 4, '11.40-13.15': 4, '13.55-15.30': 4, '15.40-17.15': 4}, 1: {'8.00- 9.35': 4, '9.55-11.30': 4, '11.40-13.15': 4, '13.55-15.30': 4, '15.40-17.15': 4}, 2: {'8.00- 9.35': 4, '9.55-11.30': 4, '11.40-13.15': 4, '13.55-15.30': 4, '15.40-17.15': 4}, 3: {'8.00- 9.35': 4, '9.55-11.30': 4, '11.40-13.15': 4, '13.55-15.30': 4, '15.40-17.15': 4}, 4: {'8.00- 9.35': 4, '9.55-11.30': 4, '11.40-13.15': 4, '13.55-15.30': 4, '15.40-17.15': 4}, 5: {'8.00- 9.35': 4, '9.55-11.30': 4, '11.40-13.15': 4, '13.55-15.30': 4}}
2024-10-29 21:42:57,812 - [INFO] - parce_worksheet_excel - Sheet #13 was successfully parsed
2024-10-29 21:42:57,872 - [INFO] - reformat - 
Y: from 9-14 to 134; X: 0, 2; 
2024-10-29 21:42:57,873 - [INFO] - reformat - {'11301123': 4, '11303123': 4, '11312123': 4, '11310123': 4, '11310223': 4, '11310323': 4, '11305123': 4, '11311123': 4, '11302123': 4, '11307123': 4, '11309123': 4}
2024-10-29 21:42:57,873 - [INFO] - reformat - {0: {'8.00- 9.35': 4, '9.55-11.30': 4, '11.40-13.15': 4, '13.55-15.30': 4, '15.40-17.15': 4}, 1: {'8.00- 9.35': 4, '9.55-11.30': 4, '11.40-13.15': 4, '13.55-15.30': 4, '15.40-17.15': 4}, 2: {'8.00- 9.35': 4, '9.55-11.30': 4, '11.40-13.15': 4, '13.55-15.30': 4, '15.40-17.15': 4}, 3: {'8.00- 9.35': 4, '9.55-11.30': 4, '11.40-13.15': 4, '13.55-15.30': 4, '15.40-17.15': 4}, 4: {'8.00- 9.35': 4, '9.55-11.30': 4, '11.40-13.15': 4, '13.55-15.30': 4, '15.40-17.15': 4}, 5: {'8.00- 9.35': 4, '9.55-11.30': 4, '11.40-13.15': 4, '13.55-15.30': 4, '15.40-17.15': 4}}
2024-10-29 21:42:58,398 - [INFO] - parce_worksheet_excel - Sheet #14 was successfully parsed
2024-10-29 21:42:58,460 - [INFO] - reformat - 
Y: from 9-14 to 134; X: 0, 2; 
2024-10-29 21:42:58,460 - [INFO] - reformat - {'11402123': 4, '11403123': 4, '11403223': 4, '11403323': 4, '11403423': 4, '11404123': 4, '11404223': 4, '11401123': 4}
2024-10-29 21:42:58,460 - [INFO] - reformat - {0: {'8.00- 9.35': 4, '9.55-11.30': 4, '11.40-13.15': 4, '13.55-15.30': 4, '15.40-17.15': 4}, 1: {'8.00- 9.35': 4, '9.55-11.30': 4, '11.40-13.15': 4, '13.55-15.30': 4, '15.40-17.15': 4}, 2: {'8.00- 9.35': 4, '9.55-11.30': 4, '11.40-13.15': 4, '13.55-15.30': 4, '15.40-17.15': 4}, 3: {'8.00- 9.35': 4, '9.55-11.30': 4, '11.40-13.15': 4, '13.55-15.30': 4, '15.40-17.15': 4}, 4: {'8.00- 9.35': 4, '9.55-11.30': 4, '11.40-13.15': 4, '13.55-15.30': 4, '15.40-17.15': 4}, 5: {'8.00- 9.35': 4, '9.55-11.30': 4, '11.40-13.15': 4, '13.55-15.30': 4, '15.40-17.15': 4}}
2024-10-29 21:42:58,784 - [INFO] - parce_worksheet_excel - Sheet #15 was successfully parsed
2024-10-29 21:42:58,824 - [INFO] - reformat - 
Y: from 9-13 to 133; X: 0, 2; 
2024-10-29 21:42:58,825 - [INFO] - reformat - {'11501123': 4, '11501223': 4, '11502123': 4, '11502223': 4, '11503123': 4, '11505123': 4, '11504123': 4}
2024-10-29 21:42:58,825 - [INFO] - reformat - {0: {'8.00- 9.35': 4, '9.55-11.30': 4, '11.40-13.15': 4, '13.55-15.30': 4, '15.40-17.15': 4}, 1: {'8.00- 9.35': 4, '9.55-11.30': 4, '11.40-13.15': 4, '13.55-15.30': 4, '15.40-17.15': 4}, 2: {'8.00- 9.35': 4, '9.55-11.30': 4, '11.40-13.15': 4, '13.55-15.30': 4, '15.40-17.15': 4}, 3: {'8.00- 9.35': 4, '9.55-11.30': 4, '11.40-13.15': 4, '13.55-15.30': 4, '15.40-17.15': 4}, 4: {'8.00- 9.35': 4, '9.55-11.30': 4, '11.40-13.15': 4, '13.55-15.30': 4, '15.40-17.15': 4}, 5: {'8.00- 9.35': 4, '9.55-11.30': 4, '11.40-13.15': 4, '13.55-15.30': 4, '15.40-17.15': 4}}
2024-10-29 21:42:59,032 - [INFO] - parce_worksheet_excel - Sheet #16 was successfully parsed
2024-10-29 21:42:59,049 - [INFO] - reformat - 
Y: from 8-13 to 129; X: 0, 2; 
2024-10-29 21:42:59,049 - [INFO] - reformat - {'11902123': 4, '11904123': 4}
2024-10-29 21:42:59,049 - [INFO] - reformat - {0: {'12.00-13.35': 4, '13.55-15.30': 4, '15.40-17.15': 4, '17.45-19.20': 4, '19.30-21.05': 4}, 1: {'12.00-13.35': 4, '13.55-15.30': 4, '15.40-17.15': 4, '17.45-19.20': 4, '19.30-21.05': 4}, 2: {'12.00-13.35': 4, '13.55-15.30': 4, '15.40-17.15': 4, '17.45-19.20': 4, '19.30-21.05': 4}, 3: {'12.00-13.35': 4, '13.55-15.30': 4, '15.40-17.15': 4, '17.45-19.20': 4, '19.30-21.05': 4}, 4: {'12.00-13.35': 4, '13.55-15.30': 4, '15.40-17.15': 4, '17.45-19.20': 4, '19.30-21.05': 4}, 5: {'12.00-13.35': 4, '13.55-15.30': 4, '15.40-17.15': 4, '17.45-19.20': 4}}
2024-10-29 21:42:59,087 - [INFO] - parce_worksheet_excel - Sheet #17 was successfully parsed
2024-10-29 21:42:59,087 - [INFO] - main - 


------------------------------------------------

2024-10-29 21:42:59,087 - [INFO] - main - parsing/sheets/34kurs_fitr_1.xls
2024-10-29 21:42:59,137 - [INFO] - parce_workbook_excel - 
----------------------------------
Book /Users/mivanoffka/Documents/Разработка/Python/BNTU_Timetable/parsing/sheets/34kurs_fitr_1.xls
2024-10-29 21:42:59,263 - [INFO] - reformat - 
Y: from 8-10 to 130; X: 9, 2; 
2024-10-29 21:42:59,263 - [INFO] - reformat - {'10701122': 2, '10701222': 2, '10701322': 2}
2024-10-29 21:42:59,263 - [INFO] - reformat - {0: {'12.00-13.15': 4, '13.55-15.30': 4, '15.40-17.15': 4, '17.45-19.20': 4, '19.30-21.05': 4}, 1: {'12.00-13.15': 4, '13.55-15.30': 4, '15.40-17.15': 4, '17.45-19.20': 4, '19.30-21.05': 4}, 2: {'12.00-13.15': 4, '13.55-15.30': 4, '15.40-17.15': 4, '17.45-19.20': 4, '19.30-21.05': 4}, 3: {'12.00-13.15': 4, '13.55-15.30': 4, '15.40-17.15': 4, '17.45-19.20': 4, '19.30-21.05': 4}, 4: {'12.00-13.15': 4, '13.55-15.30': 4, '15.40-17.15': 4, '17.45-19.20': 4, '19.30-21.05': 4}, 5: {'12.00-13.15': 4, '13.55-15.30': 4, '15.40-17.15': 4, '17.45-19.20': 4, '19.30-21.05': 4}}
2024-10-29 21:42:59,295 - [INFO] - parce_worksheet_excel - Sheet #1 was successfully parsed
2024-10-29 21:42:59,320 - [INFO] - reformat - 
Y: from 9-11 to 131; X: 0, 2; 
2024-10-29 21:42:59,320 - [INFO] - reformat - {'10701121': 2, '10701221': 2, '10701321': 2, '10701421': 2}
2024-10-29 21:42:59,321 - [INFO] - reformat - {0: {'12.00-13.15': 4, '13.55-15.30': 4, '15.40-17.15': 4, '17.45-19.20': 4, '19.30-21.05': 4}, 1: {'12.00-13.15': 4, '13.55-15.30': 4, '15.40-17.15': 4, '17.45-19.20': 4, '19.30-21.05': 4}, 2: {'12.00-13.15': 4, '13.55-15.30': 4, '15.40-17.15': 4, '17.45-19.20': 4, '19.30-21.05': 4}, 3: {'12.00-13.15': 4, '13.55-15.30': 4, '15.40-17.15': 4, '17.45-19.20': 4, '19.30-21.05': 4}, 4: {'12.00-13.15': 4, '13.55-15.30': 4, '15.40-17.15': 4, '17.45-19.20': 4, '19.30-21.05': 4}, 5: {'12.00-13.15': 4, '13.55-15.30': 4, '15.40-17.15': 4, '17.45-19.20': 4, '19.30-21.05': 4}}
2024-10-29 21:42:59,376 - [INFO] - parce_worksheet_excel - Sheet #2 was successfully parsed
2024-10-29 21:42:59,376 - [INFO] - main - 


------------------------------------------------

2024-10-29 21:42:59,376 - [INFO] - main - parsing/sheets/34kurs_fitr_2.xls
2024-10-29 21:42:59,424 - [INFO] - parce_workbook_excel - 
----------------------------------
Book /Users/mivanoffka/Documents/Разработка/Python/BNTU_Timetable/parsing/sheets/34kurs_fitr_2.xls
2024-10-29 21:42:59,452 - [INFO] - reformat - 
Y: from 8-10 to 122; X: 0, 2; 
2024-10-29 21:42:59,452 - [INFO] - reformat - {'10702122': 2, '10702222': 2, '10702322': 2, '10702422': 1}
2024-10-29 21:42:59,452 - [INFO] - reformat - {0: {'12.00-13.15': 4, '13.55-15.30': 4, '15.40-17.15': 4, '17.45-19.20': 4, '19.30-21.05': 4}, 1: {'12.00-13.15': 4, '13.55-15.30': 4, '15.40-17.15': 4, '17.45-19.20': 4, '19.30-21.05': 4}, 2: {'12.00-13.15': 4, '13.55-15.30': 4, '15.40-17.15': 4, '17.45-19.20': 4, '19.30-21.05': 4}, 3: {'12.00-13.15': 4, '13.55-15.30': 4, '15.40-17.15': 4, '17.45-19.20': 4, '19.30-21.05': 4}, 4: {'12.00-13.15': 4, '13.55-15.30': 4, '15.40-17.15': 4, '17.45-19.20': 4, '19.30-21.05': 4}, 5: {'12.00-13.15': 4, '13.55-15.30': 4, '15.40-17.15': 4}}
2024-10-29 21:42:59,494 - [INFO] - parce_worksheet_excel - Sheet #1 was successfully parsed
2024-10-29 21:42:59,521 - [INFO] - reformat - 
Y: from 8-10 to 122; X: 0, 2; 
2024-10-29 21:42:59,521 - [INFO] - reformat - {'10702121': 2, '10702221': 2, '10702321': 2, '10702421': 2}
2024-10-29 21:42:59,521 - [INFO] - reformat - {0: {'12.00-13.35': 4, '13.55-15.30': 4, '15.40-17.15': 4, '17.45-19.20': 4, '19.30-21.05': 4}, 1: {'12.00-13.15': 4, '13.55-15.30': 4, '15.40-17.15': 4, '17.45-19.20': 4, '19.30-21.05': 4}, 2: {'12.00-13.35': 4, '13.55-15.30': 4, '15.40-17.15': 4, '17.45-19.20': 4, '19.30-21.05': 4}, 3: {'12.00-13.35': 4, '13.55-15.30': 4, '15.40-17.15': 4, '17.45-19.20': 4, '19.30-21.05': 4}, 4: {'12.00-13.35': 4, '13.55-15.30': 4, '15.40-17.15': 4, '17.45-19.20': 4, '19.30-21.05': 4}, 5: {'9.55-11.30': 4, '12.00-13.35': 4, '13.55-15.30': 4}}
2024-10-29 21:42:59,564 - [INFO] - parce_worksheet_excel - Sheet #2 was successfully parsed
2024-10-29 21:42:59,564 - [INFO] - main - 


------------------------------------------------

2024-10-29 21:42:59,564 - [INFO] - main - parsing/sheets/34kurs_fitr_3.xls
2024-10-29 21:42:59,610 - [INFO] - parce_workbook_excel - 
----------------------------------
Book /Users/mivanoffka/Documents/Разработка/Python/BNTU_Timetable/parsing/sheets/34kurs_fitr_3.xls
2024-10-29 21:42:59,635 - [INFO] - reformat - 
Y: from 6-9 to 149; X: 0, 2; 
2024-10-29 21:42:59,635 - [INFO] - reformat - {'10703122': 4, '10703222': 4, '10706122': 4}
2024-10-29 21:42:59,636 - [INFO] - reformat - {0: {'': 4, '12.00-13.35': 4, '13.55-15.30': 4, '15.40-17.15': 4, '17.45-19.20': 4, '19.30-21.05': 4}, 1: {'': 4, '12.00-13.35': 4, '13.55-15.30': 4, '15.40-17.15': 4, '17.45-19.20': 4, '19.30-21.05': 4}, 2: {'': 4, '12.00-13.35': 4, '13.55-15.30': 4, '15.40-17.15': 4, '17.45-19.20': 4, '19.30-21.05': 4}, 3: {'9.55-11.30': 4, '12.00-13.35': 4, '13.55-15.30': 4, '15.40-17.15': 4, '17.45-19.20': 4, '19.30-21.05': 4}, 4: {'9.55-11.30': 4, '12.00-13.35': 4, '13.55-15.30': 4, '15.40-17.15': 4, '17.45-19.20': 4, '19.30-21.05': 4}, 5: {'': 4, '12.00-13.35': 4, '13.55-15.30': 4, '15.40-17.15': 4, '17.45-19.20': 4}}
2024-10-29 21:42:59,714 - [INFO] - parce_worksheet_excel - Sheet #1 was successfully parsed
2024-10-29 21:42:59,746 - [INFO] - reformat - 
Y: from 6-10 to 110; X: 0, 2; 
2024-10-29 21:42:59,747 - [INFO] - reformat - {'10703121': 4, '10703221': 4, '10706121': 4}
2024-10-29 21:42:59,747 - [INFO] - reformat - {0: {'': 4, '12.00-13.35': 4, '13.55-15.30': 4, '15.40-17.15': 4, '17.45-19.20': 4, '19.30-21.05': 4}, 1: {'': 4, '12.00-13.35': 4, '13.55-15.30': 4, '15.40-17.15': 4, '17.45-19.20': 4, '19.30-21.05': 4}, 2: {'9.55-11.30': 4, '12.00-13.35': 4, '13.55-15.30': 4, '15.40-17.15': 4, '17.45-19.20': 4, '19.30-21.05': 4}, 3: {'8.00-9.35': 4, '9.55-11.30': 4, '12.00-13.35': 4, '13.55-15.30': 4, '15.40-17.15': 4, '17.45-19.20': 4, '19.30-21.05': 4}, 4: None, 5: None}
2024-10-29 21:42:59,844 - [INFO] - parce_worksheet_excel - Sheet #2 was successfully parsed
2024-10-29 21:42:59,844 - [INFO] - main - 


------------------------------------------------

2024-10-29 21:42:59,844 - [INFO] - main - parsing/sheets/34kurs_fitr_4.xls
2024-10-29 21:42:59,877 - [INFO] - parce_workbook_excel - 
----------------------------------
Book /Users/mivanoffka/Documents/Разработка/Python/BNTU_Timetable/parsing/sheets/34kurs_fitr_4.xls
2024-10-29 21:42:59,892 - [INFO] - reformat - 
Y: from 9-13 to 114; X: 0, 2; 
2024-10-29 21:42:59,893 - [INFO] - reformat - {'10705122': 4, '10705222': 4, '10705121': 4, '10705221': 4}
2024-10-29 21:42:59,893 - [INFO] - reformat - {0: {' 12.00-13.35': 4, ' 13.55-15.30': 4, '15.40-17.15': 4, '17.45-19.20': 4, '': 4}, 1: {' 12.00-13.35': 4, ' 13.55-15.30': 4, '15.40-17.15': 4, '17.45-19.20': 4, '': 4}, 2: {' 12.00-13.35': 4, ' 13.55-15.30': 4, '15.40-17.15': 4, '17.45-19.20': 4, '': 1}, 3: {' 12.00-13.35': 4, ' 13.55-15.30': 4, '15.40-17.15': 4, '17.45-19.20': 4}, 4: {' 12.00-13.35': 4, ' 13.55-15.30': 4, '15.40-17.15': 4, '17.45-19.20': 4}, 5: {'8.00-9.35': 4, '9.55-11.30': 4, '11.40-13.15': 4}}
2024-10-29 21:42:59,961 - [INFO] - parce_worksheet_excel - Sheet #1 was successfully parsed
2024-10-29 21:42:59,961 - [INFO] - main - 


------------------------------------------------

2024-10-29 21:42:59,961 - [INFO] - main - parsing/sheets/3kurs_fmmp_1.xls
2024-10-29 21:42:59,967 - [INFO] - download_and_parse - An exception occured while parsing the sheets. 

Unsupported format, or corrupt file: Expected BOF record; found b'<html la'
2024-10-29 21:43:35,647 - [INFO] - mailing_loop - Checking time...
2024-10-29 21:44:35,648 - [INFO] - mailing_loop - Checking time...
2024-10-29 21:45:35,651 - [INFO] - mailing_loop - Checking time...
2024-10-29 21:46:35,653 - [INFO] - mailing_loop - Checking time...
2024-10-29 21:47:35,656 - [INFO] - mailing_loop - Checking time...
2024-10-29 21:48:35,657 - [INFO] - mailing_loop - Checking time...
2024-10-29 21:49:35,659 - [INFO] - mailing_loop - Checking time...
2024-10-29 21:50:35,660 - [INFO] - mailing_loop - Checking time...
2024-10-29 21:51:35,661 - [INFO] - mailing_loop - Checking time...
2024-10-29 21:52:35,663 - [INFO] - mailing_loop - Checking time...
2024-10-29 21:53:35,665 - [INFO] - mailing_loop - Checking time...
2024-10-29 21:54:35,666 - [INFO] - mailing_loop - Checking time...
2024-10-29 21:55:35,667 - [INFO] - mailing_loop - Checking time...
2024-10-29 21:56:35,679 - [INFO] - mailing_loop - Checking time...
2024-10-29 21:57:35,686 - [INFO] - mailing_loop - Checking time...
2024-10-29 21:58:35,687 - [INFO] - mailing_loop - Checking time...
2024-10-29 21:59:35,688 - [INFO] - mailing_loop - Checking time...
2024-10-29 22:00:35,690 - [INFO] - mailing_loop - Checking time...
2024-10-29 22:01:35,691 - [INFO] - mailing_loop - Checking time...
2024-10-29 22:02:35,692 - [INFO] - mailing_loop - Checking time...
2024-10-29 22:03:35,693 - [INFO] - mailing_loop - Checking time...
2024-10-29 22:04:35,694 - [INFO] - mailing_loop - Checking time...
2024-10-29 22:05:35,695 - [INFO] - mailing_loop - Checking time...
2024-10-29 22:06:35,695 - [INFO] - mailing_loop - Checking time...
2024-10-29 22:07:35,698 - [INFO] - mailing_loop - Checking time...
2024-10-29 22:08:35,699 - [INFO] - mailing_loop - Checking time...
2024-10-29 22:09:35,700 - [INFO] - mailing_loop - Checking time...
2024-10-29 22:10:35,701 - [INFO] - mailing_loop - Checking time...
2024-10-29 22:11:35,720 - [INFO] - mailing_loop - Checking time...
2024-10-29 22:12:35,739 - [INFO] - mailing_loop - Checking time...
2024-10-29 22:13:35,741 - [INFO] - mailing_loop - Checking time...
2024-10-29 22:14:35,743 - [INFO] - mailing_loop - Checking time...
2024-10-29 22:15:35,744 - [INFO] - mailing_loop - Checking time...
2024-10-29 22:16:35,748 - [INFO] - mailing_loop - Checking time...
2024-10-29 22:17:35,749 - [INFO] - mailing_loop - Checking time...
2024-10-29 22:18:35,751 - [INFO] - mailing_loop - Checking time...
2024-10-29 22:19:35,753 - [INFO] - mailing_loop - Checking time...
2024-10-29 22:20:35,754 - [INFO] - mailing_loop - Checking time...
2024-10-29 22:21:35,756 - [INFO] - mailing_loop - Checking time...
2024-10-29 22:22:35,757 - [INFO] - mailing_loop - Checking time...
2024-10-29 22:23:35,759 - [INFO] - mailing_loop - Checking time...
2024-10-29 22:24:35,760 - [INFO] - mailing_loop - Checking time...
2024-10-29 22:25:35,762 - [INFO] - mailing_loop - Checking time...
2024-10-29 22:26:35,765 - [INFO] - mailing_loop - Checking time...
2024-10-29 22:27:35,768 - [INFO] - mailing_loop - Checking time...
2024-10-29 22:28:35,770 - [INFO] - mailing_loop - Checking time...
2024-10-29 22:29:35,773 - [INFO] - mailing_loop - Checking time...
2024-10-29 22:30:35,811 - [INFO] - mailing_loop - Checking time...
2024-10-29 22:31:35,814 - [INFO] - mailing_loop - Checking time...
2024-10-29 22:32:35,818 - [INFO] - mailing_loop - Checking time...
2024-10-29 22:33:35,820 - [INFO] - mailing_loop - Checking time...
2024-10-29 22:34:35,824 - [INFO] - mailing_loop - Checking time...
2024-10-29 22:35:35,826 - [INFO] - mailing_loop - Checking time...
2024-10-29 22:36:35,828 - [INFO] - mailing_loop - Checking time...
2024-10-29 22:37:35,831 - [INFO] - mailing_loop - Checking time...
2024-10-29 22:38:35,833 - [INFO] - mailing_loop - Checking time...
2024-10-29 22:39:35,835 - [INFO] - mailing_loop - Checking time...
2024-10-29 22:40:35,838 - [INFO] - mailing_loop - Checking time...
2024-10-29 22:41:35,842 - [INFO] - mailing_loop - Checking time...
2024-10-29 22:42:35,844 - [INFO] - mailing_loop - Checking time...
2024-10-29 22:43:35,848 - [INFO] - mailing_loop - Checking time...
2024-10-29 22:44:35,850 - [INFO] - mailing_loop - Checking time...
2024-10-29 22:45:35,852 - [INFO] - mailing_loop - Checking time...
2024-10-29 22:46:35,855 - [INFO] - mailing_loop - Checking time...
2024-10-29 22:47:35,857 - [INFO] - mailing_loop - Checking time...
2024-10-29 22:48:35,859 - [INFO] - mailing_loop - Checking time...
2024-10-29 22:49:35,861 - [INFO] - mailing_loop - Checking time...
2024-10-29 22:50:35,863 - [INFO] - mailing_loop - Checking time...
2024-10-29 22:51:35,866 - [INFO] - mailing_loop - Checking time...
2024-10-29 22:52:35,868 - [INFO] - mailing_loop - Checking time...
2024-10-29 22:53:35,870 - [INFO] - mailing_loop - Checking time...
2024-10-29 22:54:35,874 - [INFO] - mailing_loop - Checking time...
2024-10-29 22:55:35,877 - [INFO] - mailing_loop - Checking time...
2024-10-29 22:56:35,879 - [INFO] - mailing_loop - Checking time...
2024-10-29 22:57:35,880 - [INFO] - mailing_loop - Checking time...
2024-10-29 22:58:35,885 - [INFO] - mailing_loop - Checking time...
2024-10-29 22:59:35,887 - [INFO] - mailing_loop - Checking time...
2024-10-29 23:00:35,892 - [INFO] - mailing_loop - Checking time...
2024-10-29 23:01:35,896 - [INFO] - mailing_loop - Checking time...
2024-10-29 23:02:35,900 - [INFO] - mailing_loop - Checking time...
2024-10-29 23:03:35,904 - [INFO] - mailing_loop - Checking time...
2024-10-29 23:04:35,907 - [INFO] - mailing_loop - Checking time...
2024-10-29 23:05:35,911 - [INFO] - mailing_loop - Checking time...
2024-10-29 23:06:35,913 - [INFO] - mailing_loop - Checking time...
2024-10-29 23:07:35,915 - [INFO] - mailing_loop - Checking time...
2024-10-29 23:08:35,917 - [INFO] - mailing_loop - Checking time...
2024-10-29 23:09:35,921 - [INFO] - mailing_loop - Checking time...
2024-10-29 23:10:35,923 - [INFO] - mailing_loop - Checking time...
2024-10-29 23:11:35,927 - [INFO] - mailing_loop - Checking time...
2024-10-29 23:12:35,929 - [INFO] - mailing_loop - Checking time...
2024-10-29 23:13:35,932 - [INFO] - mailing_loop - Checking time...
2024-10-29 23:14:35,934 - [INFO] - mailing_loop - Checking time...
2024-10-29 23:15:35,936 - [INFO] - mailing_loop - Checking time...
2024-10-29 23:16:35,938 - [INFO] - mailing_loop - Checking time...
2024-10-29 23:17:35,903 - [INFO] - mailing_loop - Checking time...
2024-10-29 23:18:35,905 - [INFO] - mailing_loop - Checking time...
2024-10-29 23:19:35,907 - [INFO] - mailing_loop - Checking time...
2024-10-29 23:20:35,909 - [INFO] - mailing_loop - Checking time...
2024-10-29 23:21:35,915 - [INFO] - mailing_loop - Checking time...
2024-10-29 23:22:35,916 - [INFO] - mailing_loop - Checking time...
2024-10-29 23:23:35,918 - [INFO] - mailing_loop - Checking time...
2024-10-29 23:24:35,919 - [INFO] - mailing_loop - Checking time...
2024-10-29 23:25:35,921 - [INFO] - mailing_loop - Checking time...
2024-10-29 23:26:35,924 - [INFO] - mailing_loop - Checking time...
2024-10-29 23:27:35,926 - [INFO] - mailing_loop - Checking time...
2024-10-29 23:28:35,929 - [INFO] - mailing_loop - Checking time...
2024-10-29 23:29:35,930 - [INFO] - mailing_loop - Checking time...
2024-10-29 23:30:35,933 - [INFO] - mailing_loop - Checking time...
2024-10-29 23:31:35,935 - [INFO] - mailing_loop - Checking time...
2024-10-29 23:32:35,936 - [INFO] - mailing_loop - Checking time...
2024-10-29 23:33:35,940 - [INFO] - mailing_loop - Checking time...
2024-10-29 23:34:35,942 - [INFO] - mailing_loop - Checking time...
2024-10-29 23:35:35,947 - [INFO] - mailing_loop - Checking time...
2024-10-29 23:36:35,950 - [INFO] - mailing_loop - Checking time...
2024-10-29 23:37:35,952 - [INFO] - mailing_loop - Checking time...
2024-10-29 23:38:35,954 - [INFO] - mailing_loop - Checking time...
2024-10-29 23:39:35,955 - [INFO] - mailing_loop - Checking time...
2024-10-29 23:40:35,957 - [INFO] - mailing_loop - Checking time...
2024-10-29 23:41:35,939 - [INFO] - mailing_loop - Checking time...
2024-10-29 23:42:35,932 - [INFO] - mailing_loop - Checking time...
2024-10-29 23:43:35,933 - [INFO] - mailing_loop - Checking time...
2024-10-29 23:44:35,934 - [INFO] - mailing_loop - Checking time...
2024-10-29 23:45:35,935 - [INFO] - mailing_loop - Checking time...
